[ 2017-07-27T09:35:35+08:00 ] 127.0.0.1 /favicon.ico
INFO: [ app_init ] --START--
INFO: Run Behavior\BuildLiteBehavior [ RunTime:0.001000s ]
INFO: [ app_init ] --END-- [ RunTime:0.001000s ]
ERR: 无法加载模块:Favicon

[ 2017-07-27T09:41:39+08:00 ] 127.0.0.1 /Uploads/gameIcon/thumb/mini_5976e77c40c01.png
INFO: [ app_init ] --START--
INFO: Run Behavior\BuildLiteBehavior [ RunTime:0.000000s ]
INFO: [ app_init ] --END-- [ RunTime:0.001000s ]
ERR: 无法加载模块:Uploads

[ 2017-07-27T09:41:39+08:00 ] 127.0.0.1 /Uploads/gameIcon/thumb/mini_5976e82fd9595.png
INFO: [ app_init ] --START--
INFO: Run Behavior\BuildLiteBehavior [ RunTime:0.000000s ]
INFO: [ app_init ] --END-- [ RunTime:0.001000s ]
ERR: 无法加载模块:Uploads

[ 2017-07-27T09:41:39+08:00 ] 127.0.0.1 /Uploads/gameIcon/thumb/mini_597702e02e95b.png
INFO: [ app_init ] --START--
INFO: Run Behavior\BuildLiteBehavior [ RunTime:0.001000s ]
INFO: [ app_init ] --END-- [ RunTime:0.002000s ]
ERR: 无法加载模块:Uploads

[ 2017-07-27T09:41:39+08:00 ] 127.0.0.1 /Uploads/gameIcon/thumb/mini_597706e39dc2d.jpg
INFO: [ app_init ] --START--
INFO: Run Behavior\BuildLiteBehavior [ RunTime:0.000000s ]
INFO: [ app_init ] --END-- [ RunTime:0.000000s ]
ERR: 无法加载模块:Uploads

[ 2017-07-27T09:41:39+08:00 ] 127.0.0.1 /Uploads/gameIcon/thumb/mini_597707685d401.png
INFO: [ app_init ] --START--
INFO: Run Behavior\BuildLiteBehavior [ RunTime:0.000000s ]
INFO: [ app_init ] --END-- [ RunTime:0.000000s ]
ERR: 无法加载模块:Uploads

[ 2017-07-27T09:41:41+08:00 ] 127.0.0.1 /Uploads/gameIcon/thumb/mini_597702e02e95b.png
INFO: [ app_init ] --START--
INFO: Run Behavior\BuildLiteBehavior [ RunTime:0.000000s ]
INFO: [ app_init ] --END-- [ RunTime:0.000000s ]
ERR: 无法加载模块:Uploads

[ 2017-07-27T09:41:41+08:00 ] 127.0.0.1 /Uploads/gameIcon/thumb/mini_597707685d401.png
INFO: [ app_init ] --START--
INFO: Run Behavior\BuildLiteBehavior [ RunTime:0.000000s ]
INFO: [ app_init ] --END-- [ RunTime:0.000000s ]
ERR: 无法加载模块:Uploads

[ 2017-07-27T09:41:41+08:00 ] 127.0.0.1 /Uploads/gameIcon/thumb/mini_5976e82fd9595.png
INFO: [ app_init ] --START--
INFO: Run Behavior\BuildLiteBehavior [ RunTime:0.000000s ]
INFO: [ app_init ] --END-- [ RunTime:0.000000s ]
ERR: 无法加载模块:Uploads

[ 2017-07-27T09:41:41+08:00 ] 127.0.0.1 /Uploads/gameIcon/thumb/mini_597706e39dc2d.jpg
INFO: [ app_init ] --START--
INFO: Run Behavior\BuildLiteBehavior [ RunTime:0.000000s ]
INFO: [ app_init ] --END-- [ RunTime:0.000000s ]
ERR: 无法加载模块:Uploads

[ 2017-07-27T09:41:41+08:00 ] 127.0.0.1 /Uploads/gameIcon/thumb/mini_5976e77c40c01.png
INFO: [ app_init ] --START--
INFO: Run Behavior\BuildLiteBehavior [ RunTime:0.000000s ]
INFO: [ app_init ] --END-- [ RunTime:0.001000s ]
ERR: 无法加载模块:Uploads

[ 2017-07-27T09:41:48+08:00 ] 127.0.0.1 /Uploads/gameIcon/thumb/mini_597702e02e95b.png
INFO: [ app_init ] --START--
INFO: Run Behavior\BuildLiteBehavior [ RunTime:0.000000s ]
INFO: [ app_init ] --END-- [ RunTime:0.005000s ]
ERR: 无法加载模块:Uploads

[ 2017-07-27T09:41:48+08:00 ] 127.0.0.1 /Uploads/gameIcon/thumb/mini_5976e82fd9595.png
INFO: [ app_init ] --START--
INFO: Run Behavior\BuildLiteBehavior [ RunTime:0.000000s ]
INFO: [ app_init ] --END-- [ RunTime:0.001000s ]
ERR: 无法加载模块:Uploads

[ 2017-07-27T09:41:48+08:00 ] 127.0.0.1 /Uploads/gameIcon/thumb/mini_5976e77c40c01.png
INFO: [ app_init ] --START--
INFO: Run Behavior\BuildLiteBehavior [ RunTime:0.000000s ]
INFO: [ app_init ] --END-- [ RunTime:0.000000s ]
ERR: 无法加载模块:Uploads

[ 2017-07-27T09:41:48+08:00 ] 127.0.0.1 /Uploads/gameIcon/thumb/mini_597707685d401.png
INFO: [ app_init ] --START--
INFO: Run Behavior\BuildLiteBehavior [ RunTime:0.000000s ]
INFO: [ app_init ] --END-- [ RunTime:0.002000s ]
ERR: 无法加载模块:Uploads

[ 2017-07-27T09:41:48+08:00 ] 127.0.0.1 /Uploads/gameIcon/thumb/mini_597706e39dc2d.jpg
INFO: [ app_init ] --START--
INFO: Run Behavior\BuildLiteBehavior [ RunTime:0.000000s ]
INFO: [ app_init ] --END-- [ RunTime:0.000000s ]
ERR: 无法加载模块:Uploads

[ 2017-07-27T09:42:07+08:00 ] 127.0.0.1 /Uploads/gameIcon/thumb/mini_5976e77c40c01.png
INFO: [ app_init ] --START--
INFO: Run Behavior\BuildLiteBehavior [ RunTime:0.000000s ]
INFO: [ app_init ] --END-- [ RunTime:0.000000s ]
ERR: 无法加载模块:Uploads

[ 2017-07-27T09:42:07+08:00 ] 127.0.0.1 /Uploads/gameIcon/thumb/mini_5976e82fd9595.png
INFO: [ app_init ] --START--
INFO: Run Behavior\BuildLiteBehavior [ RunTime:0.000000s ]
INFO: [ app_init ] --END-- [ RunTime:0.001000s ]
ERR: 无法加载模块:Uploads

[ 2017-07-27T09:42:07+08:00 ] 127.0.0.1 /Uploads/gameIcon/thumb/mini_597707685d401.png
INFO: [ app_init ] --START--
INFO: Run Behavior\BuildLiteBehavior [ RunTime:0.001000s ]
INFO: [ app_init ] --END-- [ RunTime:0.002000s ]
ERR: 无法加载模块:Uploads

[ 2017-07-27T09:42:07+08:00 ] 127.0.0.1 /Uploads/gameIcon/thumb/mini_597706e39dc2d.jpg
INFO: [ app_init ] --START--
INFO: Run Behavior\BuildLiteBehavior [ RunTime:0.000000s ]
INFO: [ app_init ] --END-- [ RunTime:0.003000s ]
ERR: 无法加载模块:Uploads

[ 2017-07-27T09:42:07+08:00 ] 127.0.0.1 /Uploads/gameIcon/thumb/mini_597702e02e95b.png
INFO: [ app_init ] --START--
INFO: Run Behavior\BuildLiteBehavior [ RunTime:0.000000s ]
INFO: [ app_init ] --END-- [ RunTime:0.001000s ]
ERR: 无法加载模块:Uploads

[ 2017-07-27T13:58:25+08:00 ] 127.0.0.1 /favicon.ico
INFO: [ app_init ] --START--
INFO: Run Behavior\BuildLiteBehavior [ RunTime:0.000000s ]
INFO: [ app_init ] --END-- [ RunTime:0.001000s ]
ERR: 无法加载模块:Favicon

[ 2017-07-27T14:25:25+08:00 ] 127.0.0.1 /Uploads/gameIcon/thumb/mini_5976e77c40c01.png
INFO: [ app_init ] --START--
INFO: Run Behavior\BuildLiteBehavior [ RunTime:0.000000s ]
INFO: [ app_init ] --END-- [ RunTime:0.000000s ]
ERR: 无法加载模块:Uploads

[ 2017-07-27T14:25:25+08:00 ] 127.0.0.1 /Uploads/gameIcon/thumb/mini_597707685d401.png
INFO: [ app_init ] --START--
INFO: Run Behavior\BuildLiteBehavior [ RunTime:0.000000s ]
INFO: [ app_init ] --END-- [ RunTime:0.001001s ]
ERR: 无法加载模块:Uploads

[ 2017-07-27T14:25:25+08:00 ] 127.0.0.1 /Uploads/gameIcon/thumb/mini_597706e39dc2d.jpg
INFO: [ app_init ] --START--
INFO: Run Behavior\BuildLiteBehavior [ RunTime:0.000000s ]
INFO: [ app_init ] --END-- [ RunTime:0.001000s ]
ERR: 无法加载模块:Uploads

[ 2017-07-27T14:25:25+08:00 ] 127.0.0.1 /Uploads/gameIcon/thumb/mini_597702e02e95b.png
INFO: [ app_init ] --START--
INFO: Run Behavior\BuildLiteBehavior [ RunTime:0.000000s ]
INFO: [ app_init ] --END-- [ RunTime:0.000000s ]
ERR: 无法加载模块:Uploads

[ 2017-07-27T14:25:25+08:00 ] 127.0.0.1 /Uploads/gameIcon/thumb/mini_5976e82fd9595.png
INFO: [ app_init ] --START--
INFO: Run Behavior\BuildLiteBehavior [ RunTime:0.001000s ]
INFO: [ app_init ] --END-- [ RunTime:0.001000s ]
ERR: 无法加载模块:Uploads

[ 2017-07-27T14:25:27+08:00 ] 127.0.0.1 /Uploads/gameIcon/thumb/mini_597702e02e95b.png
INFO: [ app_init ] --START--
INFO: Run Behavior\BuildLiteBehavior [ RunTime:0.000000s ]
INFO: [ app_init ] --END-- [ RunTime:0.001000s ]
ERR: 无法加载模块:Uploads

[ 2017-07-27T14:25:28+08:00 ] 127.0.0.1 /Uploads/gameIcon/thumb/mini_597706e39dc2d.jpg
INFO: [ app_init ] --START--
INFO: Run Behavior\BuildLiteBehavior [ RunTime:0.000000s ]
INFO: [ app_init ] --END-- [ RunTime:0.001000s ]
ERR: 无法加载模块:Uploads

[ 2017-07-27T14:25:28+08:00 ] 127.0.0.1 /Uploads/gameIcon/thumb/mini_5976e82fd9595.png
INFO: [ app_init ] --START--
INFO: Run Behavior\BuildLiteBehavior [ RunTime:0.000000s ]
INFO: [ app_init ] --END-- [ RunTime:0.001000s ]
ERR: 无法加载模块:Uploads

[ 2017-07-27T14:25:28+08:00 ] 127.0.0.1 /Uploads/gameIcon/thumb/mini_597707685d401.png
INFO: [ app_init ] --START--
INFO: Run Behavior\BuildLiteBehavior [ RunTime:0.000000s ]
INFO: [ app_init ] --END-- [ RunTime:0.001000s ]
ERR: 无法加载模块:Uploads

[ 2017-07-27T14:25:28+08:00 ] 127.0.0.1 /Uploads/gameIcon/thumb/mini_5976e77c40c01.png
INFO: [ app_init ] --START--
INFO: Run Behavior\BuildLiteBehavior [ RunTime:0.000000s ]
INFO: [ app_init ] --END-- [ RunTime:0.000000s ]
ERR: 无法加载模块:Uploads

[ 2017-07-27T14:56:07+08:00 ] 127.0.0.1 /Uploads/gameIcon/thumb/mini_597706e39dc2d.jpg
INFO: [ app_init ] --START--
INFO: Run Behavior\BuildLiteBehavior [ RunTime:0.000000s ]
INFO: [ app_init ] --END-- [ RunTime:0.000000s ]
ERR: 无法加载模块:Uploads

[ 2017-07-27T14:56:07+08:00 ] 127.0.0.1 /Uploads/gameIcon/thumb/mini_597707685d401.png
INFO: [ app_init ] --START--
INFO: Run Behavior\BuildLiteBehavior [ RunTime:0.000000s ]
INFO: [ app_init ] --END-- [ RunTime:0.001000s ]
ERR: 无法加载模块:Uploads

[ 2017-07-27T14:56:07+08:00 ] 127.0.0.1 /Uploads/gameIcon/thumb/mini_597702e02e95b.png
INFO: [ app_init ] --START--
INFO: Run Behavior\BuildLiteBehavior [ RunTime:0.000000s ]
INFO: [ app_init ] --END-- [ RunTime:0.001000s ]
ERR: 无法加载模块:Uploads

[ 2017-07-27T14:56:07+08:00 ] 127.0.0.1 /Uploads/gameIcon/thumb/mini_5976e82fd9595.png
INFO: [ app_init ] --START--
INFO: Run Behavior\BuildLiteBehavior [ RunTime:0.000000s ]
INFO: [ app_init ] --END-- [ RunTime:0.001000s ]
ERR: 无法加载模块:Uploads

[ 2017-07-27T14:56:07+08:00 ] 127.0.0.1 /Uploads/gameIcon/thumb/mini_5976e77c40c01.png
INFO: [ app_init ] --START--
INFO: Run Behavior\BuildLiteBehavior [ RunTime:0.000000s ]
INFO: [ app_init ] --END-- [ RunTime:0.000000s ]
ERR: 无法加载模块:Uploads

[ 2017-07-27T15:17:36+08:00 ] 127.0.0.1 /Uploads/gameIcon/thumb/mini_5976e77c40c01.png
INFO: [ app_init ] --START--
INFO: Run Behavior\BuildLiteBehavior [ RunTime:0.000000s ]
INFO: [ app_init ] --END-- [ RunTime:0.001000s ]
ERR: 无法加载模块:Uploads

[ 2017-07-27T15:17:36+08:00 ] 127.0.0.1 /Uploads/gameIcon/thumb/mini_5976e82fd9595.png
INFO: [ app_init ] --START--
INFO: Run Behavior\BuildLiteBehavior [ RunTime:0.000000s ]
INFO: [ app_init ] --END-- [ RunTime:0.001000s ]
ERR: 无法加载模块:Uploads

[ 2017-07-27T15:17:36+08:00 ] 127.0.0.1 /Uploads/gameIcon/thumb/mini_597707685d401.png
INFO: [ app_init ] --START--
INFO: Run Behavior\BuildLiteBehavior [ RunTime:0.000000s ]
INFO: [ app_init ] --END-- [ RunTime:0.000000s ]
ERR: 无法加载模块:Uploads

[ 2017-07-27T15:17:36+08:00 ] 127.0.0.1 /Uploads/gameIcon/thumb/mini_597702e02e95b.png
INFO: [ app_init ] --START--
INFO: Run Behavior\BuildLiteBehavior [ RunTime:0.000000s ]
INFO: [ app_init ] --END-- [ RunTime:0.001000s ]
ERR: 无法加载模块:Uploads

[ 2017-07-27T15:17:36+08:00 ] 127.0.0.1 /Uploads/gameIcon/thumb/mini_597706e39dc2d.jpg
INFO: [ app_init ] --START--
INFO: Run Behavior\BuildLiteBehavior [ RunTime:0.000000s ]
INFO: [ app_init ] --END-- [ RunTime:0.000000s ]
ERR: 无法加载模块:Uploads

[ 2017-07-27T15:17:48+08:00 ] 127.0.0.1 /Uploads/gameIcon/thumb/mini_5976e77c40c01.png
INFO: [ app_init ] --START--
INFO: Run Behavior\BuildLiteBehavior [ RunTime:0.000000s ]
INFO: [ app_init ] --END-- [ RunTime:0.000000s ]
ERR: 无法加载模块:Uploads

[ 2017-07-27T15:17:48+08:00 ] 127.0.0.1 /Uploads/gameIcon/thumb/mini_5976e82fd9595.png
INFO: [ app_init ] --START--
INFO: Run Behavior\BuildLiteBehavior [ RunTime:0.000000s ]
INFO: [ app_init ] --END-- [ RunTime:0.001000s ]
ERR: 无法加载模块:Uploads

[ 2017-07-27T15:17:48+08:00 ] 127.0.0.1 /Uploads/gameIcon/thumb/mini_597707685d401.png
INFO: [ app_init ] --START--
INFO: Run Behavior\BuildLiteBehavior [ RunTime:0.000000s ]
INFO: [ app_init ] --END-- [ RunTime:0.001000s ]
ERR: 无法加载模块:Uploads

[ 2017-07-27T15:17:48+08:00 ] 127.0.0.1 /Uploads/gameIcon/thumb/mini_597706e39dc2d.jpg
INFO: [ app_init ] --START--
INFO: Run Behavior\BuildLiteBehavior [ RunTime:0.000000s ]
INFO: [ app_init ] --END-- [ RunTime:0.011001s ]
ERR: 无法加载模块:Uploads

[ 2017-07-27T15:17:48+08:00 ] 127.0.0.1 /Uploads/gameIcon/thumb/mini_597702e02e95b.png
INFO: [ app_init ] --START--
INFO: Run Behavior\BuildLiteBehavior [ RunTime:0.000000s ]
INFO: [ app_init ] --END-- [ RunTime:0.001000s ]
ERR: 无法加载模块:Uploads

[ 2017-07-27T15:18:13+08:00 ] 127.0.0.1 /Uploads/gameIcon/thumb/mini_5976e77c40c01.png
INFO: [ app_init ] --START--
INFO: Run Behavior\BuildLiteBehavior [ RunTime:0.000000s ]
INFO: [ app_init ] --END-- [ RunTime:0.001000s ]
ERR: 无法加载模块:Uploads

[ 2017-07-27T15:18:13+08:00 ] 127.0.0.1 /Uploads/gameIcon/thumb/mini_5976e82fd9595.png
INFO: [ app_init ] --START--
INFO: Run Behavior\BuildLiteBehavior [ RunTime:0.000000s ]
INFO: [ app_init ] --END-- [ RunTime:0.000000s ]
ERR: 无法加载模块:Uploads

[ 2017-07-27T15:18:13+08:00 ] 127.0.0.1 /Uploads/gameIcon/thumb/mini_597706e39dc2d.jpg
INFO: [ app_init ] --START--
INFO: Run Behavior\BuildLiteBehavior [ RunTime:0.000000s ]
INFO: [ app_init ] --END-- [ RunTime:0.004000s ]
ERR: 无法加载模块:Uploads

[ 2017-07-27T15:18:13+08:00 ] 127.0.0.1 /Uploads/gameIcon/thumb/mini_597702e02e95b.png
INFO: [ app_init ] --START--
INFO: Run Behavior\BuildLiteBehavior [ RunTime:0.001000s ]
INFO: [ app_init ] --END-- [ RunTime:0.001000s ]
ERR: 无法加载模块:Uploads

[ 2017-07-27T15:18:13+08:00 ] 127.0.0.1 /Uploads/gameIcon/thumb/mini_597707685d401.png
INFO: [ app_init ] --START--
INFO: Run Behavior\BuildLiteBehavior [ RunTime:0.000000s ]
INFO: [ app_init ] --END-- [ RunTime:0.001000s ]
ERR: 无法加载模块:Uploads

[ 2017-07-27T15:18:58+08:00 ] 127.0.0.1 /Uploads/gameIcon/thumb/mini_597993b440a31.jpg
INFO: [ app_init ] --START--
INFO: Run Behavior\BuildLiteBehavior [ RunTime:0.000000s ]
INFO: [ app_init ] --END-- [ RunTime:0.000000s ]
ERR: 无法加载模块:Uploads

[ 2017-07-27T15:18:58+08:00 ] 127.0.0.1 /Uploads/gameIcon/thumb/mini_5976e77c40c01.png
INFO: [ app_init ] --START--
INFO: Run Behavior\BuildLiteBehavior [ RunTime:0.000000s ]
INFO: [ app_init ] --END-- [ RunTime:0.000000s ]
ERR: 无法加载模块:Uploads

[ 2017-07-27T15:18:58+08:00 ] 127.0.0.1 /Uploads/gameIcon/thumb/mini_597706e39dc2d.jpg
INFO: [ app_init ] --START--
INFO: Run Behavior\BuildLiteBehavior [ RunTime:0.000000s ]
INFO: [ app_init ] --END-- [ RunTime:0.001000s ]
ERR: 无法加载模块:Uploads

[ 2017-07-27T15:18:58+08:00 ] 127.0.0.1 /Uploads/gameIcon/thumb/mini_5976e82fd9595.png
INFO: [ app_init ] --START--
INFO: Run Behavior\BuildLiteBehavior [ RunTime:0.000000s ]
INFO: [ app_init ] --END-- [ RunTime:0.000000s ]
ERR: 无法加载模块:Uploads

[ 2017-07-27T15:18:58+08:00 ] 127.0.0.1 /Uploads/gameIcon/thumb/mini_597707685d401.png
INFO: [ app_init ] --START--
INFO: Run Behavior\BuildLiteBehavior [ RunTime:0.000000s ]
INFO: [ app_init ] --END-- [ RunTime:0.001000s ]
ERR: 无法加载模块:Uploads

[ 2017-07-27T15:18:58+08:00 ] 127.0.0.1 /Uploads/gameIcon/thumb/mini_597702e02e95b.png
INFO: [ app_init ] --START--
INFO: Run Behavior\BuildLiteBehavior [ RunTime:0.000000s ]
INFO: [ app_init ] --END-- [ RunTime:0.000000s ]
ERR: 无法加载模块:Uploads

[ 2017-07-27T15:19:03+08:00 ] 127.0.0.1 /Uploads/gameIcon/thumb/mini_597993b440a31.jpg
INFO: [ app_init ] --START--
INFO: Run Behavior\BuildLiteBehavior [ RunTime:0.000000s ]
INFO: [ app_init ] --END-- [ RunTime:0.001000s ]
ERR: 无法加载模块:Uploads

[ 2017-07-27T15:19:10+08:00 ] 127.0.0.1 /Uploads/gameIcon/thumb/mini_5976e82fd9595.png
INFO: [ app_init ] --START--
INFO: Run Behavior\BuildLiteBehavior [ RunTime:0.000000s ]
INFO: [ app_init ] --END-- [ RunTime:0.000000s ]
ERR: 无法加载模块:Uploads

[ 2017-07-27T15:19:10+08:00 ] 127.0.0.1 /Uploads/gameIcon/thumb/mini_5976e77c40c01.png
INFO: [ app_init ] --START--
INFO: Run Behavior\BuildLiteBehavior [ RunTime:0.000000s ]
INFO: [ app_init ] --END-- [ RunTime:0.001000s ]
ERR: 无法加载模块:Uploads

[ 2017-07-27T15:19:10+08:00 ] 127.0.0.1 /Uploads/gameIcon/thumb/mini_597702e02e95b.png
INFO: [ app_init ] --START--
INFO: Run Behavior\BuildLiteBehavior [ RunTime:0.000000s ]
INFO: [ app_init ] --END-- [ RunTime:0.005001s ]
ERR: 无法加载模块:Uploads

[ 2017-07-27T15:19:10+08:00 ] 127.0.0.1 /Uploads/gameIcon/thumb/mini_597707685d401.png
INFO: [ app_init ] --START--
INFO: Run Behavior\BuildLiteBehavior [ RunTime:0.000000s ]
INFO: [ app_init ] --END-- [ RunTime:0.000000s ]
ERR: 无法加载模块:Uploads

[ 2017-07-27T15:19:10+08:00 ] 127.0.0.1 /Uploads/gameIcon/thumb/mini_597706e39dc2d.jpg
INFO: [ app_init ] --START--
INFO: Run Behavior\BuildLiteBehavior [ RunTime:0.000000s ]
INFO: [ app_init ] --END-- [ RunTime:0.000000s ]
ERR: 无法加载模块:Uploads

[ 2017-07-27T15:19:26+08:00 ] 127.0.0.1 /Uploads/gameIcon/thumb/mini_5976e77c40c01.png
INFO: [ app_init ] --START--
INFO: Run Behavior\BuildLiteBehavior [ RunTime:0.000000s ]
INFO: [ app_init ] --END-- [ RunTime:0.001000s ]
ERR: 无法加载模块:Uploads

[ 2017-07-27T15:19:26+08:00 ] 127.0.0.1 /Uploads/gameIcon/thumb/mini_5976e82fd9595.png
INFO: [ app_init ] --START--
INFO: Run Behavior\BuildLiteBehavior [ RunTime:0.000000s ]
INFO: [ app_init ] --END-- [ RunTime:0.001000s ]
ERR: 无法加载模块:Uploads

[ 2017-07-27T15:19:26+08:00 ] 127.0.0.1 /Uploads/gameIcon/thumb/mini_597702e02e95b.png
INFO: [ app_init ] --START--
INFO: Run Behavior\BuildLiteBehavior [ RunTime:0.000000s ]
INFO: [ app_init ] --END-- [ RunTime:0.001000s ]
ERR: 无法加载模块:Uploads

[ 2017-07-27T15:19:26+08:00 ] 127.0.0.1 /Uploads/gameIcon/thumb/mini_597706e39dc2d.jpg
INFO: [ app_init ] --START--
INFO: Run Behavior\BuildLiteBehavior [ RunTime:0.000000s ]
INFO: [ app_init ] --END-- [ RunTime:0.000000s ]
ERR: 无法加载模块:Uploads

[ 2017-07-27T15:19:26+08:00 ] 127.0.0.1 /Uploads/gameIcon/thumb/mini_597707685d401.png
INFO: [ app_init ] --START--
INFO: Run Behavior\BuildLiteBehavior [ RunTime:0.000000s ]
INFO: [ app_init ] --END-- [ RunTime:0.001000s ]
ERR: 无法加载模块:Uploads

[ 2017-07-27T15:20:03+08:00 ] 127.0.0.1 /Uploads/gameIcon/thumb/mini_597706e39dc2d.jpg
INFO: [ app_init ] --START--
INFO: Run Behavior\BuildLiteBehavior [ RunTime:0.000000s ]
INFO: [ app_init ] --END-- [ RunTime:0.001000s ]
ERR: 无法加载模块:Uploads

[ 2017-07-27T15:20:03+08:00 ] 127.0.0.1 /Uploads/gameIcon/thumb/mini_597707685d401.png
INFO: [ app_init ] --START--
INFO: Run Behavior\BuildLiteBehavior [ RunTime:0.000000s ]
INFO: [ app_init ] --END-- [ RunTime:0.000000s ]
ERR: 无法加载模块:Uploads

[ 2017-07-27T15:20:03+08:00 ] 127.0.0.1 /Uploads/gameIcon/thumb/mini_597702e02e95b.png
INFO: [ app_init ] --START--
INFO: Run Behavior\BuildLiteBehavior [ RunTime:0.000000s ]
INFO: [ app_init ] --END-- [ RunTime:0.000000s ]
ERR: 无法加载模块:Uploads

[ 2017-07-27T15:20:03+08:00 ] 127.0.0.1 /Uploads/gameIcon/thumb/mini_5976e82fd9595.png
INFO: [ app_init ] --START--
INFO: Run Behavior\BuildLiteBehavior [ RunTime:0.000000s ]
INFO: [ app_init ] --END-- [ RunTime:0.000000s ]
ERR: 无法加载模块:Uploads

[ 2017-07-27T15:20:03+08:00 ] 127.0.0.1 /Uploads/gameIcon/thumb/mini_5976e77c40c01.png
INFO: [ app_init ] --START--
INFO: Run Behavior\BuildLiteBehavior [ RunTime:0.000000s ]
INFO: [ app_init ] --END-- [ RunTime:0.000000s ]
ERR: 无法加载模块:Uploads

[ 2017-07-27T15:25:42+08:00 ] 127.0.0.1 /Uploads/gameIcon/thumb/mini_597706e39dc2d.jpg
INFO: [ app_init ] --START--
INFO: Run Behavior\BuildLiteBehavior [ RunTime:0.000000s ]
INFO: [ app_init ] --END-- [ RunTime:0.000000s ]
ERR: 无法加载模块:Uploads

[ 2017-07-27T15:25:42+08:00 ] 127.0.0.1 /Uploads/gameIcon/thumb/mini_597702e02e95b.png
INFO: [ app_init ] --START--
INFO: Run Behavior\BuildLiteBehavior [ RunTime:0.000000s ]
INFO: [ app_init ] --END-- [ RunTime:0.001000s ]
ERR: 无法加载模块:Uploads

[ 2017-07-27T15:25:42+08:00 ] 127.0.0.1 /Uploads/gameIcon/thumb/mini_5976e77c40c01.png
INFO: [ app_init ] --START--
INFO: Run Behavior\BuildLiteBehavior [ RunTime:0.000000s ]
INFO: [ app_init ] --END-- [ RunTime:0.001000s ]
ERR: 无法加载模块:Uploads

[ 2017-07-27T15:25:42+08:00 ] 127.0.0.1 /Uploads/gameIcon/thumb/mini_5976e82fd9595.png
INFO: [ app_init ] --START--
INFO: Run Behavior\BuildLiteBehavior [ RunTime:0.000000s ]
INFO: [ app_init ] --END-- [ RunTime:0.001000s ]
ERR: 无法加载模块:Uploads

[ 2017-07-27T15:25:42+08:00 ] 127.0.0.1 /Uploads/gameIcon/thumb/mini_597707685d401.png
INFO: [ app_init ] --START--
INFO: Run Behavior\BuildLiteBehavior [ RunTime:0.000000s ]
INFO: [ app_init ] --END-- [ RunTime:0.000000s ]
ERR: 无法加载模块:Uploads

[ 2017-07-27T15:25:44+08:00 ] 127.0.0.1 /Uploads/gameIcon/thumb/mini_597702e02e95b.png
INFO: [ app_init ] --START--
INFO: Run Behavior\BuildLiteBehavior [ RunTime:0.000000s ]
INFO: [ app_init ] --END-- [ RunTime:0.001000s ]
ERR: 无法加载模块:Uploads

[ 2017-07-27T15:25:44+08:00 ] 127.0.0.1 /Uploads/gameIcon/thumb/mini_5976e82fd9595.png
INFO: [ app_init ] --START--
INFO: Run Behavior\BuildLiteBehavior [ RunTime:0.000000s ]
INFO: [ app_init ] --END-- [ RunTime:0.001000s ]
ERR: 无法加载模块:Uploads

[ 2017-07-27T15:25:44+08:00 ] 127.0.0.1 /Uploads/gameIcon/thumb/mini_597707685d401.png
INFO: [ app_init ] --START--
INFO: Run Behavior\BuildLiteBehavior [ RunTime:0.000000s ]
INFO: [ app_init ] --END-- [ RunTime:0.003000s ]
ERR: 无法加载模块:Uploads

[ 2017-07-27T15:25:44+08:00 ] 127.0.0.1 /Uploads/gameIcon/thumb/mini_597706e39dc2d.jpg
INFO: [ app_init ] --START--
INFO: Run Behavior\BuildLiteBehavior [ RunTime:0.000000s ]
INFO: [ app_init ] --END-- [ RunTime:0.001000s ]
ERR: 无法加载模块:Uploads

[ 2017-07-27T15:25:44+08:00 ] 127.0.0.1 /Uploads/gameIcon/thumb/mini_5976e77c40c01.png
INFO: [ app_init ] --START--
INFO: Run Behavior\BuildLiteBehavior [ RunTime:0.000000s ]
INFO: [ app_init ] --END-- [ RunTime:0.000000s ]
ERR: 无法加载模块:Uploads

[ 2017-07-27T15:26:24+08:00 ] 127.0.0.1 /Uploads/gameIcon/thumb/mini_5976e82fd9595.png
INFO: [ app_init ] --START--
INFO: Run Behavior\BuildLiteBehavior [ RunTime:0.000000s ]
INFO: [ app_init ] --END-- [ RunTime:0.000000s ]
ERR: 无法加载模块:Uploads

[ 2017-07-27T15:26:24+08:00 ] 127.0.0.1 /Uploads/gameIcon/thumb/mini_597707685d401.png
INFO: [ app_init ] --START--
INFO: Run Behavior\BuildLiteBehavior [ RunTime:0.000000s ]
INFO: [ app_init ] --END-- [ RunTime:0.001000s ]
ERR: 无法加载模块:Uploads

[ 2017-07-27T15:26:24+08:00 ] 127.0.0.1 /Uploads/gameIcon/thumb/mini_597702e02e95b.png
INFO: [ app_init ] --START--
INFO: Run Behavior\BuildLiteBehavior [ RunTime:0.000000s ]
INFO: [ app_init ] --END-- [ RunTime:0.000000s ]
ERR: 无法加载模块:Uploads

[ 2017-07-27T15:26:24+08:00 ] 127.0.0.1 /Uploads/gameIcon/thumb/mini_5976e77c40c01.png
INFO: [ app_init ] --START--
INFO: Run Behavior\BuildLiteBehavior [ RunTime:0.000000s ]
INFO: [ app_init ] --END-- [ RunTime:0.000000s ]
ERR: 无法加载模块:Uploads

[ 2017-07-27T15:26:24+08:00 ] 127.0.0.1 /Uploads/gameIcon/thumb/mini_597706e39dc2d.jpg
INFO: [ app_init ] --START--
INFO: Run Behavior\BuildLiteBehavior [ RunTime:0.000000s ]
INFO: [ app_init ] --END-- [ RunTime:0.000000s ]
ERR: 无法加载模块:Uploads

[ 2017-07-27T15:26:25+08:00 ] 127.0.0.1 /Uploads/gameIcon/thumb/mini_597702e02e95b.png
INFO: [ app_init ] --START--
INFO: Run Behavior\BuildLiteBehavior [ RunTime:0.000000s ]
INFO: [ app_init ] --END-- [ RunTime:0.001000s ]
ERR: 无法加载模块:Uploads

[ 2017-07-27T15:26:25+08:00 ] 127.0.0.1 /Uploads/gameIcon/thumb/mini_597707685d401.png
INFO: [ app_init ] --START--
INFO: Run Behavior\BuildLiteBehavior [ RunTime:0.000000s ]
INFO: [ app_init ] --END-- [ RunTime:0.001001s ]
ERR: 无法加载模块:Uploads

[ 2017-07-27T15:26:25+08:00 ] 127.0.0.1 /Uploads/gameIcon/thumb/mini_597706e39dc2d.jpg
INFO: [ app_init ] --START--
INFO: Run Behavior\BuildLiteBehavior [ RunTime:0.000000s ]
INFO: [ app_init ] --END-- [ RunTime:0.001000s ]
ERR: 无法加载模块:Uploads

[ 2017-07-27T15:26:25+08:00 ] 127.0.0.1 /Uploads/gameIcon/thumb/mini_5976e77c40c01.png
INFO: [ app_init ] --START--
INFO: Run Behavior\BuildLiteBehavior [ RunTime:0.000000s ]
INFO: [ app_init ] --END-- [ RunTime:0.000000s ]
ERR: 无法加载模块:Uploads

[ 2017-07-27T15:26:25+08:00 ] 127.0.0.1 /Uploads/gameIcon/thumb/mini_5976e82fd9595.png
INFO: [ app_init ] --START--
INFO: Run Behavior\BuildLiteBehavior [ RunTime:0.000000s ]
INFO: [ app_init ] --END-- [ RunTime:0.000000s ]
ERR: 无法加载模块:Uploads

[ 2017-07-27T15:26:30+08:00 ] 127.0.0.1 /Uploads/gameIcon/thumb/mini_597707685d401.png
INFO: [ app_init ] --START--
INFO: Run Behavior\BuildLiteBehavior [ RunTime:0.000000s ]
INFO: [ app_init ] --END-- [ RunTime:0.002000s ]
ERR: 无法加载模块:Uploads

[ 2017-07-27T15:26:30+08:00 ] 127.0.0.1 /Uploads/gameIcon/thumb/mini_5976e82fd9595.png
INFO: [ app_init ] --START--
INFO: Run Behavior\BuildLiteBehavior [ RunTime:0.000000s ]
INFO: [ app_init ] --END-- [ RunTime:0.001000s ]
ERR: 无法加载模块:Uploads

[ 2017-07-27T15:26:30+08:00 ] 127.0.0.1 /Uploads/gameIcon/thumb/mini_5976e77c40c01.png
INFO: [ app_init ] --START--
INFO: Run Behavior\BuildLiteBehavior [ RunTime:0.000000s ]
INFO: [ app_init ] --END-- [ RunTime:0.000000s ]
ERR: 无法加载模块:Uploads

[ 2017-07-27T15:26:30+08:00 ] 127.0.0.1 /Uploads/gameIcon/thumb/mini_597702e02e95b.png
INFO: [ app_init ] --START--
INFO: Run Behavior\BuildLiteBehavior [ RunTime:0.000000s ]
INFO: [ app_init ] --END-- [ RunTime:0.000000s ]
ERR: 无法加载模块:Uploads

[ 2017-07-27T15:26:30+08:00 ] 127.0.0.1 /Uploads/gameIcon/thumb/mini_597706e39dc2d.jpg
INFO: [ app_init ] --START--
INFO: Run Behavior\BuildLiteBehavior [ RunTime:0.000000s ]
INFO: [ app_init ] --END-- [ RunTime:0.001000s ]
ERR: 无法加载模块:Uploads

[ 2017-07-27T15:26:32+08:00 ] 127.0.0.1 /Uploads/gameIcon/thumb/mini_597706e39dc2d.jpg
INFO: [ app_init ] --START--
INFO: Run Behavior\BuildLiteBehavior [ RunTime:0.000000s ]
INFO: [ app_init ] --END-- [ RunTime:0.000000s ]
ERR: 无法加载模块:Uploads

[ 2017-07-27T15:26:32+08:00 ] 127.0.0.1 /Uploads/gameIcon/thumb/mini_5976e82fd9595.png
INFO: [ app_init ] --START--
INFO: Run Behavior\BuildLiteBehavior [ RunTime:0.000000s ]
INFO: [ app_init ] --END-- [ RunTime:0.000000s ]
ERR: 无法加载模块:Uploads

[ 2017-07-27T15:26:32+08:00 ] 127.0.0.1 /Uploads/gameIcon/thumb/mini_5976e77c40c01.png
INFO: [ app_init ] --START--
INFO: Run Behavior\BuildLiteBehavior [ RunTime:0.000000s ]
INFO: [ app_init ] --END-- [ RunTime:0.000000s ]
ERR: 无法加载模块:Uploads

[ 2017-07-27T15:26:32+08:00 ] 127.0.0.1 /Uploads/gameIcon/thumb/mini_597707685d401.png
INFO: [ app_init ] --START--
INFO: Run Behavior\BuildLiteBehavior [ RunTime:0.000000s ]
INFO: [ app_init ] --END-- [ RunTime:0.000000s ]
ERR: 无法加载模块:Uploads

[ 2017-07-27T15:26:32+08:00 ] 127.0.0.1 /Uploads/gameIcon/thumb/mini_597702e02e95b.png
INFO: [ app_init ] --START--
INFO: Run Behavior\BuildLiteBehavior [ RunTime:0.000000s ]
INFO: [ app_init ] --END-- [ RunTime:0.001000s ]
ERR: 无法加载模块:Uploads

[ 2017-07-27T15:35:54+08:00 ] 127.0.0.1 /Uploads/gameIcon/thumb/mini_597993fd45902.jpg
INFO: [ app_init ] --START--
INFO: Run Behavior\BuildLiteBehavior [ RunTime:0.000000s ]
INFO: [ app_init ] --END-- [ RunTime:0.001000s ]
ERR: 无法加载模块:Uploads

[ 2017-07-27T15:35:54+08:00 ] 127.0.0.1 /Uploads/gameIcon/thumb/mini_5976e77c40c01.png
INFO: [ app_init ] --START--
INFO: Run Behavior\BuildLiteBehavior [ RunTime:0.001000s ]
INFO: [ app_init ] --END-- [ RunTime:0.001000s ]
ERR: 无法加载模块:Uploads

[ 2017-07-27T15:35:54+08:00 ] 127.0.0.1 /Uploads/gameIcon/thumb/mini_597702e02e95b.png
INFO: [ app_init ] --START--
INFO: Run Behavior\BuildLiteBehavior [ RunTime:0.001000s ]
INFO: [ app_init ] --END-- [ RunTime:0.007000s ]
ERR: 无法加载模块:Uploads

[ 2017-07-27T15:35:54+08:00 ] 127.0.0.1 /Uploads/gameIcon/thumb/mini_5976e82fd9595.png
INFO: [ app_init ] --START--
INFO: Run Behavior\BuildLiteBehavior [ RunTime:0.000000s ]
INFO: [ app_init ] --END-- [ RunTime:0.001000s ]
ERR: 无法加载模块:Uploads

[ 2017-07-27T15:35:54+08:00 ] 127.0.0.1 /Uploads/gameIcon/thumb/mini_597707685d401.png
INFO: [ app_init ] --START--
INFO: Run Behavior\BuildLiteBehavior [ RunTime:0.000000s ]
INFO: [ app_init ] --END-- [ RunTime:0.000000s ]
ERR: 无法加载模块:Uploads

[ 2017-07-27T15:35:54+08:00 ] 127.0.0.1 /Uploads/gameIcon/thumb/mini_597706e39dc2d.jpg
INFO: [ app_init ] --START--
INFO: Run Behavior\BuildLiteBehavior [ RunTime:0.000000s ]
INFO: [ app_init ] --END-- [ RunTime:0.002000s ]
ERR: 无法加载模块:Uploads

[ 2017-07-27T15:35:56+08:00 ] 127.0.0.1 /Uploads/gameIcon/thumb/mini_5976e77c40c01.png
INFO: [ app_init ] --START--
INFO: Run Behavior\BuildLiteBehavior [ RunTime:0.000000s ]
INFO: [ app_init ] --END-- [ RunTime:0.000000s ]
ERR: 无法加载模块:Uploads

[ 2017-07-27T15:35:56+08:00 ] 127.0.0.1 /Uploads/gameIcon/thumb/mini_5976e82fd9595.png
INFO: [ app_init ] --START--
INFO: Run Behavior\BuildLiteBehavior [ RunTime:0.000000s ]
INFO: [ app_init ] --END-- [ RunTime:0.000000s ]
ERR: 无法加载模块:Uploads

[ 2017-07-27T15:35:56+08:00 ] 127.0.0.1 /Uploads/gameIcon/thumb/mini_597702e02e95b.png
INFO: [ app_init ] --START--
INFO: Run Behavior\BuildLiteBehavior [ RunTime:0.000000s ]
INFO: [ app_init ] --END-- [ RunTime:0.000000s ]
ERR: 无法加载模块:Uploads

[ 2017-07-27T15:35:56+08:00 ] 127.0.0.1 /Uploads/gameIcon/thumb/mini_597706e39dc2d.jpg
INFO: [ app_init ] --START--
INFO: Run Behavior\BuildLiteBehavior [ RunTime:0.000000s ]
INFO: [ app_init ] --END-- [ RunTime:0.001000s ]
ERR: 无法加载模块:Uploads

[ 2017-07-27T15:35:56+08:00 ] 127.0.0.1 /Uploads/gameIcon/thumb/mini_597993fd45902.jpg
INFO: [ app_init ] --START--
INFO: Run Behavior\BuildLiteBehavior [ RunTime:0.000000s ]
INFO: [ app_init ] --END-- [ RunTime:0.000000s ]
ERR: 无法加载模块:Uploads

[ 2017-07-27T15:35:56+08:00 ] 127.0.0.1 /Uploads/gameIcon/thumb/mini_597707685d401.png
INFO: [ app_init ] --START--
INFO: Run Behavior\BuildLiteBehavior [ RunTime:0.000000s ]
INFO: [ app_init ] --END-- [ RunTime:0.000000s ]
ERR: 无法加载模块:Uploads

[ 2017-07-27T15:35:57+08:00 ] 127.0.0.1 /Uploads/gameIcon/thumb/mini_597993fd45902.jpg
INFO: [ app_init ] --START--
INFO: Run Behavior\BuildLiteBehavior [ RunTime:0.000000s ]
INFO: [ app_init ] --END-- [ RunTime:0.001000s ]
ERR: 无法加载模块:Uploads

[ 2017-07-27T15:36:08+08:00 ] 127.0.0.1 /Uploads/gameIcon/thumb/mini_597706e39dc2d.jpg
INFO: [ app_init ] --START--
INFO: Run Behavior\BuildLiteBehavior [ RunTime:0.000000s ]
INFO: [ app_init ] --END-- [ RunTime:0.002000s ]
ERR: 无法加载模块:Uploads

[ 2017-07-27T15:36:08+08:00 ] 127.0.0.1 /Uploads/gameIcon/thumb/mini_597702e02e95b.png
INFO: [ app_init ] --START--
INFO: Run Behavior\BuildLiteBehavior [ RunTime:0.000000s ]
INFO: [ app_init ] --END-- [ RunTime:0.002000s ]
ERR: 无法加载模块:Uploads

[ 2017-07-27T15:36:08+08:00 ] 127.0.0.1 /Uploads/gameIcon/thumb/mini_5976e82fd9595.png
INFO: [ app_init ] --START--
INFO: Run Behavior\BuildLiteBehavior [ RunTime:0.000000s ]
INFO: [ app_init ] --END-- [ RunTime:0.000000s ]
ERR: 无法加载模块:Uploads

[ 2017-07-27T15:36:08+08:00 ] 127.0.0.1 /Uploads/gameIcon/thumb/mini_597707685d401.png
INFO: [ app_init ] --START--
INFO: Run Behavior\BuildLiteBehavior [ RunTime:0.000000s ]
INFO: [ app_init ] --END-- [ RunTime:0.001000s ]
ERR: 无法加载模块:Uploads

[ 2017-07-27T15:36:08+08:00 ] 127.0.0.1 /Uploads/gameIcon/thumb/mini_5976e77c40c01.png
INFO: [ app_init ] --START--
INFO: Run Behavior\BuildLiteBehavior [ RunTime:0.000000s ]
INFO: [ app_init ] --END-- [ RunTime:0.001000s ]
ERR: 无法加载模块:Uploads

[ 2017-07-27T15:36:21+08:00 ] 127.0.0.1 /Uploads/gameIcon/thumb/mini_597706e39dc2d.jpg
INFO: [ app_init ] --START--
INFO: Run Behavior\BuildLiteBehavior [ RunTime:0.000000s ]
INFO: [ app_init ] --END-- [ RunTime:0.000000s ]
ERR: 无法加载模块:Uploads

[ 2017-07-27T15:36:21+08:00 ] 127.0.0.1 /Uploads/gameIcon/thumb/mini_597702e02e95b.png
INFO: [ app_init ] --START--
INFO: Run Behavior\BuildLiteBehavior [ RunTime:0.000000s ]
INFO: [ app_init ] --END-- [ RunTime:0.001000s ]
ERR: 无法加载模块:Uploads

[ 2017-07-27T15:36:21+08:00 ] 127.0.0.1 /Uploads/gameIcon/thumb/mini_5976e82fd9595.png
INFO: [ app_init ] --START--
INFO: Run Behavior\BuildLiteBehavior [ RunTime:0.000000s ]
INFO: [ app_init ] --END-- [ RunTime:0.002000s ]
ERR: 无法加载模块:Uploads

[ 2017-07-27T15:36:21+08:00 ] 127.0.0.1 /Uploads/gameIcon/thumb/mini_5976e77c40c01.png
INFO: [ app_init ] --START--
INFO: Run Behavior\BuildLiteBehavior [ RunTime:0.000000s ]
INFO: [ app_init ] --END-- [ RunTime:0.001001s ]
ERR: 无法加载模块:Uploads

[ 2017-07-27T15:36:21+08:00 ] 127.0.0.1 /Uploads/gameIcon/thumb/mini_597707685d401.png
INFO: [ app_init ] --START--
INFO: Run Behavior\BuildLiteBehavior [ RunTime:0.000000s ]
INFO: [ app_init ] --END-- [ RunTime:0.000000s ]
ERR: 无法加载模块:Uploads

[ 2017-07-27T15:36:38+08:00 ] 127.0.0.1 /Uploads/gameIcon/thumb/mini_597702e02e95b.png
INFO: [ app_init ] --START--
INFO: Run Behavior\BuildLiteBehavior [ RunTime:0.000000s ]
INFO: [ app_init ] --END-- [ RunTime:0.001000s ]
ERR: 无法加载模块:Uploads

[ 2017-07-27T15:36:38+08:00 ] 127.0.0.1 /Uploads/gameIcon/thumb/mini_597706e39dc2d.jpg
INFO: [ app_init ] --START--
INFO: Run Behavior\BuildLiteBehavior [ RunTime:0.000000s ]
INFO: [ app_init ] --END-- [ RunTime:0.001000s ]
ERR: 无法加载模块:Uploads

[ 2017-07-27T15:36:38+08:00 ] 127.0.0.1 /Uploads/gameIcon/thumb/mini_597707685d401.png
INFO: [ app_init ] --START--
INFO: Run Behavior\BuildLiteBehavior [ RunTime:0.000000s ]
INFO: [ app_init ] --END-- [ RunTime:0.001000s ]
ERR: 无法加载模块:Uploads

[ 2017-07-27T15:36:38+08:00 ] 127.0.0.1 /Uploads/gameIcon/thumb/mini_5976e77c40c01.png
INFO: [ app_init ] --START--
INFO: Run Behavior\BuildLiteBehavior [ RunTime:0.000000s ]
INFO: [ app_init ] --END-- [ RunTime:0.000000s ]
ERR: 无法加载模块:Uploads

[ 2017-07-27T15:36:45+08:00 ] 127.0.0.1 /Uploads/gameIcon/thumb/mini_5976e77c40c01.png
INFO: [ app_init ] --START--
INFO: Run Behavior\BuildLiteBehavior [ RunTime:0.000000s ]
INFO: [ app_init ] --END-- [ RunTime:0.001000s ]
ERR: 无法加载模块:Uploads

[ 2017-07-27T15:36:45+08:00 ] 127.0.0.1 /Uploads/gameIcon/thumb/mini_597702e02e95b.png
INFO: [ app_init ] --START--
INFO: Run Behavior\BuildLiteBehavior [ RunTime:0.000000s ]
INFO: [ app_init ] --END-- [ RunTime:0.000000s ]
ERR: 无法加载模块:Uploads

[ 2017-07-27T15:36:45+08:00 ] 127.0.0.1 /Uploads/gameIcon/thumb/mini_597706e39dc2d.jpg
INFO: [ app_init ] --START--
INFO: Run Behavior\BuildLiteBehavior [ RunTime:0.000000s ]
INFO: [ app_init ] --END-- [ RunTime:0.000000s ]
ERR: 无法加载模块:Uploads

[ 2017-07-27T15:36:45+08:00 ] 127.0.0.1 /Uploads/gameIcon/thumb/mini_5976e82fd9595.png
INFO: [ app_init ] --START--
INFO: Run Behavior\BuildLiteBehavior [ RunTime:0.000000s ]
INFO: [ app_init ] --END-- [ RunTime:0.001000s ]
ERR: 无法加载模块:Uploads

[ 2017-07-27T15:36:45+08:00 ] 127.0.0.1 /Uploads/gameIcon/thumb/mini_597707685d401.png
INFO: [ app_init ] --START--
INFO: Run Behavior\BuildLiteBehavior [ RunTime:0.000000s ]
INFO: [ app_init ] --END-- [ RunTime:0.001000s ]
ERR: 无法加载模块:Uploads

[ 2017-07-27T15:37:16+08:00 ] 127.0.0.1 /Uploads/gameIcon/thumb/mini_5976e77c40c01.png
INFO: [ app_init ] --START--
INFO: Run Behavior\BuildLiteBehavior [ RunTime:0.000000s ]
INFO: [ app_init ] --END-- [ RunTime:0.001000s ]
ERR: 无法加载模块:Uploads

[ 2017-07-27T15:37:16+08:00 ] 127.0.0.1 /Uploads/gameIcon/thumb/mini_597702e02e95b.png
INFO: [ app_init ] --START--
INFO: Run Behavior\BuildLiteBehavior [ RunTime:0.000000s ]
INFO: [ app_init ] --END-- [ RunTime:0.000000s ]
ERR: 无法加载模块:Uploads

[ 2017-07-27T15:37:16+08:00 ] 127.0.0.1 /Uploads/gameIcon/thumb/mini_597707685d401.png
INFO: [ app_init ] --START--
INFO: Run Behavior\BuildLiteBehavior [ RunTime:0.000000s ]
INFO: [ app_init ] --END-- [ RunTime:0.002000s ]
ERR: 无法加载模块:Uploads

[ 2017-07-27T15:37:16+08:00 ] 127.0.0.1 /Uploads/gameIcon/thumb/mini_597706e39dc2d.jpg
INFO: [ app_init ] --START--
INFO: Run Behavior\BuildLiteBehavior [ RunTime:0.000000s ]
INFO: [ app_init ] --END-- [ RunTime:0.001000s ]
ERR: 无法加载模块:Uploads

[ 2017-07-27T15:37:16+08:00 ] 127.0.0.1 /Uploads/gameIcon/thumb/mini_5976e82fd9595.png
INFO: [ app_init ] --START--
INFO: Run Behavior\BuildLiteBehavior [ RunTime:0.000000s ]
INFO: [ app_init ] --END-- [ RunTime:0.000000s ]
ERR: 无法加载模块:Uploads

[ 2017-07-27T15:37:24+08:00 ] 127.0.0.1 /Uploads/gameIcon/thumb/mini_5976e82fd9595.png
INFO: [ app_init ] --START--
INFO: Run Behavior\BuildLiteBehavior [ RunTime:0.000000s ]
INFO: [ app_init ] --END-- [ RunTime:0.001000s ]
ERR: 无法加载模块:Uploads

[ 2017-07-27T15:37:24+08:00 ] 127.0.0.1 /Uploads/gameIcon/thumb/mini_5976e77c40c01.png
INFO: [ app_init ] --START--
INFO: Run Behavior\BuildLiteBehavior [ RunTime:0.000000s ]
INFO: [ app_init ] --END-- [ RunTime:0.000000s ]
ERR: 无法加载模块:Uploads

[ 2017-07-27T15:37:24+08:00 ] 127.0.0.1 /Uploads/gameIcon/thumb/mini_597707685d401.png
INFO: [ app_init ] --START--
INFO: Run Behavior\BuildLiteBehavior [ RunTime:0.000000s ]
INFO: [ app_init ] --END-- [ RunTime:0.001001s ]
ERR: 无法加载模块:Uploads

[ 2017-07-27T15:37:24+08:00 ] 127.0.0.1 /Uploads/gameIcon/thumb/mini_597706e39dc2d.jpg
INFO: [ app_init ] --START--
INFO: Run Behavior\BuildLiteBehavior [ RunTime:0.000000s ]
INFO: [ app_init ] --END-- [ RunTime:0.001001s ]
ERR: 无法加载模块:Uploads

[ 2017-07-27T15:37:24+08:00 ] 127.0.0.1 /Uploads/gameIcon/thumb/mini_597702e02e95b.png
INFO: [ app_init ] --START--
INFO: Run Behavior\BuildLiteBehavior [ RunTime:0.000000s ]
INFO: [ app_init ] --END-- [ RunTime:0.000000s ]
ERR: 无法加载模块:Uploads

[ 2017-07-27T15:37:52+08:00 ] 127.0.0.1 /Uploads/gameIcon/thumb/mini_597707685d401.png
INFO: [ app_init ] --START--
INFO: Run Behavior\BuildLiteBehavior [ RunTime:0.000000s ]
INFO: [ app_init ] --END-- [ RunTime:0.000000s ]
ERR: 无法加载模块:Uploads

[ 2017-07-27T15:37:52+08:00 ] 127.0.0.1 /Uploads/gameIcon/thumb/mini_5976e82fd9595.png
INFO: [ app_init ] --START--
INFO: Run Behavior\BuildLiteBehavior [ RunTime:0.000000s ]
INFO: [ app_init ] --END-- [ RunTime:0.005000s ]
ERR: 无法加载模块:Uploads

[ 2017-07-27T15:37:52+08:00 ] 127.0.0.1 /Uploads/gameIcon/thumb/mini_597706e39dc2d.jpg
INFO: [ app_init ] --START--
INFO: Run Behavior\BuildLiteBehavior [ RunTime:0.000000s ]
INFO: [ app_init ] --END-- [ RunTime:0.000000s ]
ERR: 无法加载模块:Uploads

[ 2017-07-27T15:37:52+08:00 ] 127.0.0.1 /Uploads/gameIcon/thumb/mini_597702e02e95b.png
INFO: [ app_init ] --START--
INFO: Run Behavior\BuildLiteBehavior [ RunTime:0.000000s ]
INFO: [ app_init ] --END-- [ RunTime:0.001000s ]
ERR: 无法加载模块:Uploads

[ 2017-07-27T15:37:52+08:00 ] 127.0.0.1 /Uploads/gameIcon/thumb/mini_5976e77c40c01.png
INFO: [ app_init ] --START--
INFO: Run Behavior\BuildLiteBehavior [ RunTime:0.000000s ]
INFO: [ app_init ] --END-- [ RunTime:0.000000s ]
ERR: 无法加载模块:Uploads

[ 2017-07-27T15:37:58+08:00 ] 127.0.0.1 /Uploads/gameIcon/thumb/mini_5976e82fd9595.png
INFO: [ app_init ] --START--
INFO: Run Behavior\BuildLiteBehavior [ RunTime:0.000000s ]
INFO: [ app_init ] --END-- [ RunTime:0.001000s ]
ERR: 无法加载模块:Uploads

[ 2017-07-27T15:37:58+08:00 ] 127.0.0.1 /Uploads/gameIcon/thumb/mini_597707685d401.png
INFO: [ app_init ] --START--
INFO: Run Behavior\BuildLiteBehavior [ RunTime:0.000000s ]
INFO: [ app_init ] --END-- [ RunTime:0.000000s ]
ERR: 无法加载模块:Uploads

[ 2017-07-27T15:37:58+08:00 ] 127.0.0.1 /Uploads/gameIcon/thumb/mini_597706e39dc2d.jpg
INFO: [ app_init ] --START--
INFO: Run Behavior\BuildLiteBehavior [ RunTime:0.000000s ]
INFO: [ app_init ] --END-- [ RunTime:0.001000s ]
ERR: 无法加载模块:Uploads

[ 2017-07-27T15:37:58+08:00 ] 127.0.0.1 /Uploads/gameIcon/thumb/mini_597702e02e95b.png
INFO: [ app_init ] --START--
INFO: Run Behavior\BuildLiteBehavior [ RunTime:0.000000s ]
INFO: [ app_init ] --END-- [ RunTime:0.001000s ]
ERR: 无法加载模块:Uploads

[ 2017-07-27T15:37:58+08:00 ] 127.0.0.1 /Uploads/gameIcon/thumb/mini_5976e77c40c01.png
INFO: [ app_init ] --START--
INFO: Run Behavior\BuildLiteBehavior [ RunTime:0.000000s ]
INFO: [ app_init ] --END-- [ RunTime:0.000000s ]
ERR: 无法加载模块:Uploads

[ 2017-07-27T15:47:55+08:00 ] 127.0.0.1 /Uploads/gameIcon/thumb/mini_5976e77c40c01.png
INFO: [ app_init ] --START--
INFO: Run Behavior\BuildLiteBehavior [ RunTime:0.000000s ]
INFO: [ app_init ] --END-- [ RunTime:0.000000s ]
ERR: 无法加载模块:Uploads

[ 2017-07-27T15:47:55+08:00 ] 127.0.0.1 /Uploads/gameIcon/thumb/mini_5976e82fd9595.png
INFO: [ app_init ] --START--
INFO: Run Behavior\BuildLiteBehavior [ RunTime:0.000000s ]
INFO: [ app_init ] --END-- [ RunTime:0.002001s ]
ERR: 无法加载模块:Uploads

[ 2017-07-27T15:47:55+08:00 ] 127.0.0.1 /Uploads/gameIcon/thumb/mini_597707685d401.png
INFO: [ app_init ] --START--
INFO: Run Behavior\BuildLiteBehavior [ RunTime:0.000000s ]
INFO: [ app_init ] --END-- [ RunTime:0.001000s ]
ERR: 无法加载模块:Uploads

[ 2017-07-27T15:47:55+08:00 ] 127.0.0.1 /Uploads/gameIcon/thumb/mini_597706e39dc2d.jpg
INFO: [ app_init ] --START--
INFO: Run Behavior\BuildLiteBehavior [ RunTime:0.001000s ]
INFO: [ app_init ] --END-- [ RunTime:0.004000s ]
ERR: 无法加载模块:Uploads

[ 2017-07-27T15:47:55+08:00 ] 127.0.0.1 /Uploads/gameIcon/thumb/mini_597702e02e95b.png
INFO: [ app_init ] --START--
INFO: Run Behavior\BuildLiteBehavior [ RunTime:0.000000s ]
INFO: [ app_init ] --END-- [ RunTime:0.000000s ]
ERR: 无法加载模块:Uploads

[ 2017-07-27T15:48:03+08:00 ] 127.0.0.1 /Uploads/gameIcon/thumb/mini_5976e77c40c01.png
INFO: [ app_init ] --START--
INFO: Run Behavior\BuildLiteBehavior [ RunTime:0.000000s ]
INFO: [ app_init ] --END-- [ RunTime:0.001000s ]
ERR: 无法加载模块:Uploads

[ 2017-07-27T15:48:44+08:00 ] 127.0.0.1 /Uploads/gameIcon/thumb/mini_5976e77c40c01.png
INFO: [ app_init ] --START--
INFO: Run Behavior\BuildLiteBehavior [ RunTime:0.000000s ]
INFO: [ app_init ] --END-- [ RunTime:0.001000s ]
ERR: 无法加载模块:Uploads

[ 2017-07-27T15:48:44+08:00 ] 127.0.0.1 /Uploads/gameIcon/thumb/mini_597702e02e95b.png
INFO: [ app_init ] --START--
INFO: Run Behavior\BuildLiteBehavior [ RunTime:0.000000s ]
INFO: [ app_init ] --END-- [ RunTime:0.001000s ]
ERR: 无法加载模块:Uploads

[ 2017-07-27T15:48:44+08:00 ] 127.0.0.1 /Uploads/gameIcon/thumb/mini_597707685d401.png
INFO: [ app_init ] --START--
INFO: Run Behavior\BuildLiteBehavior [ RunTime:0.000000s ]
INFO: [ app_init ] --END-- [ RunTime:0.001001s ]
ERR: 无法加载模块:Uploads

[ 2017-07-27T15:48:44+08:00 ] 127.0.0.1 /Uploads/gameIcon/thumb/mini_597706e39dc2d.jpg
INFO: [ app_init ] --START--
INFO: Run Behavior\BuildLiteBehavior [ RunTime:0.000000s ]
INFO: [ app_init ] --END-- [ RunTime:0.000000s ]
ERR: 无法加载模块:Uploads

[ 2017-07-27T15:48:44+08:00 ] 127.0.0.1 /Uploads/gameIcon/thumb/mini_5976e82fd9595.png
INFO: [ app_init ] --START--
INFO: Run Behavior\BuildLiteBehavior [ RunTime:0.000000s ]
INFO: [ app_init ] --END-- [ RunTime:0.001000s ]
ERR: 无法加载模块:Uploads

[ 2017-07-27T15:48:44+08:00 ] 127.0.0.1 /Uploads/gameIcon/thumb/mini_597707685d401.png
INFO: [ app_init ] --START--
INFO: Run Behavior\BuildLiteBehavior [ RunTime:0.000000s ]
INFO: [ app_init ] --END-- [ RunTime:0.001000s ]
ERR: 无法加载模块:Uploads

[ 2017-07-27T15:48:44+08:00 ] 127.0.0.1 /Uploads/gameIcon/thumb/mini_5976e77c40c01.png
INFO: [ app_init ] --START--
INFO: Run Behavior\BuildLiteBehavior [ RunTime:0.000000s ]
INFO: [ app_init ] --END-- [ RunTime:0.000000s ]
ERR: 无法加载模块:Uploads

[ 2017-07-27T15:48:44+08:00 ] 127.0.0.1 /Uploads/gameIcon/thumb/mini_597702e02e95b.png
INFO: [ app_init ] --START--
INFO: Run Behavior\BuildLiteBehavior [ RunTime:0.000000s ]
INFO: [ app_init ] --END-- [ RunTime:0.001000s ]
ERR: 无法加载模块:Uploads

[ 2017-07-27T15:48:46+08:00 ] 127.0.0.1 /Uploads/gameIcon/thumb/mini_5976e77c40c01.png
INFO: [ app_init ] --START--
INFO: Run Behavior\BuildLiteBehavior [ RunTime:0.000000s ]
INFO: [ app_init ] --END-- [ RunTime:0.001000s ]
ERR: 无法加载模块:Uploads

[ 2017-07-27T15:48:46+08:00 ] 127.0.0.1 /Uploads/gameIcon/thumb/mini_597702e02e95b.png
INFO: [ app_init ] --START--
INFO: Run Behavior\BuildLiteBehavior [ RunTime:0.000000s ]
INFO: [ app_init ] --END-- [ RunTime:0.004000s ]
ERR: 无法加载模块:Uploads

[ 2017-07-27T15:48:46+08:00 ] 127.0.0.1 /Uploads/gameIcon/thumb/mini_597707685d401.png
INFO: [ app_init ] --START--
INFO: Run Behavior\BuildLiteBehavior [ RunTime:0.000000s ]
INFO: [ app_init ] --END-- [ RunTime:0.004000s ]
ERR: 无法加载模块:Uploads

[ 2017-07-27T15:48:46+08:00 ] 127.0.0.1 /Uploads/gameIcon/thumb/mini_5976e82fd9595.png
INFO: [ app_init ] --START--
INFO: Run Behavior\BuildLiteBehavior [ RunTime:0.000000s ]
INFO: [ app_init ] --END-- [ RunTime:0.001000s ]
ERR: 无法加载模块:Uploads

[ 2017-07-27T15:48:46+08:00 ] 127.0.0.1 /Uploads/gameIcon/thumb/mini_597706e39dc2d.jpg
INFO: [ app_init ] --START--
INFO: Run Behavior\BuildLiteBehavior [ RunTime:0.000000s ]
INFO: [ app_init ] --END-- [ RunTime:0.001000s ]
ERR: 无法加载模块:Uploads

[ 2017-07-27T15:48:49+08:00 ] 127.0.0.1 /Uploads/gameIcon/thumb/mini_5976e77c40c01.png
INFO: [ app_init ] --START--
INFO: Run Behavior\BuildLiteBehavior [ RunTime:0.000000s ]
INFO: [ app_init ] --END-- [ RunTime:0.001000s ]
ERR: 无法加载模块:Uploads

[ 2017-07-27T15:49:03+08:00 ] 127.0.0.1 /Uploads/gameIcon/thumb/mini_5976e82fd9595.png
INFO: [ app_init ] --START--
INFO: Run Behavior\BuildLiteBehavior [ RunTime:0.000000s ]
INFO: [ app_init ] --END-- [ RunTime:0.000000s ]
ERR: 无法加载模块:Uploads

[ 2017-07-27T15:49:03+08:00 ] 127.0.0.1 /Uploads/gameIcon/thumb/mini_597706e39dc2d.jpg
INFO: [ app_init ] --START--
INFO: Run Behavior\BuildLiteBehavior [ RunTime:0.000000s ]
INFO: [ app_init ] --END-- [ RunTime:0.006001s ]
ERR: 无法加载模块:Uploads

[ 2017-07-27T15:49:03+08:00 ] 127.0.0.1 /Uploads/gameIcon/thumb/mini_597707685d401.png
INFO: [ app_init ] --START--
INFO: Run Behavior\BuildLiteBehavior [ RunTime:0.001000s ]
INFO: [ app_init ] --END-- [ RunTime:0.002001s ]
ERR: 无法加载模块:Uploads

[ 2017-07-27T15:49:03+08:00 ] 127.0.0.1 /Uploads/gameIcon/thumb/mini_597702e02e95b.png
INFO: [ app_init ] --START--
INFO: Run Behavior\BuildLiteBehavior [ RunTime:0.000000s ]
INFO: [ app_init ] --END-- [ RunTime:0.001000s ]
ERR: 无法加载模块:Uploads

[ 2017-07-27T15:49:04+08:00 ] 127.0.0.1 /Uploads/gameImages/thumb/mini_5976e82fe7058.png
INFO: [ app_init ] --START--
INFO: Run Behavior\BuildLiteBehavior [ RunTime:0.000000s ]
INFO: [ app_init ] --END-- [ RunTime:0.001000s ]
ERR: 无法加载模块:Uploads

[ 2017-07-27T15:49:04+08:00 ] 127.0.0.1 /Uploads/gameImages/thumb/mini_5976e82fe6888.png
INFO: [ app_init ] --START--
INFO: Run Behavior\BuildLiteBehavior [ RunTime:0.000000s ]
INFO: [ app_init ] --END-- [ RunTime:0.001000s ]
ERR: 无法加载模块:Uploads

[ 2017-07-27T15:49:04+08:00 ] 127.0.0.1 /Uploads/gameIcon/thumb/mini_5976e82fd9595.png
INFO: [ app_init ] --START--
INFO: Run Behavior\BuildLiteBehavior [ RunTime:0.000000s ]
INFO: [ app_init ] --END-- [ RunTime:0.000000s ]
ERR: 无法加载模块:Uploads

[ 2017-07-27T15:49:11+08:00 ] 127.0.0.1 /Uploads/gameIcon/thumb/mini_597707685d401.png
INFO: [ app_init ] --START--
INFO: Run Behavior\BuildLiteBehavior [ RunTime:0.000000s ]
INFO: [ app_init ] --END-- [ RunTime:0.000000s ]
ERR: 无法加载模块:Uploads

[ 2017-07-27T15:49:11+08:00 ] 127.0.0.1 /Uploads/gameIcon/thumb/mini_597706e39dc2d.jpg
INFO: [ app_init ] --START--
INFO: Run Behavior\BuildLiteBehavior [ RunTime:0.000000s ]
INFO: [ app_init ] --END-- [ RunTime:0.000000s ]
ERR: 无法加载模块:Uploads

[ 2017-07-27T15:49:11+08:00 ] 127.0.0.1 /Uploads/gameIcon/thumb/mini_597702e02e95b.png
INFO: [ app_init ] --START--
INFO: Run Behavior\BuildLiteBehavior [ RunTime:0.000000s ]
INFO: [ app_init ] --END-- [ RunTime:0.001000s ]
ERR: 无法加载模块:Uploads

[ 2017-07-27T15:49:13+08:00 ] 127.0.0.1 /Uploads/gameIcon/thumb/mini_597702e02e95b.png
INFO: [ app_init ] --START--
INFO: Run Behavior\BuildLiteBehavior [ RunTime:0.000000s ]
INFO: [ app_init ] --END-- [ RunTime:0.000000s ]
ERR: 无法加载模块:Uploads

[ 2017-07-27T15:49:13+08:00 ] 127.0.0.1 /Uploads/gameImages/thumb/mini_597702e0356bd.png
INFO: [ app_init ] --START--
INFO: Run Behavior\BuildLiteBehavior [ RunTime:0.000000s ]
INFO: [ app_init ] --END-- [ RunTime:0.000000s ]
ERR: 无法加载模块:Uploads

[ 2017-07-27T15:49:13+08:00 ] 127.0.0.1 /Uploads/gameImages/thumb/mini_597702e03665d.png
INFO: [ app_init ] --START--
INFO: Run Behavior\BuildLiteBehavior [ RunTime:0.000000s ]
INFO: [ app_init ] --END-- [ RunTime:0.001000s ]
ERR: 无法加载模块:Uploads

[ 2017-07-27T15:49:13+08:00 ] 127.0.0.1 /Uploads/gameImages/thumb/mini_597702e03471c.png
INFO: [ app_init ] --START--
INFO: Run Behavior\BuildLiteBehavior [ RunTime:0.000000s ]
INFO: [ app_init ] --END-- [ RunTime:0.000000s ]
ERR: 无法加载模块:Uploads

[ 2017-07-27T15:49:20+08:00 ] 127.0.0.1 /Uploads/gameIcon/thumb/mini_597707685d401.png
INFO: [ app_init ] --START--
INFO: Run Behavior\BuildLiteBehavior [ RunTime:0.000000s ]
INFO: [ app_init ] --END-- [ RunTime:0.001000s ]
ERR: 无法加载模块:Uploads

[ 2017-07-27T15:49:20+08:00 ] 127.0.0.1 /Uploads/gameIcon/thumb/mini_597706e39dc2d.jpg
INFO: [ app_init ] --START--
INFO: Run Behavior\BuildLiteBehavior [ RunTime:0.000000s ]
INFO: [ app_init ] --END-- [ RunTime:0.001001s ]
ERR: 无法加载模块:Uploads

[ 2017-07-27T15:49:23+08:00 ] 127.0.0.1 /Uploads/gameImages/thumb/mini_597706e3a2a4e.png
INFO: [ app_init ] --START--
INFO: Run Behavior\BuildLiteBehavior [ RunTime:0.000000s ]
INFO: [ app_init ] --END-- [ RunTime:0.001000s ]
ERR: 无法加载模块:Uploads

[ 2017-07-27T15:49:23+08:00 ] 127.0.0.1 /Uploads/gameIcon/thumb/mini_597706e39dc2d.jpg
INFO: [ app_init ] --START--
INFO: Run Behavior\BuildLiteBehavior [ RunTime:0.000000s ]
INFO: [ app_init ] --END-- [ RunTime:0.000000s ]
ERR: 无法加载模块:Uploads

[ 2017-07-27T15:49:23+08:00 ] 127.0.0.1 /Uploads/gameImages/thumb/mini_597706e3a3dd6.png
INFO: [ app_init ] --START--
INFO: Run Behavior\BuildLiteBehavior [ RunTime:0.000000s ]
INFO: [ app_init ] --END-- [ RunTime:0.002000s ]
ERR: 无法加载模块:Uploads

[ 2017-07-27T15:49:23+08:00 ] 127.0.0.1 /Uploads/gameImages/thumb/mini_597706e3a3606.png
INFO: [ app_init ] --START--
INFO: Run Behavior\BuildLiteBehavior [ RunTime:0.000000s ]
INFO: [ app_init ] --END-- [ RunTime:0.001000s ]
ERR: 无法加载模块:Uploads

[ 2017-07-27T15:49:27+08:00 ] 127.0.0.1 /Uploads/gameIcon/thumb/mini_597707685d401.png
INFO: [ app_init ] --START--
INFO: Run Behavior\BuildLiteBehavior [ RunTime:0.000000s ]
INFO: [ app_init ] --END-- [ RunTime:0.000000s ]
ERR: 无法加载模块:Uploads

[ 2017-07-27T15:49:29+08:00 ] 127.0.0.1 /Uploads/gameIcon/thumb/mini_597707685d401.png
INFO: [ app_init ] --START--
INFO: Run Behavior\BuildLiteBehavior [ RunTime:0.000000s ]
INFO: [ app_init ] --END-- [ RunTime:0.001000s ]
ERR: 无法加载模块:Uploads

[ 2017-07-27T15:49:29+08:00 ] 127.0.0.1 /Uploads/gameImages/thumb/mini_597707686ba7c.png
INFO: [ app_init ] --START--
INFO: Run Behavior\BuildLiteBehavior [ RunTime:0.000000s ]
INFO: [ app_init ] --END-- [ RunTime:0.001001s ]
ERR: 无法加载模块:Uploads

[ 2017-07-27T15:49:29+08:00 ] 127.0.0.1 /Uploads/gameImages/thumb/mini_597707686ca1d.png
INFO: [ app_init ] --START--
INFO: Run Behavior\BuildLiteBehavior [ RunTime:0.000000s ]
INFO: [ app_init ] --END-- [ RunTime:0.001000s ]
ERR: 无法加载模块:Uploads

[ 2017-07-27T15:49:29+08:00 ] 127.0.0.1 /Uploads/gameImages/thumb/mini_597707686aadc.png
INFO: [ app_init ] --START--
INFO: Run Behavior\BuildLiteBehavior [ RunTime:0.000000s ]
INFO: [ app_init ] --END-- [ RunTime:0.001000s ]
ERR: 无法加载模块:Uploads

[ 2017-07-27T16:24:32+08:00 ] 127.0.0.1 /Uploads/gameImages/thumb/m
INFO: [ app_init ] --START--
INFO: Run Behavior\BuildLiteBehavior [ RunTime:0.000000s ]
INFO: [ app_init ] --END-- [ RunTime:0.000000s ]
ERR: 无法加载模块:Uploads

[ 2017-07-27T16:24:32+08:00 ] 127.0.0.1 /Uploads/gameImages/thumb/n
INFO: [ app_init ] --START--
INFO: Run Behavior\BuildLiteBehavior [ RunTime:0.000000s ]
INFO: [ app_init ] --END-- [ RunTime:0.000000s ]
ERR: 无法加载模块:Uploads

[ 2017-07-27T16:24:32+08:00 ] 127.0.0.1 /Uploads/gameImages/thumb/i
INFO: [ app_init ] --START--
INFO: Run Behavior\BuildLiteBehavior [ RunTime:0.000000s ]
INFO: [ app_init ] --END-- [ RunTime:0.000000s ]
ERR: 无法加载模块:Uploads

[ 2017-07-27T16:28:14+08:00 ] 127.0.0.1 /Uploads/gameImages/thumb/m
INFO: [ app_init ] --START--
INFO: Run Behavior\BuildLiteBehavior [ RunTime:0.000000s ]
INFO: [ app_init ] --END-- [ RunTime:0.001000s ]
ERR: 无法加载模块:Uploads

[ 2017-07-27T16:28:14+08:00 ] 127.0.0.1 /Uploads/gameImages/thumb/n
INFO: [ app_init ] --START--
INFO: Run Behavior\BuildLiteBehavior [ RunTime:0.000000s ]
INFO: [ app_init ] --END-- [ RunTime:0.001000s ]
ERR: 无法加载模块:Uploads

[ 2017-07-27T16:28:14+08:00 ] 127.0.0.1 /Uploads/gameImages/thumb/i
INFO: [ app_init ] --START--
INFO: Run Behavior\BuildLiteBehavior [ RunTime:0.000000s ]
INFO: [ app_init ] --END-- [ RunTime:0.001000s ]
ERR: 无法加载模块:Uploads

[ 2017-07-27T16:28:26+08:00 ] 127.0.0.1 /Uploads/gameImages/thumb/i
INFO: [ app_init ] --START--
INFO: Run Behavior\BuildLiteBehavior [ RunTime:0.000000s ]
INFO: [ app_init ] --END-- [ RunTime:0.000000s ]
ERR: 无法加载模块:Uploads

[ 2017-07-27T16:28:26+08:00 ] 127.0.0.1 /Uploads/gameImages/thumb/m
INFO: [ app_init ] --START--
INFO: Run Behavior\BuildLiteBehavior [ RunTime:0.000000s ]
INFO: [ app_init ] --END-- [ RunTime:0.001000s ]
ERR: 无法加载模块:Uploads

[ 2017-07-27T16:28:26+08:00 ] 127.0.0.1 /Uploads/gameImages/thumb/n
INFO: [ app_init ] --START--
INFO: Run Behavior\BuildLiteBehavior [ RunTime:0.000000s ]
INFO: [ app_init ] --END-- [ RunTime:0.000000s ]
ERR: 无法加载模块:Uploads

[ 2017-07-27T16:28:31+08:00 ] 127.0.0.1 /Uploads/gameImages/thumb/m
INFO: [ app_init ] --START--
INFO: Run Behavior\BuildLiteBehavior [ RunTime:0.000000s ]
INFO: [ app_init ] --END-- [ RunTime:0.000000s ]
ERR: 无法加载模块:Uploads

[ 2017-07-27T16:28:31+08:00 ] 127.0.0.1 /Uploads/gameImages/thumb/i
INFO: [ app_init ] --START--
INFO: Run Behavior\BuildLiteBehavior [ RunTime:0.000000s ]
INFO: [ app_init ] --END-- [ RunTime:0.001000s ]
ERR: 无法加载模块:Uploads

[ 2017-07-27T16:28:31+08:00 ] 127.0.0.1 /Uploads/gameImages/thumb/n
INFO: [ app_init ] --START--
INFO: Run Behavior\BuildLiteBehavior [ RunTime:0.000000s ]
INFO: [ app_init ] --END-- [ RunTime:0.000000s ]
ERR: 无法加载模块:Uploads

[ 2017-07-27T16:34:29+08:00 ] 127.0.0.1 /Uploads/gameImages/thumb/mini_5979a57595d64.png
INFO: [ app_init ] --START--
INFO: Run Behavior\BuildLiteBehavior [ RunTime:0.000000s ]
INFO: [ app_init ] --END-- [ RunTime:0.001000s ]
ERR: 无法加载模块:Uploads

[ 2017-07-27T16:34:29+08:00 ] 127.0.0.1 /Uploads/gameImages/thumb/mini_5979a57593e24.jpg
INFO: [ app_init ] --START--
INFO: Run Behavior\BuildLiteBehavior [ RunTime:0.000000s ]
INFO: [ app_init ] --END-- [ RunTime:0.001000s ]
ERR: 无法加载模块:Uploads

[ 2017-07-27T16:34:47+08:00 ] 127.0.0.1 /Uploads/gameImages/thumb/mini_5979a5759326c.jpg
INFO: [ app_init ] --START--
INFO: Run Behavior\BuildLiteBehavior [ RunTime:0.000000s ]
INFO: [ app_init ] --END-- [ RunTime:0.000000s ]
ERR: 无法加载模块:Uploads

[ 2017-07-27T16:34:47+08:00 ] 127.0.0.1 /Uploads/gameImages/thumb/mini_5979a57593e24.jpg
INFO: [ app_init ] --START--
INFO: Run Behavior\BuildLiteBehavior [ RunTime:0.000000s ]
INFO: [ app_init ] --END-- [ RunTime:0.001000s ]
ERR: 无法加载模块:Uploads

[ 2017-07-27T16:34:47+08:00 ] 127.0.0.1 /Uploads/gameImages/thumb/mini_5979a57595d64.png
INFO: [ app_init ] --START--
INFO: Run Behavior\BuildLiteBehavior [ RunTime:0.000000s ]
INFO: [ app_init ] --END-- [ RunTime:0.000000s ]
ERR: 无法加载模块:Uploads

[ 2017-07-27T16:44:11+08:00 ] 127.0.0.1 /Uploads/gameImages/thumb/mini_5979a7bb50cfd.jpg
INFO: [ app_init ] --START--
INFO: Run Behavior\BuildLiteBehavior [ RunTime:0.000000s ]
INFO: [ app_init ] --END-- [ RunTime:0.001000s ]
ERR: 无法加载模块:Uploads

[ 2017-07-27T17:32:11+08:00 ] 127.0.0.1 /Uploads/gameImages/thumb/Array[0]
INFO: [ app_init ] --START--
INFO: Run Behavior\BuildLiteBehavior [ RunTime:0.000000s ]
INFO: [ app_init ] --END-- [ RunTime:0.001000s ]
ERR: 无法加载模块:Uploads

[ 2017-07-27T17:32:15+08:00 ] 127.0.0.1 /Uploads/gameImages/thumb/Array[0]
INFO: [ app_init ] --START--
INFO: Run Behavior\BuildLiteBehavior [ RunTime:0.000000s ]
INFO: [ app_init ] --END-- [ RunTime:0.001000s ]
ERR: 无法加载模块:Uploads

[ 2017-07-27T17:33:20+08:00 ] 127.0.0.1 /Uploads/gameImages/thumb/Array[0]
INFO: [ app_init ] --START--
INFO: Run Behavior\BuildLiteBehavior [ RunTime:0.000000s ]
INFO: [ app_init ] --END-- [ RunTime:0.000000s ]
ERR: 无法加载模块:Uploads

[ 2017-07-27T17:34:16+08:00 ] 127.0.0.1 /Uploads/gameImages/thumb/Array[0]
INFO: [ app_init ] --START--
INFO: Run Behavior\BuildLiteBehavior [ RunTime:0.000000s ]
INFO: [ app_init ] --END-- [ RunTime:0.001000s ]
ERR: 无法加载模块:Uploads

[ 2017-07-27T17:37:39+08:00 ] 127.0.0.1 /Uploads/gameImages/thumb/Array[0]
INFO: [ app_init ] --START--
INFO: Run Behavior\BuildLiteBehavior [ RunTime:0.000000s ]
INFO: [ app_init ] --END-- [ RunTime:0.000000s ]
ERR: 无法加载模块:Uploads

[ 2017-07-27T17:39:15+08:00 ] 127.0.0.1 /Uploads/gameImages/thumb/'mini_5979b0744aa3c.png
INFO: [ app_init ] --START--
INFO: Run Behavior\BuildLiteBehavior [ RunTime:0.000000s ]
INFO: [ app_init ] --END-- [ RunTime:0.000000s ]
ERR: 无法加载模块:Uploads

[ 2017-07-27T17:42:33+08:00 ] 127.0.0.1 /Uploads/gameImages/thumb/Array[0]
INFO: [ app_init ] --START--
INFO: Run Behavior\BuildLiteBehavior [ RunTime:0.000000s ]
INFO: [ app_init ] --END-- [ RunTime:0.001000s ]
ERR: 无法加载模块:Uploads

[ 2017-07-27T17:43:20+08:00 ] 127.0.0.1 /Uploads/gameImages/thumb/Array[0]
INFO: [ app_init ] --START--
INFO: Run Behavior\BuildLiteBehavior [ RunTime:0.000000s ]
INFO: [ app_init ] --END-- [ RunTime:0.000000s ]
ERR: 无法加载模块:Uploads

[ 2017-07-27T17:43:52+08:00 ] 127.0.0.1 /Uploads/gameImages/thumb/'Array[0]'
INFO: [ app_init ] --START--
INFO: Run Behavior\BuildLiteBehavior [ RunTime:0.000000s ]
INFO: [ app_init ] --END-- [ RunTime:0.000000s ]
ERR: 无法加载模块:Uploads

[ 2017-07-27T17:50:26+08:00 ] 127.0.0.1 /Uploads/gameImages/thumb/$info[game_thumbimage][0]
INFO: [ app_init ] --START--
INFO: Run Behavior\BuildLiteBehavior [ RunTime:0.001000s ]
INFO: [ app_init ] --END-- [ RunTime:0.001000s ]
ERR: 无法加载模块:Uploads

[ 2017-07-27T17:52:05+08:00 ] 127.0.0.1 /Uploads/gameImages/thumb/$info[game_thumbimage][0]
INFO: [ app_init ] --START--
INFO: Run Behavior\BuildLiteBehavior [ RunTime:0.000000s ]
INFO: [ app_init ] --END-- [ RunTime:0.000000s ]
ERR: 无法加载模块:Uploads

[ 2017-07-27T17:52:19+08:00 ] 127.0.0.1 /Uploads/gameImages/thumb/$info[game_thumbimage][0]
INFO: [ app_init ] --START--
INFO: Run Behavior\BuildLiteBehavior [ RunTime:0.000000s ]
INFO: [ app_init ] --END-- [ RunTime:0.001000s ]
ERR: 无法加载模块:Uploads

[ 2017-07-27T17:54:37+08:00 ] 127.0.0.1 /Uploads/gameImages/thumb/Array[0]
INFO: [ app_init ] --START--
INFO: Run Behavior\BuildLiteBehavior [ RunTime:0.000000s ]
INFO: [ app_init ] --END-- [ RunTime:0.000000s ]
ERR: 无法加载模块:Uploads

[ 2017-07-27T17:55:04+08:00 ] 127.0.0.1 /Uploads/gameImages/thumb/'Array[0]'
INFO: [ app_init ] --START--
INFO: Run Behavior\BuildLiteBehavior [ RunTime:0.000000s ]
INFO: [ app_init ] --END-- [ RunTime:0.001000s ]
ERR: 无法加载模块:Uploads

[ 2017-07-27T17:55:50+08:00 ] 127.0.0.1 /Uploads/gameImages/thumb/Array[0]
INFO: [ app_init ] --START--
INFO: Run Behavior\BuildLiteBehavior [ RunTime:0.000000s ]
INFO: [ app_init ] --END-- [ RunTime:0.001000s ]
ERR: 无法加载模块:Uploads

[ 2017-07-27T17:55:53+08:00 ] 127.0.0.1 /Uploads/gameImages/thumb/Array[0]
INFO: [ app_init ] --START--
INFO: Run Behavior\BuildLiteBehavior [ RunTime:0.000000s ]
INFO: [ app_init ] --END-- [ RunTime:0.001000s ]
ERR: 无法加载模块:Uploads

[ 2017-07-27T17:56:05+08:00 ] 127.0.0.1 /Uploads/gameImages/thumb/Array[0]
INFO: [ app_init ] --START--
INFO: Run Behavior\BuildLiteBehavior [ RunTime:0.000000s ]
INFO: [ app_init ] --END-- [ RunTime:0.001000s ]
ERR: 无法加载模块:Uploads

[ 2017-07-27T17:56:09+08:00 ] 127.0.0.1 /Uploads/gameImages/thumb/Array[0]
INFO: [ app_init ] --START--
INFO: Run Behavior\BuildLiteBehavior [ RunTime:0.000000s ]
INFO: [ app_init ] --END-- [ RunTime:0.001000s ]
ERR: 无法加载模块:Uploads

[ 2017-07-27T17:57:00+08:00 ] 127.0.0.1 /Uploads/gameImages/thumb/Array[0]
INFO: [ app_init ] --START--
INFO: Run Behavior\BuildLiteBehavior [ RunTime:0.000000s ]
INFO: [ app_init ] --END-- [ RunTime:0.001000s ]
ERR: 无法加载模块:Uploads

[ 2017-07-27T17:58:09+08:00 ] 127.0.0.1 /Uploads/gameImages/thumb/Array[0]
INFO: [ app_init ] --START--
INFO: Run Behavior\BuildLiteBehavior [ RunTime:0.000000s ]
INFO: [ app_init ] --END-- [ RunTime:0.001000s ]
ERR: 无法加载模块:Uploads

[ 2017-07-27T18:06:23+08:00 ] 127.0.0.1 /Uploads/gameImages/thumb/Array[0]
INFO: [ app_init ] --START--
INFO: Run Behavior\BuildLiteBehavior [ RunTime:0.000000s ]
INFO: [ app_init ] --END-- [ RunTime:0.000000s ]
ERR: 无法加载模块:Uploads

[ 2017-07-27T18:06:47+08:00 ] 127.0.0.1 /Uploads/gameImages/thumb/Array[0]
INFO: [ app_init ] --START--
INFO: Run Behavior\BuildLiteBehavior [ RunTime:0.000000s ]
INFO: [ app_init ] --END-- [ RunTime:0.001000s ]
ERR: 无法加载模块:Uploads

[ 2017-07-27T18:07:31+08:00 ] 127.0.0.1 /Uploads/gameImages/thumb/Array
INFO: [ app_init ] --START--
INFO: Run Behavior\BuildLiteBehavior [ RunTime:0.000000s ]
INFO: [ app_init ] --END-- [ RunTime:0.001000s ]
ERR: 无法加载模块:Uploads

[ 2017-07-27T18:13:33+08:00 ] 127.0.0.1 /Uploads/gameImages/thumb/%7B$info[game_thumbimage][0]
INFO: [ app_init ] --START--
INFO: Run Behavior\BuildLiteBehavior [ RunTime:0.000000s ]
INFO: [ app_init ] --END-- [ RunTime:0.001000s ]
ERR: 无法加载模块:Uploads

[ 2017-07-27T18:13:44+08:00 ] 127.0.0.1 /Uploads/gameImages/thumb/$info[game_thumbimage][0]
INFO: [ app_init ] --START--
INFO: Run Behavior\BuildLiteBehavior [ RunTime:0.000000s ]
INFO: [ app_init ] --END-- [ RunTime:0.000000s ]
ERR: 无法加载模块:Uploads

[ 2017-07-27T18:15:51+08:00 ] 127.0.0.1 /Uploads/gameImages/thumb/Array[0]
INFO: [ app_init ] --START--
INFO: Run Behavior\BuildLiteBehavior [ RunTime:0.000000s ]
INFO: [ app_init ] --END-- [ RunTime:0.001000s ]
ERR: 无法加载模块:Uploads

[ 2017-07-27T18:23:46+08:00 ] 127.0.0.1 /Uploads/gameImages/thumb/Array[0]
INFO: [ app_init ] --START--
INFO: Run Behavior\BuildLiteBehavior [ RunTime:0.000000s ]
INFO: [ app_init ] --END-- [ RunTime:0.000000s ]
ERR: 无法加载模块:Uploads

[ 2017-07-27T18:30:52+08:00 ] 127.0.0.1 /Uploads/gameImages/thumb/$v[k]%20?%20:%20%27%27
INFO: [ app_init ] --START--
INFO: Run Behavior\BuildLiteBehavior [ RunTime:0.000000s ]
INFO: [ app_init ] --END-- [ RunTime:0.000000s ]
ERR: 无法加载模块:Uploads

[ 2017-07-27T18:31:19+08:00 ] 127.0.0.1 /Uploads/gameImages/thumb/$v[k]%20?%20:%20%27%27
INFO: [ app_init ] --START--
INFO: Run Behavior\BuildLiteBehavior [ RunTime:0.000000s ]
INFO: [ app_init ] --END-- [ RunTime:0.001000s ]
ERR: 无法加载模块:Uploads

[ 2017-07-27T18:32:27+08:00 ] 127.0.0.1 /Uploads/gameImages/thumb/$v[k]%20?%20:%20%27%27
INFO: [ app_init ] --START--
INFO: Run Behavior\BuildLiteBehavior [ RunTime:0.000000s ]
INFO: [ app_init ] --END-- [ RunTime:0.001000s ]
ERR: 无法加载模块:Uploads

[ 2017-07-27T18:33:15+08:00 ] 127.0.0.1 /Uploads/gameImages/thumb/'$v[k]'%20?%20:%20%27%27
INFO: [ app_init ] --START--
INFO: Run Behavior\BuildLiteBehavior [ RunTime:0.000000s ]
INFO: [ app_init ] --END-- [ RunTime:0.000000s ]
ERR: 无法加载模块:Uploads

