[ 2017-07-25T09:39:56+08:00 ] 127.0.0.1 /
INFO: [ app_init ] --START--
INFO: Run Behavior\BuildLiteBehavior [ RunTime:0.000000s ]
INFO: [ app_init ] --END-- [ RunTime:0.001000s ]

[ 2017-07-25T09:39:56+08:00 ] 127.0.0.1 /index.php/Admin/index/top
INFO: [ app_init ] --START--
INFO: Run Behavior\BuildLiteBehavior [ RunTime:0.000000s ]
INFO: [ app_init ] --END-- [ RunTime:0.000000s ]

[ 2017-07-25T09:39:56+08:00 ] 127.0.0.1 /index.php/Admin/index/menu
INFO: [ app_init ] --START--
INFO: Run Behavior\BuildLiteBehavior [ RunTime:0.000000s ]
INFO: [ app_init ] --END-- [ RunTime:0.001000s ]

[ 2017-07-25T09:39:56+08:00 ] 127.0.0.1 /index.php/Admin/index/bar
INFO: [ app_init ] --START--
INFO: Run Behavior\BuildLiteBehavior [ RunTime:0.000000s ]
INFO: [ app_init ] --END-- [ RunTime:0.001000s ]

[ 2017-07-25T09:39:56+08:00 ] 127.0.0.1 /index.php/Admin/index/main
INFO: [ app_init ] --START--
INFO: Run Behavior\BuildLiteBehavior [ RunTime:0.000000s ]
INFO: [ app_init ] --END-- [ RunTime:0.001000s ]

[ 2017-07-25T09:39:58+08:00 ] 127.0.0.1 /index.php/Admin/game/index
INFO: [ app_init ] --START--
INFO: Run Behavior\BuildLiteBehavior [ RunTime:0.000000s ]
INFO: [ app_init ] --END-- [ RunTime:0.001000s ]

[ 2017-07-25T09:39:58+08:00 ] 127.0.0.1 /index.php/Admin/game/index
INFO: [ app_init ] --START--
INFO: Run Behavior\BuildLiteBehavior [ RunTime:0.000000s ]
INFO: [ app_init ] --END-- [ RunTime:0.001000s ]

[ 2017-07-25T09:40:06+08:00 ] 127.0.0.1 /index.php/Admin/game/addGame
INFO: [ app_init ] --START--
INFO: Run Behavior\BuildLiteBehavior [ RunTime:0.000000s ]
INFO: [ app_init ] --END-- [ RunTime:0.002000s ]

[ 2017-07-25T09:40:06+08:00 ] 127.0.0.1 /index.php/Admin/game/addGame
INFO: [ app_init ] --START--
INFO: Run Behavior\BuildLiteBehavior [ RunTime:0.000000s ]
INFO: [ app_init ] --END-- [ RunTime:0.001000s ]

[ 2017-07-25T09:40:19+08:00 ] 127.0.0.1 /index.php/Admin/game/addGame
INFO: [ app_init ] --START--
INFO: Run Behavior\BuildLiteBehavior [ RunTime:0.000000s ]
INFO: [ app_init ] --END-- [ RunTime:0.000000s ]

[ 2017-07-25T09:40:19+08:00 ] 127.0.0.1 /index.php/Admin/game/addGame
INFO: [ app_init ] --START--
INFO: Run Behavior\BuildLiteBehavior [ RunTime:0.000000s ]
INFO: [ app_init ] --END-- [ RunTime:0.000000s ]

[ 2017-07-25T09:40:24+08:00 ] 127.0.0.1 /index.php/Admin/game/addGame
INFO: [ app_init ] --START--
INFO: Run Behavior\BuildLiteBehavior [ RunTime:0.000000s ]
INFO: [ app_init ] --END-- [ RunTime:0.001000s ]

[ 2017-07-25T09:40:24+08:00 ] 127.0.0.1 /index.php/Admin/game/addGame
INFO: [ app_init ] --START--
INFO: Run Behavior\BuildLiteBehavior [ RunTime:0.000000s ]
INFO: [ app_init ] --END-- [ RunTime:0.000000s ]

[ 2017-07-25T09:40:28+08:00 ] 127.0.0.1 /index.php/Admin/game/addGame
INFO: [ app_init ] --START--
INFO: Run Behavior\BuildLiteBehavior [ RunTime:0.000000s ]
INFO: [ app_init ] --END-- [ RunTime:0.001000s ]

[ 2017-07-25T09:40:28+08:00 ] 127.0.0.1 /index.php/Admin/game/addGame
INFO: [ app_init ] --START--
INFO: Run Behavior\BuildLiteBehavior [ RunTime:0.000000s ]
INFO: [ app_init ] --END-- [ RunTime:0.001001s ]

[ 2017-07-25T10:04:18+08:00 ] 127.0.0.1 /index.php/Admin/game/addGame
INFO: [ app_init ] --START--
INFO: Run Behavior\BuildLiteBehavior [ RunTime:0.000000s ]
INFO: [ app_init ] --END-- [ RunTime:0.000000s ]

[ 2017-07-25T10:04:18+08:00 ] 127.0.0.1 /index.php/Admin/game/addGame
INFO: [ app_init ] --START--
INFO: Run Behavior\BuildLiteBehavior [ RunTime:0.000000s ]
INFO: [ app_init ] --END-- [ RunTime:0.001000s ]

[ 2017-07-25T10:05:01+08:00 ] 127.0.0.1 /index.php/Admin/game/addGame
INFO: [ app_init ] --START--
INFO: Run Behavior\BuildLiteBehavior [ RunTime:0.000000s ]
INFO: [ app_init ] --END-- [ RunTime:0.001000s ]

[ 2017-07-25T10:05:02+08:00 ] 127.0.0.1 /index.php/Admin/game/addGame
INFO: [ app_init ] --START--
INFO: Run Behavior\BuildLiteBehavior [ RunTime:0.000000s ]
INFO: [ app_init ] --END-- [ RunTime:0.001000s ]

[ 2017-07-25T10:06:20+08:00 ] 127.0.0.1 /index.php/Admin/game/addGame
INFO: [ app_init ] --START--
INFO: Run Behavior\BuildLiteBehavior [ RunTime:0.000000s ]
INFO: [ app_init ] --END-- [ RunTime:0.001000s ]

[ 2017-07-25T10:06:20+08:00 ] 127.0.0.1 /index.php/Admin/game/addGame
INFO: [ app_init ] --START--
INFO: Run Behavior\BuildLiteBehavior [ RunTime:0.000000s ]
INFO: [ app_init ] --END-- [ RunTime:0.001000s ]

[ 2017-07-25T10:08:48+08:00 ] 127.0.0.1 /index.php/Admin/game/addGame
INFO: [ app_init ] --START--
INFO: Run Behavior\BuildLiteBehavior [ RunTime:0.000000s ]
INFO: [ app_init ] --END-- [ RunTime:0.001000s ]

[ 2017-07-25T10:08:48+08:00 ] 127.0.0.1 /index.php/Admin/game/addGame
INFO: [ app_init ] --START--
INFO: Run Behavior\BuildLiteBehavior [ RunTime:0.000000s ]
INFO: [ app_init ] --END-- [ RunTime:0.000000s ]

[ 2017-07-25T10:09:21+08:00 ] 127.0.0.1 /index.php/Admin/game/addGame
INFO: [ app_init ] --START--
INFO: Run Behavior\BuildLiteBehavior [ RunTime:0.000000s ]
INFO: [ app_init ] --END-- [ RunTime:0.001000s ]
ERR: 1364:Field 'game_played' doesn't have a default value
 [ SQL语句 ] : INSERT INTO `fy_game` (`game_name`,`game_type`,`game_url`,`game_description`,`game_recommend`,`game_details`,`game_icon`) VALUES ('123','动作冒险','123','123','2','...这里直接调用文本编辑器...移除此处的“textarea”即可','20170725/{80501207-2E95-4447-857D-10C9ED26D48B}.png')

[ 2017-07-25T10:11:05+08:00 ] 127.0.0.1 /index.php/Admin/game/addGame
INFO: [ app_init ] --START--
INFO: Run Behavior\BuildLiteBehavior [ RunTime:0.000000s ]
INFO: [ app_init ] --END-- [ RunTime:0.001000s ]
ERR: 1364:Field 'game_image' doesn't have a default value
 [ SQL语句 ] : INSERT INTO `fy_game` (`game_name`,`game_type`,`game_url`,`game_description`,`game_recommend`,`game_details`,`game_icon`) VALUES ('123','动作冒险','123','123','2','...这里直接调用文本编辑器...移除此处的“textarea”即可','20170725/{EF8E827F-E9E6-4115-9F5E-A4005D8FD343}.png')

[ 2017-07-25T10:11:21+08:00 ] 127.0.0.1 /index.php/Admin/game/index
INFO: [ app_init ] --START--
INFO: Run Behavior\BuildLiteBehavior [ RunTime:0.000000s ]
INFO: [ app_init ] --END-- [ RunTime:0.001000s ]

[ 2017-07-25T10:11:21+08:00 ] 127.0.0.1 /index.php/Admin/game/index
INFO: [ app_init ] --START--
INFO: Run Behavior\BuildLiteBehavior [ RunTime:0.000000s ]
INFO: [ app_init ] --END-- [ RunTime:0.000000s ]

[ 2017-07-25T10:11:28+08:00 ] 127.0.0.1 /index.php/Admin/game/addGame
INFO: [ app_init ] --START--
INFO: Run Behavior\BuildLiteBehavior [ RunTime:0.000000s ]
INFO: [ app_init ] --END-- [ RunTime:0.001000s ]

[ 2017-07-25T10:11:28+08:00 ] 127.0.0.1 /index.php/Admin/game/addGame
INFO: [ app_init ] --START--
INFO: Run Behavior\BuildLiteBehavior [ RunTime:0.000000s ]
INFO: [ app_init ] --END-- [ RunTime:0.001000s ]

[ 2017-07-25T10:11:41+08:00 ] 127.0.0.1 /index.php/Admin/game/addGame
INFO: [ app_init ] --START--
INFO: Run Behavior\BuildLiteBehavior [ RunTime:0.000000s ]
INFO: [ app_init ] --END-- [ RunTime:0.001000s ]
ERR: 1364:Field 'game_image' doesn't have a default value
 [ SQL语句 ] : INSERT INTO `fy_game` (`game_name`,`game_type`,`game_url`,`game_description`,`game_recommend`,`game_details`,`game_icon`) VALUES ('123','动作冒险','133','123','4','...这里直接调用文本编辑器...移除此处的“textarea”即可','20170725/{E217D084-CC8D-4944-8C97-A3CE4B2DE97E}.png')

[ 2017-07-25T10:11:49+08:00 ] 127.0.0.1 /index.php/Admin/game/index
INFO: [ app_init ] --START--
INFO: Run Behavior\BuildLiteBehavior [ RunTime:0.000000s ]
INFO: [ app_init ] --END-- [ RunTime:0.000000s ]

[ 2017-07-25T10:11:49+08:00 ] 127.0.0.1 /index.php/Admin/game/index
INFO: [ app_init ] --START--
INFO: Run Behavior\BuildLiteBehavior [ RunTime:0.000000s ]
INFO: [ app_init ] --END-- [ RunTime:0.001000s ]

[ 2017-07-25T10:11:51+08:00 ] 127.0.0.1 /index.php/Admin/game/addGame
INFO: [ app_init ] --START--
INFO: Run Behavior\BuildLiteBehavior [ RunTime:0.000000s ]
INFO: [ app_init ] --END-- [ RunTime:0.001000s ]

[ 2017-07-25T10:11:51+08:00 ] 127.0.0.1 /index.php/Admin/game/addGame
INFO: [ app_init ] --START--
INFO: Run Behavior\BuildLiteBehavior [ RunTime:0.000000s ]
INFO: [ app_init ] --END-- [ RunTime:0.000000s ]

[ 2017-07-25T10:12:49+08:00 ] 127.0.0.1 /index.php/Admin/game/addGame
INFO: [ app_init ] --START--
INFO: Run Behavior\BuildLiteBehavior [ RunTime:0.000000s ]
INFO: [ app_init ] --END-- [ RunTime:0.001000s ]

[ 2017-07-25T10:12:49+08:00 ] 127.0.0.1 /index.php/Admin/game/addGame
INFO: [ app_init ] --START--
INFO: Run Behavior\BuildLiteBehavior [ RunTime:0.000000s ]
INFO: [ app_init ] --END-- [ RunTime:0.001000s ]

[ 2017-07-25T10:13:01+08:00 ] 127.0.0.1 /index.php/Admin/game/addGame
INFO: [ app_init ] --START--
INFO: Run Behavior\BuildLiteBehavior [ RunTime:0.000000s ]
INFO: [ app_init ] --END-- [ RunTime:0.000000s ]

[ 2017-07-25T10:13:50+08:00 ] 127.0.0.1 /index.php/Admin/game/index
INFO: [ app_init ] --START--
INFO: Run Behavior\BuildLiteBehavior [ RunTime:0.000000s ]
INFO: [ app_init ] --END-- [ RunTime:0.000000s ]

[ 2017-07-25T10:13:50+08:00 ] 127.0.0.1 /index.php/Admin/game/index
INFO: [ app_init ] --START--
INFO: Run Behavior\BuildLiteBehavior [ RunTime:0.001000s ]
INFO: [ app_init ] --END-- [ RunTime:0.001000s ]

[ 2017-07-25T10:14:10+08:00 ] 127.0.0.1 /index.php/Admin/game/index
INFO: [ app_init ] --START--
INFO: Run Behavior\BuildLiteBehavior [ RunTime:0.000000s ]
INFO: [ app_init ] --END-- [ RunTime:0.000000s ]

[ 2017-07-25T10:14:10+08:00 ] 127.0.0.1 /index.php/Admin/game/index
INFO: [ app_init ] --START--
INFO: Run Behavior\BuildLiteBehavior [ RunTime:0.000000s ]
INFO: [ app_init ] --END-- [ RunTime:0.001000s ]

[ 2017-07-25T10:14:13+08:00 ] 127.0.0.1 /index.php/Admin/game/addGame
INFO: [ app_init ] --START--
INFO: Run Behavior\BuildLiteBehavior [ RunTime:0.000000s ]
INFO: [ app_init ] --END-- [ RunTime:0.001000s ]

[ 2017-07-25T10:14:13+08:00 ] 127.0.0.1 /index.php/Admin/game/addGame
INFO: [ app_init ] --START--
INFO: Run Behavior\BuildLiteBehavior [ RunTime:0.000000s ]
INFO: [ app_init ] --END-- [ RunTime:0.001000s ]

[ 2017-07-25T10:14:24+08:00 ] 127.0.0.1 /index.php/Admin/game/addGame
INFO: [ app_init ] --START--
INFO: Run Behavior\BuildLiteBehavior [ RunTime:0.000000s ]
INFO: [ app_init ] --END-- [ RunTime:0.001000s ]
ERR: 1364:Field 'game_image' doesn't have a default value
 [ SQL语句 ] : INSERT INTO `fy_game` (`game_name`,`game_type`,`game_url`,`game_description`,`game_recommend`,`game_details`,`game_icon`) VALUES ('123','动作冒险','123','123','3','...这里直接调用文本编辑器...移除此处的“textarea”即可','20170725/{4F539B5F-AD76-4DA5-A626-793CBEF3921E}.png')

[ 2017-07-25T10:14:54+08:00 ] 127.0.0.1 /index.php/Admin/game/addGame
INFO: [ app_init ] --START--
INFO: Run Behavior\BuildLiteBehavior [ RunTime:0.000000s ]
INFO: [ app_init ] --END-- [ RunTime:0.000000s ]
ERR: 1364:Field 'game_image' doesn't have a default value
 [ SQL语句 ] : INSERT INTO `fy_game` (`game_name`,`game_type`,`game_url`,`game_description`,`game_recommend`,`game_details`,`game_icon`) VALUES ('123','动作冒险','123','123','3','...这里直接调用文本编辑器...移除此处的“textarea”即可','20170725/{181C54B6-DAA3-458B-A619-8CABAD58FCD2}.png')

[ 2017-07-25T10:14:58+08:00 ] 127.0.0.1 /index.php/Admin/game/addGame
INFO: [ app_init ] --START--
INFO: Run Behavior\BuildLiteBehavior [ RunTime:0.000000s ]
INFO: [ app_init ] --END-- [ RunTime:0.001000s ]
ERR: 1364:Field 'game_image' doesn't have a default value
 [ SQL语句 ] : INSERT INTO `fy_game` (`game_name`,`game_type`,`game_url`,`game_description`,`game_recommend`,`game_details`,`game_icon`) VALUES ('123','动作冒险','123','123','3','...这里直接调用文本编辑器...移除此处的“textarea”即可','20170725/{BDB78297-6D37-417F-83AB-3A27407162D1}.png')

[ 2017-07-25T10:14:59+08:00 ] 127.0.0.1 /index.php/Admin/game/index
INFO: [ app_init ] --START--
INFO: Run Behavior\BuildLiteBehavior [ RunTime:0.000000s ]
INFO: [ app_init ] --END-- [ RunTime:0.001000s ]

[ 2017-07-25T10:14:59+08:00 ] 127.0.0.1 /index.php/Admin/game/index
INFO: [ app_init ] --START--
INFO: Run Behavior\BuildLiteBehavior [ RunTime:0.000000s ]
INFO: [ app_init ] --END-- [ RunTime:0.000000s ]

[ 2017-07-25T10:15:00+08:00 ] 127.0.0.1 /index.php/Admin/game/addGame
INFO: [ app_init ] --START--
INFO: Run Behavior\BuildLiteBehavior [ RunTime:0.000000s ]
INFO: [ app_init ] --END-- [ RunTime:0.000000s ]

[ 2017-07-25T10:15:00+08:00 ] 127.0.0.1 /index.php/Admin/game/addGame
INFO: [ app_init ] --START--
INFO: Run Behavior\BuildLiteBehavior [ RunTime:0.000000s ]
INFO: [ app_init ] --END-- [ RunTime:0.000000s ]

[ 2017-07-25T10:15:02+08:00 ] 127.0.0.1 /index.php/Admin/game/addGame
INFO: [ app_init ] --START--
INFO: Run Behavior\BuildLiteBehavior [ RunTime:0.000000s ]
INFO: [ app_init ] --END-- [ RunTime:0.001000s ]

[ 2017-07-25T10:15:02+08:00 ] 127.0.0.1 /index.php/Admin/game/addGame
INFO: [ app_init ] --START--
INFO: Run Behavior\BuildLiteBehavior [ RunTime:0.000000s ]
INFO: [ app_init ] --END-- [ RunTime:0.000000s ]

[ 2017-07-25T10:32:08+08:00 ] 127.0.0.1 /index.php/Admin/game/addGame
INFO: [ app_init ] --START--
INFO: Run Behavior\BuildLiteBehavior [ RunTime:0.000000s ]
INFO: [ app_init ] --END-- [ RunTime:0.000000s ]

[ 2017-07-25T10:32:08+08:00 ] 127.0.0.1 /index.php/Admin/game/addGame
INFO: [ app_init ] --START--
INFO: Run Behavior\BuildLiteBehavior [ RunTime:0.000000s ]
INFO: [ app_init ] --END-- [ RunTime:0.001000s ]

[ 2017-07-25T10:32:20+08:00 ] 127.0.0.1 /index.php/Admin/game/addGame
INFO: [ app_init ] --START--
INFO: Run Behavior\BuildLiteBehavior [ RunTime:0.001000s ]
INFO: [ app_init ] --END-- [ RunTime:0.001000s ]
ERR: 1364:Field 'game_image' doesn't have a default value
 [ SQL语句 ] : INSERT INTO `fy_game` (`game_name`,`game_type`,`game_url`,`game_description`,`game_recommend`,`game_details`,`game_icon`) VALUES ('123','动作冒险','123','123','3','...这里直接调用文本编辑器...移除此处的“textarea”即可','20170725/{84CE0FFE-E04C-4988-88A6-F46707E46380}.png')

[ 2017-07-25T10:33:32+08:00 ] 127.0.0.1 /index.php/Admin/game/index
INFO: [ app_init ] --START--
INFO: Run Behavior\BuildLiteBehavior [ RunTime:0.000000s ]
INFO: [ app_init ] --END-- [ RunTime:0.002000s ]

[ 2017-07-25T10:33:32+08:00 ] 127.0.0.1 /index.php/Admin/game/index
INFO: [ app_init ] --START--
INFO: Run Behavior\BuildLiteBehavior [ RunTime:0.000000s ]
INFO: [ app_init ] --END-- [ RunTime:0.000000s ]

[ 2017-07-25T10:33:34+08:00 ] 127.0.0.1 /index.php/Admin/game/addGame
INFO: [ app_init ] --START--
INFO: Run Behavior\BuildLiteBehavior [ RunTime:0.000000s ]
INFO: [ app_init ] --END-- [ RunTime:0.001000s ]

[ 2017-07-25T10:33:34+08:00 ] 127.0.0.1 /index.php/Admin/game/addGame
INFO: [ app_init ] --START--
INFO: Run Behavior\BuildLiteBehavior [ RunTime:0.000000s ]
INFO: [ app_init ] --END-- [ RunTime:0.001001s ]

[ 2017-07-25T10:33:36+08:00 ] 127.0.0.1 /index.php/Admin/game/addGame
INFO: [ app_init ] --START--
INFO: Run Behavior\BuildLiteBehavior [ RunTime:0.000000s ]
INFO: [ app_init ] --END-- [ RunTime:0.001000s ]

[ 2017-07-25T10:33:36+08:00 ] 127.0.0.1 /index.php/Admin/game/addGame
INFO: [ app_init ] --START--
INFO: Run Behavior\BuildLiteBehavior [ RunTime:0.000000s ]
INFO: [ app_init ] --END-- [ RunTime:0.000000s ]

[ 2017-07-25T10:34:34+08:00 ] 127.0.0.1 /index.php/Admin/game/addGame
INFO: [ app_init ] --START--
INFO: Run Behavior\BuildLiteBehavior [ RunTime:0.000000s ]
INFO: [ app_init ] --END-- [ RunTime:0.001000s ]

[ 2017-07-25T10:34:34+08:00 ] 127.0.0.1 /index.php/Admin/game/addGame
INFO: [ app_init ] --START--
INFO: Run Behavior\BuildLiteBehavior [ RunTime:0.000000s ]
INFO: [ app_init ] --END-- [ RunTime:0.001000s ]

[ 2017-07-25T10:34:46+08:00 ] 127.0.0.1 /index.php/Admin/game/addGame
INFO: [ app_init ] --START--
INFO: Run Behavior\BuildLiteBehavior [ RunTime:0.000000s ]
INFO: [ app_init ] --END-- [ RunTime:0.001000s ]

[ 2017-07-25T10:35:04+08:00 ] 127.0.0.1 /index.php/Admin/game/index
INFO: [ app_init ] --START--
INFO: Run Behavior\BuildLiteBehavior [ RunTime:0.000000s ]
INFO: [ app_init ] --END-- [ RunTime:0.001000s ]

[ 2017-07-25T10:35:05+08:00 ] 127.0.0.1 /index.php/Admin/game/index
INFO: [ app_init ] --START--
INFO: Run Behavior\BuildLiteBehavior [ RunTime:0.000000s ]
INFO: [ app_init ] --END-- [ RunTime:0.000000s ]

[ 2017-07-25T10:35:06+08:00 ] 127.0.0.1 /index.php/Admin/game/addGame
INFO: [ app_init ] --START--
INFO: Run Behavior\BuildLiteBehavior [ RunTime:0.000000s ]
INFO: [ app_init ] --END-- [ RunTime:0.001000s ]

[ 2017-07-25T10:35:06+08:00 ] 127.0.0.1 /index.php/Admin/game/addGame
INFO: [ app_init ] --START--
INFO: Run Behavior\BuildLiteBehavior [ RunTime:0.000000s ]
INFO: [ app_init ] --END-- [ RunTime:0.001000s ]

[ 2017-07-25T10:35:07+08:00 ] 127.0.0.1 /index.php/Admin/game/addGame
INFO: [ app_init ] --START--
INFO: Run Behavior\BuildLiteBehavior [ RunTime:0.000000s ]
INFO: [ app_init ] --END-- [ RunTime:0.001001s ]

[ 2017-07-25T10:35:07+08:00 ] 127.0.0.1 /index.php/Admin/game/addGame
INFO: [ app_init ] --START--
INFO: Run Behavior\BuildLiteBehavior [ RunTime:0.000000s ]
INFO: [ app_init ] --END-- [ RunTime:0.001000s ]

[ 2017-07-25T10:35:19+08:00 ] 127.0.0.1 /index.php/Admin/game/addGame
INFO: [ app_init ] --START--
INFO: Run Behavior\BuildLiteBehavior [ RunTime:0.000000s ]
INFO: [ app_init ] --END-- [ RunTime:0.000000s ]

[ 2017-07-25T10:40:07+08:00 ] 127.0.0.1 /index.php/Admin/game/addGame
INFO: [ app_init ] --START--
INFO: Run Behavior\BuildLiteBehavior [ RunTime:0.000000s ]
INFO: [ app_init ] --END-- [ RunTime:0.001000s ]

[ 2017-07-25T10:41:00+08:00 ] 127.0.0.1 /index.php/Admin/game/index
INFO: [ app_init ] --START--
INFO: Run Behavior\BuildLiteBehavior [ RunTime:0.000000s ]
INFO: [ app_init ] --END-- [ RunTime:0.000000s ]

[ 2017-07-25T10:41:00+08:00 ] 127.0.0.1 /index.php/Admin/game/index
INFO: [ app_init ] --START--
INFO: Run Behavior\BuildLiteBehavior [ RunTime:0.000000s ]
INFO: [ app_init ] --END-- [ RunTime:0.000000s ]

[ 2017-07-25T10:41:02+08:00 ] 127.0.0.1 /index.php/Admin/game/index
INFO: [ app_init ] --START--
INFO: Run Behavior\BuildLiteBehavior [ RunTime:0.001000s ]
INFO: [ app_init ] --END-- [ RunTime:0.001000s ]

[ 2017-07-25T10:41:02+08:00 ] 127.0.0.1 /index.php/Admin/game/index
INFO: [ app_init ] --START--
INFO: Run Behavior\BuildLiteBehavior [ RunTime:0.000000s ]
INFO: [ app_init ] --END-- [ RunTime:0.001000s ]

[ 2017-07-25T10:41:09+08:00 ] 127.0.0.1 /index.php/Admin/game/addGame
INFO: [ app_init ] --START--
INFO: Run Behavior\BuildLiteBehavior [ RunTime:0.000000s ]
INFO: [ app_init ] --END-- [ RunTime:0.000000s ]

[ 2017-07-25T10:41:09+08:00 ] 127.0.0.1 /index.php/Admin/game/addGame
INFO: [ app_init ] --START--
INFO: Run Behavior\BuildLiteBehavior [ RunTime:0.000000s ]
INFO: [ app_init ] --END-- [ RunTime:0.000000s ]

[ 2017-07-25T10:41:23+08:00 ] 127.0.0.1 /index.php/Admin/game/addGame
INFO: [ app_init ] --START--
INFO: Run Behavior\BuildLiteBehavior [ RunTime:0.001000s ]
INFO: [ app_init ] --END-- [ RunTime:0.002000s ]
ERR: 1364:Field 'game_addTime' doesn't have a default value
 [ SQL语句 ] : INSERT INTO `fy_game` (`game_name`,`game_type`,`game_url`,`game_description`,`game_recommend`,`game_details`,`game_icon`,`game_image`) VALUES ('123','动作冒险','123','123','3','...这里直接调用文本编辑器...移除此处的“textarea”即可','20170725/{0F2A85C9-8A34-4C68-B3F0-115247C70F75}.png','20170725/5976afd36ffb9.jpg')

[ 2017-07-25T10:44:10+08:00 ] 127.0.0.1 /index.php/Admin/game/addGame
INFO: [ app_init ] --START--
INFO: Run Behavior\BuildLiteBehavior [ RunTime:0.000000s ]
INFO: [ app_init ] --END-- [ RunTime:0.001000s ]

[ 2017-07-25T10:44:10+08:00 ] 127.0.0.1 /index.php/Admin/game/addGame
INFO: [ app_init ] --START--
INFO: Run Behavior\BuildLiteBehavior [ RunTime:0.000000s ]
INFO: [ app_init ] --END-- [ RunTime:0.001000s ]

[ 2017-07-25T10:44:11+08:00 ] 127.0.0.1 /index.php/Admin/Game/index
INFO: [ app_init ] --START--
INFO: Run Behavior\BuildLiteBehavior [ RunTime:0.000000s ]
INFO: [ app_init ] --END-- [ RunTime:0.001000s ]

[ 2017-07-25T10:44:11+08:00 ] 127.0.0.1 /index.php/Admin/Game/index
INFO: [ app_init ] --START--
INFO: Run Behavior\BuildLiteBehavior [ RunTime:0.000000s ]
INFO: [ app_init ] --END-- [ RunTime:0.001000s ]

[ 2017-07-25T10:44:18+08:00 ] 127.0.0.1 /index.php/Admin/game/addGame
INFO: [ app_init ] --START--
INFO: Run Behavior\BuildLiteBehavior [ RunTime:0.000000s ]
INFO: [ app_init ] --END-- [ RunTime:0.002000s ]

[ 2017-07-25T10:44:18+08:00 ] 127.0.0.1 /index.php/Admin/game/addGame
INFO: [ app_init ] --START--
INFO: Run Behavior\BuildLiteBehavior [ RunTime:0.000000s ]
INFO: [ app_init ] --END-- [ RunTime:0.001001s ]

[ 2017-07-25T10:44:33+08:00 ] 127.0.0.1 /index.php/Admin/game/addGame
INFO: [ app_init ] --START--
INFO: Run Behavior\BuildLiteBehavior [ RunTime:0.000000s ]
INFO: [ app_init ] --END-- [ RunTime:0.002000s ]

[ 2017-07-25T10:44:33+08:00 ] 127.0.0.1 /index.php/Admin/game/addGame
INFO: [ app_init ] --START--
INFO: Run Behavior\BuildLiteBehavior [ RunTime:0.000000s ]
INFO: [ app_init ] --END-- [ RunTime:0.001000s ]

[ 2017-07-25T10:44:34+08:00 ] 127.0.0.1 /index.php/Admin/Game/index
INFO: [ app_init ] --START--
INFO: Run Behavior\BuildLiteBehavior [ RunTime:0.000000s ]
INFO: [ app_init ] --END-- [ RunTime:0.001000s ]

[ 2017-07-25T10:44:34+08:00 ] 127.0.0.1 /index.php/Admin/Game/index
INFO: [ app_init ] --START--
INFO: Run Behavior\BuildLiteBehavior [ RunTime:0.000000s ]
INFO: [ app_init ] --END-- [ RunTime:0.000000s ]

[ 2017-07-25T10:45:02+08:00 ] 127.0.0.1 /index.php/Admin/Game/index
INFO: [ app_init ] --START--
INFO: Run Behavior\BuildLiteBehavior [ RunTime:0.000000s ]
INFO: [ app_init ] --END-- [ RunTime:0.001000s ]

[ 2017-07-25T10:45:02+08:00 ] 127.0.0.1 /index.php/Admin/Game/index
INFO: [ app_init ] --START--
INFO: Run Behavior\BuildLiteBehavior [ RunTime:0.000000s ]
INFO: [ app_init ] --END-- [ RunTime:0.000000s ]

[ 2017-07-25T10:45:03+08:00 ] 127.0.0.1 /index.php/Admin/game/addGame
INFO: [ app_init ] --START--
INFO: Run Behavior\BuildLiteBehavior [ RunTime:0.000000s ]
INFO: [ app_init ] --END-- [ RunTime:0.000000s ]

[ 2017-07-25T10:45:03+08:00 ] 127.0.0.1 /index.php/Admin/game/addGame
INFO: [ app_init ] --START--
INFO: Run Behavior\BuildLiteBehavior [ RunTime:0.000000s ]
INFO: [ app_init ] --END-- [ RunTime:0.001000s ]

[ 2017-07-25T10:45:13+08:00 ] 127.0.0.1 /index.php/Admin/game/addGame
INFO: [ app_init ] --START--
INFO: Run Behavior\BuildLiteBehavior [ RunTime:0.000000s ]
INFO: [ app_init ] --END-- [ RunTime:0.001000s ]

[ 2017-07-25T10:45:13+08:00 ] 127.0.0.1 /index.php/Admin/game/addGame
INFO: [ app_init ] --START--
INFO: Run Behavior\BuildLiteBehavior [ RunTime:0.000000s ]
INFO: [ app_init ] --END-- [ RunTime:0.001000s ]

[ 2017-07-25T10:45:14+08:00 ] 127.0.0.1 /index.php/Admin/game/addGame
INFO: [ app_init ] --START--
INFO: Run Behavior\BuildLiteBehavior [ RunTime:0.000000s ]
INFO: [ app_init ] --END-- [ RunTime:0.001000s ]

[ 2017-07-25T10:45:14+08:00 ] 127.0.0.1 /index.php/Admin/game/addGame
INFO: [ app_init ] --START--
INFO: Run Behavior\BuildLiteBehavior [ RunTime:0.000000s ]
INFO: [ app_init ] --END-- [ RunTime:0.000000s ]

[ 2017-07-25T10:45:22+08:00 ] 127.0.0.1 /
INFO: [ app_init ] --START--
INFO: Run Behavior\BuildLiteBehavior [ RunTime:0.000000s ]
INFO: [ app_init ] --END-- [ RunTime:0.001000s ]

[ 2017-07-25T10:45:22+08:00 ] 127.0.0.1 /index.php/Admin/index/top
INFO: [ app_init ] --START--
INFO: Run Behavior\BuildLiteBehavior [ RunTime:0.000000s ]
INFO: [ app_init ] --END-- [ RunTime:0.001000s ]

[ 2017-07-25T10:45:22+08:00 ] 127.0.0.1 /index.php/Admin/index/bar
INFO: [ app_init ] --START--
INFO: Run Behavior\BuildLiteBehavior [ RunTime:0.000000s ]
INFO: [ app_init ] --END-- [ RunTime:0.000000s ]

[ 2017-07-25T10:45:22+08:00 ] 127.0.0.1 /index.php/Admin/index/main
INFO: [ app_init ] --START--
INFO: Run Behavior\BuildLiteBehavior [ RunTime:0.000000s ]
INFO: [ app_init ] --END-- [ RunTime:0.002000s ]

[ 2017-07-25T10:45:22+08:00 ] 127.0.0.1 /index.php/Admin/index/menu
INFO: [ app_init ] --START--
INFO: Run Behavior\BuildLiteBehavior [ RunTime:0.000000s ]
INFO: [ app_init ] --END-- [ RunTime:0.001000s ]

[ 2017-07-25T10:46:48+08:00 ] 127.0.0.1 /index.php/Admin/game/index
INFO: [ app_init ] --START--
INFO: Run Behavior\BuildLiteBehavior [ RunTime:0.000000s ]
INFO: [ app_init ] --END-- [ RunTime:0.001000s ]

[ 2017-07-25T10:46:48+08:00 ] 127.0.0.1 /index.php/Admin/game/index
INFO: [ app_init ] --START--
INFO: Run Behavior\BuildLiteBehavior [ RunTime:0.000000s ]
INFO: [ app_init ] --END-- [ RunTime:0.001000s ]

[ 2017-07-25T10:46:56+08:00 ] 127.0.0.1 /index.php/Admin/game/addGame
INFO: [ app_init ] --START--
INFO: Run Behavior\BuildLiteBehavior [ RunTime:0.000000s ]
INFO: [ app_init ] --END-- [ RunTime:0.001000s ]

[ 2017-07-25T10:46:56+08:00 ] 127.0.0.1 /index.php/Admin/game/addGame
INFO: [ app_init ] --START--
INFO: Run Behavior\BuildLiteBehavior [ RunTime:0.000000s ]
INFO: [ app_init ] --END-- [ RunTime:0.001000s ]

[ 2017-07-25T10:47:02+08:00 ] 127.0.0.1 /index.php/Admin/game/addGame
INFO: [ app_init ] --START--
INFO: Run Behavior\BuildLiteBehavior [ RunTime:0.001000s ]
INFO: [ app_init ] --END-- [ RunTime:0.001000s ]

[ 2017-07-25T10:47:02+08:00 ] 127.0.0.1 /index.php/Admin/game/addGame
INFO: [ app_init ] --START--
INFO: Run Behavior\BuildLiteBehavior [ RunTime:0.000000s ]
INFO: [ app_init ] --END-- [ RunTime:0.000000s ]

[ 2017-07-25T10:47:12+08:00 ] 127.0.0.1 /index.php/Admin/game/addGame
INFO: [ app_init ] --START--
INFO: Run Behavior\BuildLiteBehavior [ RunTime:0.000000s ]
INFO: [ app_init ] --END-- [ RunTime:0.001000s ]

[ 2017-07-25T10:47:12+08:00 ] 127.0.0.1 /index.php/Admin/game/addGame
INFO: [ app_init ] --START--
INFO: Run Behavior\BuildLiteBehavior [ RunTime:0.000000s ]
INFO: [ app_init ] --END-- [ RunTime:0.001000s ]

[ 2017-07-25T10:47:51+08:00 ] 127.0.0.1 /index.php/Admin/game/addGame
INFO: [ app_init ] --START--
INFO: Run Behavior\BuildLiteBehavior [ RunTime:0.000000s ]
INFO: [ app_init ] --END-- [ RunTime:0.001000s ]

[ 2017-07-25T10:47:51+08:00 ] 127.0.0.1 /index.php/Admin/game/addGame
INFO: [ app_init ] --START--
INFO: Run Behavior\BuildLiteBehavior [ RunTime:0.000000s ]
INFO: [ app_init ] --END-- [ RunTime:0.001000s ]

[ 2017-07-25T10:47:52+08:00 ] 127.0.0.1 /index.php/Admin/game/game_list.html
INFO: [ app_init ] --START--
INFO: Run Behavior\BuildLiteBehavior [ RunTime:0.000000s ]
INFO: [ app_init ] --END-- [ RunTime:0.001001s ]

[ 2017-07-25T10:47:52+08:00 ] 127.0.0.1 /index.php/Admin/game/game_list.html
INFO: [ app_init ] --START--
INFO: Run Behavior\BuildLiteBehavior [ RunTime:0.000000s ]
INFO: [ app_init ] --END-- [ RunTime:0.001000s ]

[ 2017-07-25T10:47:53+08:00 ] 127.0.0.1 /index.php/Admin/game/addGame
INFO: [ app_init ] --START--
INFO: Run Behavior\BuildLiteBehavior [ RunTime:0.000000s ]
INFO: [ app_init ] --END-- [ RunTime:0.001000s ]

[ 2017-07-25T10:47:53+08:00 ] 127.0.0.1 /index.php/Admin/game/addGame
INFO: [ app_init ] --START--
INFO: Run Behavior\BuildLiteBehavior [ RunTime:0.000000s ]
INFO: [ app_init ] --END-- [ RunTime:0.001000s ]

[ 2017-07-25T10:47:55+08:00 ] 127.0.0.1 /index.php/Admin/game/addGame
INFO: [ app_init ] --START--
INFO: Run Behavior\BuildLiteBehavior [ RunTime:0.000000s ]
INFO: [ app_init ] --END-- [ RunTime:0.001000s ]

[ 2017-07-25T10:47:55+08:00 ] 127.0.0.1 /index.php/Admin/game/addGame
INFO: [ app_init ] --START--
INFO: Run Behavior\BuildLiteBehavior [ RunTime:0.000000s ]
INFO: [ app_init ] --END-- [ RunTime:0.000000s ]

[ 2017-07-25T10:48:10+08:00 ] 127.0.0.1 /index.php/Admin/game/addGame
INFO: [ app_init ] --START--
INFO: Run Behavior\BuildLiteBehavior [ RunTime:0.000000s ]
INFO: [ app_init ] --END-- [ RunTime:0.001000s ]

[ 2017-07-25T10:48:11+08:00 ] 127.0.0.1 /index.php/Admin/game/addGame
INFO: [ app_init ] --START--
INFO: Run Behavior\BuildLiteBehavior [ RunTime:0.000000s ]
INFO: [ app_init ] --END-- [ RunTime:0.001000s ]

[ 2017-07-25T10:48:11+08:00 ] 127.0.0.1 /index.php/Admin/game/addGame
INFO: [ app_init ] --START--
INFO: Run Behavior\BuildLiteBehavior [ RunTime:0.000000s ]
INFO: [ app_init ] --END-- [ RunTime:0.001000s ]

[ 2017-07-25T11:08:04+08:00 ] 127.0.0.1 /index.php/Admin/game/addGame
INFO: [ app_init ] --START--
INFO: Run Behavior\BuildLiteBehavior [ RunTime:0.000000s ]
INFO: [ app_init ] --END-- [ RunTime:0.002000s ]

[ 2017-07-25T11:08:04+08:00 ] 127.0.0.1 /index.php/Admin/game/addGame
INFO: [ app_init ] --START--
INFO: Run Behavior\BuildLiteBehavior [ RunTime:0.000000s ]
INFO: [ app_init ] --END-- [ RunTime:0.000000s ]

[ 2017-07-25T11:34:03+08:00 ] 127.0.0.1 /index.php/Admin/game/addGame
INFO: [ app_init ] --START--
INFO: Run Behavior\BuildLiteBehavior [ RunTime:0.000000s ]
INFO: [ app_init ] --END-- [ RunTime:0.001000s ]

[ 2017-07-25T11:34:03+08:00 ] 127.0.0.1 /index.php/Admin/game/addGame
INFO: [ app_init ] --START--
INFO: Run Behavior\BuildLiteBehavior [ RunTime:0.000000s ]
INFO: [ app_init ] --END-- [ RunTime:0.001000s ]

[ 2017-07-25T11:34:17+08:00 ] 127.0.0.1 /index.php/Admin/game/addGame
INFO: [ app_init ] --START--
INFO: Run Behavior\BuildLiteBehavior [ RunTime:0.000000s ]
INFO: [ app_init ] --END-- [ RunTime:0.001000s ]
ERR: 不存在的图像文件

[ 2017-07-25T11:34:28+08:00 ] 127.0.0.1 /index.php/Admin/game/addGame
INFO: [ app_init ] --START--
INFO: Run Behavior\BuildLiteBehavior [ RunTime:0.000000s ]
INFO: [ app_init ] --END-- [ RunTime:0.001000s ]
ERR: 不存在的图像文件

[ 2017-07-25T11:34:29+08:00 ] 127.0.0.1 /index.php/Admin/game/addGame
INFO: [ app_init ] --START--
INFO: Run Behavior\BuildLiteBehavior [ RunTime:0.000000s ]
INFO: [ app_init ] --END-- [ RunTime:0.000000s ]

[ 2017-07-25T11:34:35+08:00 ] 127.0.0.1 /index.php/Admin/game/addGame
INFO: [ app_init ] --START--
INFO: Run Behavior\BuildLiteBehavior [ RunTime:0.000000s ]
INFO: [ app_init ] --END-- [ RunTime:0.001000s ]
ERR: 不存在的图像文件

[ 2017-07-25T11:35:10+08:00 ] 127.0.0.1 /index.php/Admin/game/addGame
INFO: [ app_init ] --START--
INFO: Run Behavior\BuildLiteBehavior [ RunTime:0.000000s ]
INFO: [ app_init ] --END-- [ RunTime:0.001000s ]
ERR: 不存在的图像文件

[ 2017-07-25T11:35:11+08:00 ] 127.0.0.1 /index.php/Admin/game/index
INFO: [ app_init ] --START--
INFO: Run Behavior\BuildLiteBehavior [ RunTime:0.000000s ]
INFO: [ app_init ] --END-- [ RunTime:0.002001s ]

[ 2017-07-25T11:35:11+08:00 ] 127.0.0.1 /index.php/Admin/game/index
INFO: [ app_init ] --START--
INFO: Run Behavior\BuildLiteBehavior [ RunTime:0.000000s ]
INFO: [ app_init ] --END-- [ RunTime:0.001000s ]

[ 2017-07-25T11:35:12+08:00 ] 127.0.0.1 /index.php/Admin/game/addGame
INFO: [ app_init ] --START--
INFO: Run Behavior\BuildLiteBehavior [ RunTime:0.000000s ]
INFO: [ app_init ] --END-- [ RunTime:0.003000s ]

[ 2017-07-25T11:35:12+08:00 ] 127.0.0.1 /index.php/Admin/game/addGame
INFO: [ app_init ] --START--
INFO: Run Behavior\BuildLiteBehavior [ RunTime:0.000000s ]
INFO: [ app_init ] --END-- [ RunTime:0.000000s ]

[ 2017-07-25T11:35:14+08:00 ] 127.0.0.1 /index.php/Admin/game/addGame
INFO: [ app_init ] --START--
INFO: Run Behavior\BuildLiteBehavior [ RunTime:0.000000s ]
INFO: [ app_init ] --END-- [ RunTime:0.000000s ]

[ 2017-07-25T11:35:14+08:00 ] 127.0.0.1 /index.php/Admin/game/addGame
INFO: [ app_init ] --START--
INFO: Run Behavior\BuildLiteBehavior [ RunTime:0.000000s ]
INFO: [ app_init ] --END-- [ RunTime:0.000000s ]

[ 2017-07-25T11:35:18+08:00 ] 127.0.0.1 /index.php/Admin/game/addGame
INFO: [ app_init ] --START--
INFO: Run Behavior\BuildLiteBehavior [ RunTime:0.001000s ]
INFO: [ app_init ] --END-- [ RunTime:0.001000s ]
ERR: 不存在的图像文件

[ 2017-07-25T11:35:51+08:00 ] 127.0.0.1 /index.php/Admin/game/addGame
INFO: [ app_init ] --START--
INFO: Run Behavior\BuildLiteBehavior [ RunTime:0.000000s ]
INFO: [ app_init ] --END-- [ RunTime:0.000000s ]
ERR: 不存在的图像文件

[ 2017-07-25T11:35:53+08:00 ] 127.0.0.1 /index.php/Admin/game/index
INFO: [ app_init ] --START--
INFO: Run Behavior\BuildLiteBehavior [ RunTime:0.000000s ]
INFO: [ app_init ] --END-- [ RunTime:0.001000s ]

[ 2017-07-25T11:35:53+08:00 ] 127.0.0.1 /index.php/Admin/game/index
INFO: [ app_init ] --START--
INFO: Run Behavior\BuildLiteBehavior [ RunTime:0.000000s ]
INFO: [ app_init ] --END-- [ RunTime:0.001000s ]

[ 2017-07-25T11:35:56+08:00 ] 127.0.0.1 /index.php/Admin/game/addGame
INFO: [ app_init ] --START--
INFO: Run Behavior\BuildLiteBehavior [ RunTime:0.000000s ]
INFO: [ app_init ] --END-- [ RunTime:0.001000s ]

[ 2017-07-25T11:35:56+08:00 ] 127.0.0.1 /index.php/Admin/game/addGame
INFO: [ app_init ] --START--
INFO: Run Behavior\BuildLiteBehavior [ RunTime:0.000000s ]
INFO: [ app_init ] --END-- [ RunTime:0.001000s ]

[ 2017-07-25T11:35:57+08:00 ] 127.0.0.1 /index.php/Admin/game/addGame
INFO: [ app_init ] --START--
INFO: Run Behavior\BuildLiteBehavior [ RunTime:0.000000s ]
INFO: [ app_init ] --END-- [ RunTime:0.001000s ]

[ 2017-07-25T11:35:57+08:00 ] 127.0.0.1 /index.php/Admin/game/addGame
INFO: [ app_init ] --START--
INFO: Run Behavior\BuildLiteBehavior [ RunTime:0.000000s ]
INFO: [ app_init ] --END-- [ RunTime:0.001000s ]

[ 2017-07-25T11:36:01+08:00 ] 127.0.0.1 /index.php/Admin/game/addGame
INFO: [ app_init ] --START--
INFO: Run Behavior\BuildLiteBehavior [ RunTime:0.000000s ]
INFO: [ app_init ] --END-- [ RunTime:0.001000s ]
ERR: 不存在的图像文件

[ 2017-07-25T11:38:24+08:00 ] 127.0.0.1 /index.php/Admin/game/addGame
INFO: [ app_init ] --START--
INFO: Run Behavior\BuildLiteBehavior [ RunTime:0.000000s ]
INFO: [ app_init ] --END-- [ RunTime:0.002000s ]
ERR: 不存在的图像文件

[ 2017-07-25T11:53:18+08:00 ] 127.0.0.1 /index.php/Admin/game/index
INFO: [ app_init ] --START--
INFO: Run Behavior\BuildLiteBehavior [ RunTime:0.000000s ]
INFO: [ app_init ] --END-- [ RunTime:0.002000s ]

[ 2017-07-25T11:53:18+08:00 ] 127.0.0.1 /index.php/Admin/game/index
INFO: [ app_init ] --START--
INFO: Run Behavior\BuildLiteBehavior [ RunTime:0.000000s ]
INFO: [ app_init ] --END-- [ RunTime:0.000000s ]

[ 2017-07-25T11:53:21+08:00 ] 127.0.0.1 /index.php/Admin/game/index
INFO: [ app_init ] --START--
INFO: Run Behavior\BuildLiteBehavior [ RunTime:0.000000s ]
INFO: [ app_init ] --END-- [ RunTime:0.000000s ]

[ 2017-07-25T11:53:21+08:00 ] 127.0.0.1 /index.php/Admin/game/index
INFO: [ app_init ] --START--
INFO: Run Behavior\BuildLiteBehavior [ RunTime:0.000000s ]
INFO: [ app_init ] --END-- [ RunTime:0.001000s ]

[ 2017-07-25T11:53:22+08:00 ] 127.0.0.1 /index.php/Admin/game/index
INFO: [ app_init ] --START--
INFO: Run Behavior\BuildLiteBehavior [ RunTime:0.000000s ]
INFO: [ app_init ] --END-- [ RunTime:0.001000s ]

[ 2017-07-25T11:53:22+08:00 ] 127.0.0.1 /index.php/Admin/game/index
INFO: [ app_init ] --START--
INFO: Run Behavior\BuildLiteBehavior [ RunTime:0.000000s ]
INFO: [ app_init ] --END-- [ RunTime:0.001000s ]

[ 2017-07-25T11:53:23+08:00 ] 127.0.0.1 /index.php/Admin/game/addGame
INFO: [ app_init ] --START--
INFO: Run Behavior\BuildLiteBehavior [ RunTime:0.000000s ]
INFO: [ app_init ] --END-- [ RunTime:0.000000s ]

[ 2017-07-25T11:53:23+08:00 ] 127.0.0.1 /index.php/Admin/game/addGame
INFO: [ app_init ] --START--
INFO: Run Behavior\BuildLiteBehavior [ RunTime:0.000000s ]
INFO: [ app_init ] --END-- [ RunTime:0.000000s ]

[ 2017-07-25T11:53:28+08:00 ] 127.0.0.1 /index.php/Admin/game/addGame
INFO: [ app_init ] --START--
INFO: Run Behavior\BuildLiteBehavior [ RunTime:0.000000s ]
INFO: [ app_init ] --END-- [ RunTime:0.001001s ]

[ 2017-07-25T11:54:33+08:00 ] 127.0.0.1 /index.php/Admin/game/addGame
INFO: [ app_init ] --START--
INFO: Run Behavior\BuildLiteBehavior [ RunTime:0.000000s ]
INFO: [ app_init ] --END-- [ RunTime:0.001000s ]

[ 2017-07-25T11:55:48+08:00 ] 127.0.0.1 /index.php/Admin/game/addGame
INFO: [ app_init ] --START--
INFO: Run Behavior\BuildLiteBehavior [ RunTime:0.000000s ]
INFO: [ app_init ] --END-- [ RunTime:0.001000s ]

[ 2017-07-25T11:56:50+08:00 ] 127.0.0.1 /index.php/Admin/game/addGame
INFO: [ app_init ] --START--
INFO: Run Behavior\BuildLiteBehavior [ RunTime:0.000000s ]
INFO: [ app_init ] --END-- [ RunTime:0.001000s ]

[ 2017-07-25T11:57:13+08:00 ] 127.0.0.1 /index.php/Admin/game/addGame
INFO: [ app_init ] --START--
INFO: Run Behavior\BuildLiteBehavior [ RunTime:0.000000s ]
INFO: [ app_init ] --END-- [ RunTime:0.000000s ]

[ 2017-07-25T12:01:19+08:00 ] 127.0.0.1 /index.php/Admin/game/addGame
INFO: [ app_init ] --START--
INFO: Run Behavior\BuildLiteBehavior [ RunTime:0.000000s ]
INFO: [ app_init ] --END-- [ RunTime:0.000000s ]

[ 2017-07-25T13:59:19+08:00 ] 127.0.0.1 /index.php/Admin/game/index
INFO: [ app_init ] --START--
INFO: Run Behavior\BuildLiteBehavior [ RunTime:0.000000s ]
INFO: [ app_init ] --END-- [ RunTime:0.001000s ]

[ 2017-07-25T13:59:19+08:00 ] 127.0.0.1 /index.php/Admin/game/index
INFO: [ app_init ] --START--
INFO: Run Behavior\BuildLiteBehavior [ RunTime:0.000000s ]
INFO: [ app_init ] --END-- [ RunTime:0.001000s ]

[ 2017-07-25T13:59:21+08:00 ] 127.0.0.1 /index.php/Admin/game/index
INFO: [ app_init ] --START--
INFO: Run Behavior\BuildLiteBehavior [ RunTime:0.000000s ]
INFO: [ app_init ] --END-- [ RunTime:0.001000s ]

[ 2017-07-25T13:59:21+08:00 ] 127.0.0.1 /index.php/Admin/game/index
INFO: [ app_init ] --START--
INFO: Run Behavior\BuildLiteBehavior [ RunTime:0.001000s ]
INFO: [ app_init ] --END-- [ RunTime:0.001000s ]

[ 2017-07-25T13:59:23+08:00 ] 127.0.0.1 /index.php/Admin/game/addGame
INFO: [ app_init ] --START--
INFO: Run Behavior\BuildLiteBehavior [ RunTime:0.000000s ]
INFO: [ app_init ] --END-- [ RunTime:0.001000s ]

[ 2017-07-25T13:59:23+08:00 ] 127.0.0.1 /index.php/Admin/game/addGame
INFO: [ app_init ] --START--
INFO: Run Behavior\BuildLiteBehavior [ RunTime:0.000000s ]
INFO: [ app_init ] --END-- [ RunTime:0.001000s ]

[ 2017-07-25T13:59:25+08:00 ] 127.0.0.1 /index.php/Admin/game/addGame
INFO: [ app_init ] --START--
INFO: Run Behavior\BuildLiteBehavior [ RunTime:0.000000s ]
INFO: [ app_init ] --END-- [ RunTime:0.001000s ]

[ 2017-07-25T13:59:25+08:00 ] 127.0.0.1 /index.php/Admin/game/addGame
INFO: [ app_init ] --START--
INFO: Run Behavior\BuildLiteBehavior [ RunTime:0.000000s ]
INFO: [ app_init ] --END-- [ RunTime:0.001000s ]

[ 2017-07-25T14:00:00+08:00 ] 127.0.0.1 /index.php/Admin/game/addGame
INFO: [ app_init ] --START--
INFO: Run Behavior\BuildLiteBehavior [ RunTime:0.000000s ]
INFO: [ app_init ] --END-- [ RunTime:0.001000s ]

[ 2017-07-25T14:00:01+08:00 ] 127.0.0.1 /index.php/Admin/game/addGame
INFO: [ app_init ] --START--
INFO: Run Behavior\BuildLiteBehavior [ RunTime:0.000000s ]
INFO: [ app_init ] --END-- [ RunTime:0.001000s ]

[ 2017-07-25T14:00:01+08:00 ] 127.0.0.1 /index.php/Admin/game/addGame
INFO: [ app_init ] --START--
INFO: Run Behavior\BuildLiteBehavior [ RunTime:0.000000s ]
INFO: [ app_init ] --END-- [ RunTime:0.000000s ]

[ 2017-07-25T14:02:58+08:00 ] 127.0.0.1 /index.php/Admin/game/addGame
INFO: [ app_init ] --START--
INFO: Run Behavior\BuildLiteBehavior [ RunTime:0.000000s ]
INFO: [ app_init ] --END-- [ RunTime:0.001000s ]

[ 2017-07-25T14:02:58+08:00 ] 127.0.0.1 /index.php/Admin/game/addGame
INFO: [ app_init ] --START--
INFO: Run Behavior\BuildLiteBehavior [ RunTime:0.000000s ]
INFO: [ app_init ] --END-- [ RunTime:0.001000s ]

[ 2017-07-25T14:03:13+08:00 ] 127.0.0.1 /index.php/Admin/game/addGame
INFO: [ app_init ] --START--
INFO: Run Behavior\BuildLiteBehavior [ RunTime:0.000000s ]
INFO: [ app_init ] --END-- [ RunTime:0.001000s ]

[ 2017-07-25T14:03:13+08:00 ] 127.0.0.1 /index.php/Admin/game/addGame
INFO: [ app_init ] --START--
INFO: Run Behavior\BuildLiteBehavior [ RunTime:0.000000s ]
INFO: [ app_init ] --END-- [ RunTime:0.001000s ]

[ 2017-07-25T14:03:23+08:00 ] 127.0.0.1 /index.php/Admin/game/addGame
INFO: [ app_init ] --START--
INFO: Run Behavior\BuildLiteBehavior [ RunTime:0.000000s ]
INFO: [ app_init ] --END-- [ RunTime:0.001000s ]
ERR: 1062:Duplicate entry '54654' for key 'game_name'
 [ SQL语句 ] : INSERT INTO `fy_game` (`game_name`,`game_type`,`game_url`,`game_description`,`game_recommend`,`game_details`,`game_icon`,`game_thumbIcon`,`game_image`,`game_addTime`) VALUES ('54654','动作冒险','6546546','56464645','3','...这里直接调用文本编辑器...移除此处的“textarea”即可','20170725/5976df2b904ed.png','./Uploads/gameIcon/thumb/mini_5976df2b904ed.png','20170725/5976df2b9dbc8.png','2017-07-25 14:03:23')

[ 2017-07-25T14:03:59+08:00 ] 127.0.0.1 /index.php/Admin/game/index
INFO: [ app_init ] --START--
INFO: Run Behavior\BuildLiteBehavior [ RunTime:0.000000s ]
INFO: [ app_init ] --END-- [ RunTime:0.001000s ]

[ 2017-07-25T14:03:59+08:00 ] 127.0.0.1 /index.php/Admin/game/index
INFO: [ app_init ] --START--
INFO: Run Behavior\BuildLiteBehavior [ RunTime:0.000000s ]
INFO: [ app_init ] --END-- [ RunTime:0.000000s ]

[ 2017-07-25T14:04:00+08:00 ] 127.0.0.1 /index.php/Admin/game/addGame
INFO: [ app_init ] --START--
INFO: Run Behavior\BuildLiteBehavior [ RunTime:0.000000s ]
INFO: [ app_init ] --END-- [ RunTime:0.001000s ]

[ 2017-07-25T14:04:00+08:00 ] 127.0.0.1 /index.php/Admin/game/addGame
INFO: [ app_init ] --START--
INFO: Run Behavior\BuildLiteBehavior [ RunTime:0.000000s ]
INFO: [ app_init ] --END-- [ RunTime:0.001000s ]

[ 2017-07-25T14:04:13+08:00 ] 127.0.0.1 /index.php/Admin/game/addGame
INFO: [ app_init ] --START--
INFO: Run Behavior\BuildLiteBehavior [ RunTime:0.000000s ]
INFO: [ app_init ] --END-- [ RunTime:0.001000s ]

[ 2017-07-25T14:04:16+08:00 ] 127.0.0.1 /index.php/Admin/game/addGame
INFO: [ app_init ] --START--
INFO: Run Behavior\BuildLiteBehavior [ RunTime:0.000000s ]
INFO: [ app_init ] --END-- [ RunTime:0.001000s ]

[ 2017-07-25T14:04:24+08:00 ] 127.0.0.1 /index.php/Admin/game/addGame
INFO: [ app_init ] --START--
INFO: Run Behavior\BuildLiteBehavior [ RunTime:0.000000s ]
INFO: [ app_init ] --END-- [ RunTime:0.001000s ]

[ 2017-07-25T14:04:25+08:00 ] 127.0.0.1 /index.php/Admin/game/addGame
INFO: [ app_init ] --START--
INFO: Run Behavior\BuildLiteBehavior [ RunTime:0.000000s ]
INFO: [ app_init ] --END-- [ RunTime:0.001000s ]

[ 2017-07-25T14:04:25+08:00 ] 127.0.0.1 /index.php/Admin/game/addGame
INFO: [ app_init ] --START--
INFO: Run Behavior\BuildLiteBehavior [ RunTime:0.001000s ]
INFO: [ app_init ] --END-- [ RunTime:0.001000s ]

[ 2017-07-25T14:11:07+08:00 ] 127.0.0.1 /index.php/Admin/game/addGame
INFO: [ app_init ] --START--
INFO: Run Behavior\BuildLiteBehavior [ RunTime:0.000000s ]
INFO: [ app_init ] --END-- [ RunTime:0.001000s ]

[ 2017-07-25T14:11:08+08:00 ] 127.0.0.1 /index.php/Admin/game/addGame
INFO: [ app_init ] --START--
INFO: Run Behavior\BuildLiteBehavior [ RunTime:0.001000s ]
INFO: [ app_init ] --END-- [ RunTime:0.001000s ]

[ 2017-07-25T14:11:23+08:00 ] 127.0.0.1 /index.php/Admin/game/addGame
INFO: [ app_init ] --START--
INFO: Run Behavior\BuildLiteBehavior [ RunTime:0.000000s ]
INFO: [ app_init ] --END-- [ RunTime:0.001000s ]

[ 2017-07-25T14:11:24+08:00 ] 127.0.0.1 /index.php/Admin/game/addGame
INFO: [ app_init ] --START--
INFO: Run Behavior\BuildLiteBehavior [ RunTime:0.001000s ]
INFO: [ app_init ] --END-- [ RunTime:0.001000s ]

[ 2017-07-25T14:11:24+08:00 ] 127.0.0.1 /index.php/Admin/game/addGame
INFO: [ app_init ] --START--
INFO: Run Behavior\BuildLiteBehavior [ RunTime:0.000000s ]
INFO: [ app_init ] --END-- [ RunTime:0.000000s ]

[ 2017-07-25T14:38:36+08:00 ] 127.0.0.1 /index.php/Admin/game/addGame
INFO: [ app_init ] --START--
INFO: Run Behavior\BuildLiteBehavior [ RunTime:0.000000s ]
INFO: [ app_init ] --END-- [ RunTime:0.001000s ]

[ 2017-07-25T14:38:36+08:00 ] 127.0.0.1 /index.php/Admin/game/addGame
INFO: [ app_init ] --START--
INFO: Run Behavior\BuildLiteBehavior [ RunTime:0.000000s ]
INFO: [ app_init ] --END-- [ RunTime:0.000000s ]

[ 2017-07-25T14:38:52+08:00 ] 127.0.0.1 /index.php/Admin/game/addGame
INFO: [ app_init ] --START--
INFO: Run Behavior\BuildLiteBehavior [ RunTime:0.000000s ]
INFO: [ app_init ] --END-- [ RunTime:0.001000s ]

[ 2017-07-25T14:38:53+08:00 ] 127.0.0.1 /index.php/Admin/game/addGame
INFO: [ app_init ] --START--
INFO: Run Behavior\BuildLiteBehavior [ RunTime:0.000000s ]
INFO: [ app_init ] --END-- [ RunTime:0.001000s ]

[ 2017-07-25T14:38:53+08:00 ] 127.0.0.1 /index.php/Admin/game/addGame
INFO: [ app_init ] --START--
INFO: Run Behavior\BuildLiteBehavior [ RunTime:0.000000s ]
INFO: [ app_init ] --END-- [ RunTime:0.001000s ]

[ 2017-07-25T14:41:38+08:00 ] 127.0.0.1 /index.php/Admin/game/addGame
INFO: [ app_init ] --START--
INFO: Run Behavior\BuildLiteBehavior [ RunTime:0.000000s ]
INFO: [ app_init ] --END-- [ RunTime:0.001000s ]

[ 2017-07-25T14:41:38+08:00 ] 127.0.0.1 /index.php/Admin/game/addGame
INFO: [ app_init ] --START--
INFO: Run Behavior\BuildLiteBehavior [ RunTime:0.000000s ]
INFO: [ app_init ] --END-- [ RunTime:0.001000s ]

[ 2017-07-25T14:41:52+08:00 ] 127.0.0.1 /index.php/Admin/game/addGame
INFO: [ app_init ] --START--
INFO: Run Behavior\BuildLiteBehavior [ RunTime:0.001000s ]
INFO: [ app_init ] --END-- [ RunTime:0.001000s ]

[ 2017-07-25T14:41:53+08:00 ] 127.0.0.1 /index.php/Admin/game/addGame
INFO: [ app_init ] --START--
INFO: Run Behavior\BuildLiteBehavior [ RunTime:0.000000s ]
INFO: [ app_init ] --END-- [ RunTime:0.001000s ]

[ 2017-07-25T14:41:53+08:00 ] 127.0.0.1 /index.php/Admin/game/addGame
INFO: [ app_init ] --START--
INFO: Run Behavior\BuildLiteBehavior [ RunTime:0.000000s ]
INFO: [ app_init ] --END-- [ RunTime:0.001000s ]

[ 2017-07-25T14:42:54+08:00 ] 127.0.0.1 /index.php/Admin/game/addGame
INFO: [ app_init ] --START--
INFO: Run Behavior\BuildLiteBehavior [ RunTime:0.000000s ]
INFO: [ app_init ] --END-- [ RunTime:0.001000s ]

[ 2017-07-25T14:42:54+08:00 ] 127.0.0.1 /index.php/Admin/game/addGame
INFO: [ app_init ] --START--
INFO: Run Behavior\BuildLiteBehavior [ RunTime:0.000000s ]
INFO: [ app_init ] --END-- [ RunTime:0.001000s ]

[ 2017-07-25T14:43:18+08:00 ] 127.0.0.1 /index.php/Admin/game/addGame
INFO: [ app_init ] --START--
INFO: Run Behavior\BuildLiteBehavior [ RunTime:0.000000s ]
INFO: [ app_init ] --END-- [ RunTime:0.001000s ]

[ 2017-07-25T14:43:18+08:00 ] 127.0.0.1 /index.php/Admin/game/addGame
INFO: [ app_init ] --START--
INFO: Run Behavior\BuildLiteBehavior [ RunTime:0.000000s ]
INFO: [ app_init ] --END-- [ RunTime:0.001000s ]

[ 2017-07-25T14:45:00+08:00 ] 127.0.0.1 /index.php/Admin/game/addGame
INFO: [ app_init ] --START--
INFO: Run Behavior\BuildLiteBehavior [ RunTime:0.000000s ]
INFO: [ app_init ] --END-- [ RunTime:0.001000s ]

[ 2017-07-25T14:45:00+08:00 ] 127.0.0.1 /index.php/Admin/game/addGame
INFO: [ app_init ] --START--
INFO: Run Behavior\BuildLiteBehavior [ RunTime:0.000000s ]
INFO: [ app_init ] --END-- [ RunTime:0.001000s ]

[ 2017-07-25T14:46:19+08:00 ] 127.0.0.1 /index.php/Admin/game/addGame
INFO: [ app_init ] --START--
INFO: Run Behavior\BuildLiteBehavior [ RunTime:0.000000s ]
INFO: [ app_init ] --END-- [ RunTime:0.001000s ]

[ 2017-07-25T14:46:19+08:00 ] 127.0.0.1 /index.php/Admin/game/addGame
INFO: [ app_init ] --START--
INFO: Run Behavior\BuildLiteBehavior [ RunTime:0.000000s ]
INFO: [ app_init ] --END-- [ RunTime:0.001000s ]

[ 2017-07-25T15:11:07+08:00 ] 127.0.0.1 /index.php/Admin/game/addGame
INFO: [ app_init ] --START--
INFO: Run Behavior\BuildLiteBehavior [ RunTime:0.000000s ]
INFO: [ app_init ] --END-- [ RunTime:0.001000s ]

[ 2017-07-25T15:11:07+08:00 ] 127.0.0.1 /index.php/Admin/game/addGame
INFO: [ app_init ] --START--
INFO: Run Behavior\BuildLiteBehavior [ RunTime:0.001000s ]
INFO: [ app_init ] --END-- [ RunTime:0.001000s ]

[ 2017-07-25T15:11:29+08:00 ] 127.0.0.1 /index.php/Admin/game/addGame
INFO: [ app_init ] --START--
INFO: Run Behavior\BuildLiteBehavior [ RunTime:0.000000s ]
INFO: [ app_init ] --END-- [ RunTime:0.001000s ]

[ 2017-07-25T15:11:29+08:00 ] 127.0.0.1 /index.php/Admin/game/addGame
INFO: [ app_init ] --START--
INFO: Run Behavior\BuildLiteBehavior [ RunTime:0.000000s ]
INFO: [ app_init ] --END-- [ RunTime:0.000000s ]

[ 2017-07-25T15:12:35+08:00 ] 127.0.0.1 /index.php/Admin/game/addGame
INFO: [ app_init ] --START--
INFO: Run Behavior\BuildLiteBehavior [ RunTime:0.000000s ]
INFO: [ app_init ] --END-- [ RunTime:0.001000s ]

[ 2017-07-25T15:12:35+08:00 ] 127.0.0.1 /index.php/Admin/game/addGame
INFO: [ app_init ] --START--
INFO: Run Behavior\BuildLiteBehavior [ RunTime:0.000000s ]
INFO: [ app_init ] --END-- [ RunTime:0.001000s ]

[ 2017-07-25T15:15:47+08:00 ] 127.0.0.1 /index.php/Admin/game/addGame
INFO: [ app_init ] --START--
INFO: Run Behavior\BuildLiteBehavior [ RunTime:0.000000s ]
INFO: [ app_init ] --END-- [ RunTime:0.001000s ]

[ 2017-07-25T15:15:47+08:00 ] 127.0.0.1 /index.php/Admin/game/addGame
INFO: [ app_init ] --START--
INFO: Run Behavior\BuildLiteBehavior [ RunTime:0.000000s ]
INFO: [ app_init ] --END-- [ RunTime:0.000000s ]

[ 2017-07-25T15:23:06+08:00 ] 127.0.0.1 /index.php/Admin/game/addGame
INFO: [ app_init ] --START--
INFO: Run Behavior\BuildLiteBehavior [ RunTime:0.000000s ]
INFO: [ app_init ] --END-- [ RunTime:0.000000s ]

[ 2017-07-25T15:23:06+08:00 ] 127.0.0.1 /index.php/Admin/game/addGame
INFO: [ app_init ] --START--
INFO: Run Behavior\BuildLiteBehavior [ RunTime:0.000000s ]
INFO: [ app_init ] --END-- [ RunTime:0.001000s ]

[ 2017-07-25T15:23:58+08:00 ] 127.0.0.1 /index.php/Admin/game/addGame
INFO: [ app_init ] --START--
INFO: Run Behavior\BuildLiteBehavior [ RunTime:0.000000s ]
INFO: [ app_init ] --END-- [ RunTime:0.000000s ]

[ 2017-07-25T15:23:58+08:00 ] 127.0.0.1 /index.php/Admin/game/addGame
INFO: [ app_init ] --START--
INFO: Run Behavior\BuildLiteBehavior [ RunTime:0.000000s ]
INFO: [ app_init ] --END-- [ RunTime:0.001000s ]

[ 2017-07-25T15:24:32+08:00 ] 127.0.0.1 /index.php/Admin/game/addGame
INFO: [ app_init ] --START--
INFO: Run Behavior\BuildLiteBehavior [ RunTime:0.000000s ]
INFO: [ app_init ] --END-- [ RunTime:0.001000s ]

[ 2017-07-25T15:27:29+08:00 ] 127.0.0.1 /index.php/Admin/game/addGame
INFO: [ app_init ] --START--
INFO: Run Behavior\BuildLiteBehavior [ RunTime:0.000000s ]
INFO: [ app_init ] --END-- [ RunTime:0.001000s ]

[ 2017-07-25T15:27:42+08:00 ] 127.0.0.1 /index.php/Admin/game/addGame
INFO: [ app_init ] --START--
INFO: Run Behavior\BuildLiteBehavior [ RunTime:0.000000s ]
INFO: [ app_init ] --END-- [ RunTime:0.001000s ]

[ 2017-07-25T15:27:53+08:00 ] 127.0.0.1 /index.php/Admin/game/addGame
INFO: [ app_init ] --START--
INFO: Run Behavior\BuildLiteBehavior [ RunTime:0.000000s ]
INFO: [ app_init ] --END-- [ RunTime:0.001000s ]

[ 2017-07-25T15:28:05+08:00 ] 127.0.0.1 /index.php/Admin/game/addGame
INFO: [ app_init ] --START--
INFO: Run Behavior\BuildLiteBehavior [ RunTime:0.000000s ]
INFO: [ app_init ] --END-- [ RunTime:0.001000s ]

[ 2017-07-25T15:32:14+08:00 ] 127.0.0.1 /index.php/Admin/game/addGame
INFO: [ app_init ] --START--
INFO: Run Behavior\BuildLiteBehavior [ RunTime:0.000000s ]
INFO: [ app_init ] --END-- [ RunTime:0.001000s ]

[ 2017-07-25T15:32:53+08:00 ] 127.0.0.1 /index.php/Admin/game/addGame
INFO: [ app_init ] --START--
INFO: Run Behavior\BuildLiteBehavior [ RunTime:0.000000s ]
INFO: [ app_init ] --END-- [ RunTime:0.001000s ]

[ 2017-07-25T15:33:04+08:00 ] 127.0.0.1 /
INFO: [ app_init ] --START--
INFO: Run Behavior\BuildLiteBehavior [ RunTime:0.000000s ]
INFO: [ app_init ] --END-- [ RunTime:0.002000s ]

[ 2017-07-25T15:33:04+08:00 ] 127.0.0.1 /index.php/Admin/index/top
INFO: [ app_init ] --START--
INFO: Run Behavior\BuildLiteBehavior [ RunTime:0.000000s ]
INFO: [ app_init ] --END-- [ RunTime:0.002000s ]

[ 2017-07-25T15:33:04+08:00 ] 127.0.0.1 /index.php/Admin/index/menu
INFO: [ app_init ] --START--
INFO: Run Behavior\BuildLiteBehavior [ RunTime:0.000000s ]
INFO: [ app_init ] --END-- [ RunTime:0.006000s ]

[ 2017-07-25T15:33:04+08:00 ] 127.0.0.1 /index.php/Admin/index/main
INFO: [ app_init ] --START--
INFO: Run Behavior\BuildLiteBehavior [ RunTime:0.000000s ]
INFO: [ app_init ] --END-- [ RunTime:0.003001s ]

[ 2017-07-25T15:33:04+08:00 ] 127.0.0.1 /index.php/Admin/index/bar
INFO: [ app_init ] --START--
INFO: Run Behavior\BuildLiteBehavior [ RunTime:0.000000s ]
INFO: [ app_init ] --END-- [ RunTime:0.000000s ]

[ 2017-07-25T15:33:06+08:00 ] 127.0.0.1 /index.php/Admin/game/index
INFO: [ app_init ] --START--
INFO: Run Behavior\BuildLiteBehavior [ RunTime:0.000000s ]
INFO: [ app_init ] --END-- [ RunTime:0.001001s ]

[ 2017-07-25T15:33:06+08:00 ] 127.0.0.1 /index.php/Admin/game/index
INFO: [ app_init ] --START--
INFO: Run Behavior\BuildLiteBehavior [ RunTime:0.000000s ]
INFO: [ app_init ] --END-- [ RunTime:0.001000s ]

[ 2017-07-25T15:33:07+08:00 ] 127.0.0.1 /index.php/Admin/game/addGame
INFO: [ app_init ] --START--
INFO: Run Behavior\BuildLiteBehavior [ RunTime:0.000000s ]
INFO: [ app_init ] --END-- [ RunTime:0.001000s ]

[ 2017-07-25T15:33:27+08:00 ] 127.0.0.1 /index.php/Admin/game/addGame
INFO: [ app_init ] --START--
INFO: Run Behavior\BuildLiteBehavior [ RunTime:0.000000s ]
INFO: [ app_init ] --END-- [ RunTime:0.000000s ]

[ 2017-07-25T15:34:16+08:00 ] 127.0.0.1 /index.php/Admin/game/addGame
INFO: [ app_init ] --START--
INFO: Run Behavior\BuildLiteBehavior [ RunTime:0.000000s ]
INFO: [ app_init ] --END-- [ RunTime:0.001000s ]

[ 2017-07-25T15:35:12+08:00 ] 127.0.0.1 /index.php/Admin/game/addGame
INFO: [ app_init ] --START--
INFO: Run Behavior\BuildLiteBehavior [ RunTime:0.000000s ]
INFO: [ app_init ] --END-- [ RunTime:0.001000s ]

[ 2017-07-25T15:36:15+08:00 ] 127.0.0.1 /index.php/Admin/game/addGame
INFO: [ app_init ] --START--
INFO: Run Behavior\BuildLiteBehavior [ RunTime:0.000000s ]
INFO: [ app_init ] --END-- [ RunTime:0.001000s ]

[ 2017-07-25T15:36:32+08:00 ] 127.0.0.1 /index.php/Admin/game/addGame
INFO: [ app_init ] --START--
INFO: Run Behavior\BuildLiteBehavior [ RunTime:0.000000s ]
INFO: [ app_init ] --END-- [ RunTime:0.001000s ]

[ 2017-07-25T16:13:10+08:00 ] 127.0.0.1 /index.php/Admin/game/addGame
INFO: [ app_init ] --START--
INFO: Run Behavior\BuildLiteBehavior [ RunTime:0.000000s ]
INFO: [ app_init ] --END-- [ RunTime:0.001000s ]

[ 2017-07-25T16:15:20+08:00 ] 127.0.0.1 /index.php/Admin/game/addGame
INFO: [ app_init ] --START--
INFO: Run Behavior\BuildLiteBehavior [ RunTime:0.000000s ]
INFO: [ app_init ] --END-- [ RunTime:0.000000s ]

[ 2017-07-25T16:16:33+08:00 ] 127.0.0.1 /index.php/Admin/game/addGame
INFO: [ app_init ] --START--
INFO: Run Behavior\BuildLiteBehavior [ RunTime:0.000000s ]
INFO: [ app_init ] --END-- [ RunTime:0.001000s ]

[ 2017-07-25T16:16:57+08:00 ] 127.0.0.1 /index.php/Admin/game/addGame
INFO: [ app_init ] --START--
INFO: Run Behavior\BuildLiteBehavior [ RunTime:0.000000s ]
INFO: [ app_init ] --END-- [ RunTime:0.002000s ]

[ 2017-07-25T16:17:49+08:00 ] 127.0.0.1 /index.php/Admin/game/addGame
INFO: [ app_init ] --START--
INFO: Run Behavior\BuildLiteBehavior [ RunTime:0.000000s ]
INFO: [ app_init ] --END-- [ RunTime:0.001000s ]

[ 2017-07-25T16:19:32+08:00 ] 127.0.0.1 /index.php/Admin/game/addGame
INFO: [ app_init ] --START--
INFO: Run Behavior\BuildLiteBehavior [ RunTime:0.000000s ]
INFO: [ app_init ] --END-- [ RunTime:0.001000s ]

[ 2017-07-25T16:22:51+08:00 ] 127.0.0.1 /index.php/Admin/game/addGame
INFO: [ app_init ] --START--
INFO: Run Behavior\BuildLiteBehavior [ RunTime:0.000000s ]
INFO: [ app_init ] --END-- [ RunTime:0.001000s ]

[ 2017-07-25T16:28:02+08:00 ] 127.0.0.1 /index.php/Admin/game/addGame
INFO: [ app_init ] --START--
INFO: Run Behavior\BuildLiteBehavior [ RunTime:0.000000s ]
INFO: [ app_init ] --END-- [ RunTime:0.001000s ]

[ 2017-07-25T16:28:45+08:00 ] 127.0.0.1 /index.php/Admin/game/addGame
INFO: [ app_init ] --START--
INFO: Run Behavior\BuildLiteBehavior [ RunTime:0.000000s ]
INFO: [ app_init ] --END-- [ RunTime:0.001000s ]

[ 2017-07-25T16:31:41+08:00 ] 127.0.0.1 /index.php/Admin/game/addGame
INFO: [ app_init ] --START--
INFO: Run Behavior\BuildLiteBehavior [ RunTime:0.000000s ]
INFO: [ app_init ] --END-- [ RunTime:0.001000s ]

[ 2017-07-25T16:31:44+08:00 ] 127.0.0.1 /index.php/Admin/game/addGame
INFO: [ app_init ] --START--
INFO: Run Behavior\BuildLiteBehavior [ RunTime:0.000000s ]
INFO: [ app_init ] --END-- [ RunTime:0.001000s ]

[ 2017-07-25T16:32:07+08:00 ] 127.0.0.1 /index.php/Admin/game/addGame
INFO: [ app_init ] --START--
INFO: Run Behavior\BuildLiteBehavior [ RunTime:0.000000s ]
INFO: [ app_init ] --END-- [ RunTime:0.000000s ]

[ 2017-07-25T16:33:14+08:00 ] 127.0.0.1 /index.php/Admin/game/addGame
INFO: [ app_init ] --START--
INFO: Run Behavior\BuildLiteBehavior [ RunTime:0.000000s ]
INFO: [ app_init ] --END-- [ RunTime:0.001000s ]

[ 2017-07-25T16:35:21+08:00 ] 127.0.0.1 /index.php/Admin/game/addGame
INFO: [ app_init ] --START--
INFO: Run Behavior\BuildLiteBehavior [ RunTime:0.000000s ]
INFO: [ app_init ] --END-- [ RunTime:0.001000s ]

[ 2017-07-25T16:35:44+08:00 ] 127.0.0.1 /index.php/Admin/game/addGame
INFO: [ app_init ] --START--
INFO: Run Behavior\BuildLiteBehavior [ RunTime:0.000000s ]
INFO: [ app_init ] --END-- [ RunTime:0.001000s ]

[ 2017-07-25T16:35:45+08:00 ] 127.0.0.1 /index.php/Admin/game/addGame
INFO: [ app_init ] --START--
INFO: Run Behavior\BuildLiteBehavior [ RunTime:0.000000s ]
INFO: [ app_init ] --END-- [ RunTime:0.001000s ]

[ 2017-07-25T16:36:24+08:00 ] 127.0.0.1 /index.php/Admin/game/addGame
INFO: [ app_init ] --START--
INFO: Run Behavior\BuildLiteBehavior [ RunTime:0.000000s ]
INFO: [ app_init ] --END-- [ RunTime:0.000000s ]

[ 2017-07-25T16:37:37+08:00 ] 127.0.0.1 /index.php/Admin/game/addGame
INFO: [ app_init ] --START--
INFO: Run Behavior\BuildLiteBehavior [ RunTime:0.000000s ]
INFO: [ app_init ] --END-- [ RunTime:0.001000s ]

[ 2017-07-25T16:39:31+08:00 ] 127.0.0.1 /index.php/Admin/game/addGame
INFO: [ app_init ] --START--
INFO: Run Behavior\BuildLiteBehavior [ RunTime:0.000000s ]
INFO: [ app_init ] --END-- [ RunTime:0.001000s ]

[ 2017-07-25T16:39:51+08:00 ] 127.0.0.1 /index.php/Admin/game/addGame
INFO: [ app_init ] --START--
INFO: Run Behavior\BuildLiteBehavior [ RunTime:0.000000s ]
INFO: [ app_init ] --END-- [ RunTime:0.001000s ]

[ 2017-07-25T16:39:55+08:00 ] 127.0.0.1 /index.php/Admin/game/addGame
INFO: [ app_init ] --START--
INFO: Run Behavior\BuildLiteBehavior [ RunTime:0.000000s ]
INFO: [ app_init ] --END-- [ RunTime:0.001000s ]

[ 2017-07-25T16:40:05+08:00 ] 127.0.0.1 /index.php/Admin/game/addGame
INFO: [ app_init ] --START--
INFO: Run Behavior\BuildLiteBehavior [ RunTime:0.000000s ]
INFO: [ app_init ] --END-- [ RunTime:0.000000s ]

[ 2017-07-25T16:40:30+08:00 ] 127.0.0.1 /index.php/Admin/game/addGame
INFO: [ app_init ] --START--
INFO: Run Behavior\BuildLiteBehavior [ RunTime:0.000000s ]
INFO: [ app_init ] --END-- [ RunTime:0.001000s ]

[ 2017-07-25T16:40:43+08:00 ] 127.0.0.1 /index.php/Admin/game/addGame
INFO: [ app_init ] --START--
INFO: Run Behavior\BuildLiteBehavior [ RunTime:0.000000s ]
INFO: [ app_init ] --END-- [ RunTime:0.001000s ]

[ 2017-07-25T16:42:15+08:00 ] 127.0.0.1 /index.php/Admin/game/addGame
INFO: [ app_init ] --START--
INFO: Run Behavior\BuildLiteBehavior [ RunTime:0.000000s ]
INFO: [ app_init ] --END-- [ RunTime:0.001000s ]

[ 2017-07-25T16:42:27+08:00 ] 127.0.0.1 /index.php/Admin/game/addGame
INFO: [ app_init ] --START--
INFO: Run Behavior\BuildLiteBehavior [ RunTime:0.000000s ]
INFO: [ app_init ] --END-- [ RunTime:0.001000s ]

[ 2017-07-25T16:42:44+08:00 ] 127.0.0.1 /index.php/Admin/game/addGame
INFO: [ app_init ] --START--
INFO: Run Behavior\BuildLiteBehavior [ RunTime:0.000000s ]
INFO: [ app_init ] --END-- [ RunTime:0.001001s ]

[ 2017-07-25T16:43:09+08:00 ] 127.0.0.1 /index.php/Admin/game/addGame
INFO: [ app_init ] --START--
INFO: Run Behavior\BuildLiteBehavior [ RunTime:0.000000s ]
INFO: [ app_init ] --END-- [ RunTime:0.001000s ]

[ 2017-07-25T16:44:17+08:00 ] 127.0.0.1 /index.php/Admin/game/addGame
INFO: [ app_init ] --START--
INFO: Run Behavior\BuildLiteBehavior [ RunTime:0.000000s ]
INFO: [ app_init ] --END-- [ RunTime:0.000000s ]

[ 2017-07-25T16:46:28+08:00 ] 127.0.0.1 /index.php/Admin/game/addGame
INFO: [ app_init ] --START--
INFO: Run Behavior\BuildLiteBehavior [ RunTime:0.000000s ]
INFO: [ app_init ] --END-- [ RunTime:0.001000s ]

[ 2017-07-25T16:46:33+08:00 ] 127.0.0.1 /
INFO: [ app_init ] --START--
INFO: Run Behavior\BuildLiteBehavior [ RunTime:0.000000s ]
INFO: [ app_init ] --END-- [ RunTime:0.001000s ]

[ 2017-07-25T16:46:33+08:00 ] 127.0.0.1 /index.php/Admin/index/top
INFO: [ app_init ] --START--
INFO: Run Behavior\BuildLiteBehavior [ RunTime:0.000000s ]
INFO: [ app_init ] --END-- [ RunTime:0.000000s ]

[ 2017-07-25T16:46:33+08:00 ] 127.0.0.1 /index.php/Admin/index/bar
INFO: [ app_init ] --START--
INFO: Run Behavior\BuildLiteBehavior [ RunTime:0.000000s ]
INFO: [ app_init ] --END-- [ RunTime:0.001000s ]

[ 2017-07-25T16:46:33+08:00 ] 127.0.0.1 /index.php/Admin/index/main
INFO: [ app_init ] --START--
INFO: Run Behavior\BuildLiteBehavior [ RunTime:0.000000s ]
INFO: [ app_init ] --END-- [ RunTime:0.001000s ]

[ 2017-07-25T16:46:33+08:00 ] 127.0.0.1 /index.php/Admin/index/menu
INFO: [ app_init ] --START--
INFO: Run Behavior\BuildLiteBehavior [ RunTime:0.000000s ]
INFO: [ app_init ] --END-- [ RunTime:0.001000s ]

[ 2017-07-25T16:46:35+08:00 ] 127.0.0.1 /index.php/Admin/game/index
INFO: [ app_init ] --START--
INFO: Run Behavior\BuildLiteBehavior [ RunTime:0.000000s ]
INFO: [ app_init ] --END-- [ RunTime:0.001000s ]

[ 2017-07-25T16:46:35+08:00 ] 127.0.0.1 /index.php/Admin/game/index
INFO: [ app_init ] --START--
INFO: Run Behavior\BuildLiteBehavior [ RunTime:0.000000s ]
INFO: [ app_init ] --END-- [ RunTime:0.003000s ]

[ 2017-07-25T16:46:37+08:00 ] 127.0.0.1 /index.php/Admin/game/addGame
INFO: [ app_init ] --START--
INFO: Run Behavior\BuildLiteBehavior [ RunTime:0.000000s ]
INFO: [ app_init ] --END-- [ RunTime:0.001000s ]

[ 2017-07-25T16:47:33+08:00 ] 127.0.0.1 /index.php/Admin/game/addGame
INFO: [ app_init ] --START--
INFO: Run Behavior\BuildLiteBehavior [ RunTime:0.000000s ]
INFO: [ app_init ] --END-- [ RunTime:0.001000s ]

[ 2017-07-25T16:52:04+08:00 ] 127.0.0.1 /index.php/Admin/game/addGame
INFO: [ app_init ] --START--
INFO: Run Behavior\BuildLiteBehavior [ RunTime:0.000000s ]
INFO: [ app_init ] --END-- [ RunTime:0.001000s ]

[ 2017-07-25T16:52:25+08:00 ] 127.0.0.1 /index.php/Admin/game/addGame
INFO: [ app_init ] --START--
INFO: Run Behavior\BuildLiteBehavior [ RunTime:0.000000s ]
INFO: [ app_init ] --END-- [ RunTime:0.001000s ]
ERR: 1062:Duplicate entry '123' for key 'game_name'
 [ SQL语句 ] : INSERT INTO `fy_game` (`game_name`,`game_type`,`game_url`,`game_description`,`game_recommend`,`game_details`,`game_icon`,`game_thumbIcon`,`game_image`,`game_thumbImage`,`game_addTime`) VALUES ('123','动作冒险','123','123','4','...这里直接调用文本编辑器...移除此处的“textarea”即可','20170725/597706c935829.png','mini_597706c935829.png','20170725/597706c93b5ea.jpg;20170725/597706c93c973.png;20170725/597706c93d52b.png','mini_597706c93b5ea.jpg;mini_597706c93c973.png;mini_597706c93d52b.png','2017-07-25 16:52:25')

[ 2017-07-25T16:52:35+08:00 ] 127.0.0.1 /index.php/Admin/game/index
INFO: [ app_init ] --START--
INFO: Run Behavior\BuildLiteBehavior [ RunTime:0.000000s ]
INFO: [ app_init ] --END-- [ RunTime:0.000000s ]

[ 2017-07-25T16:52:35+08:00 ] 127.0.0.1 /index.php/Admin/game/index
INFO: [ app_init ] --START--
INFO: Run Behavior\BuildLiteBehavior [ RunTime:0.000000s ]
INFO: [ app_init ] --END-- [ RunTime:0.001000s ]

[ 2017-07-25T16:52:36+08:00 ] 127.0.0.1 /index.php/Admin/game/addGame
INFO: [ app_init ] --START--
INFO: Run Behavior\BuildLiteBehavior [ RunTime:0.000000s ]
INFO: [ app_init ] --END-- [ RunTime:0.001000s ]

[ 2017-07-25T16:52:51+08:00 ] 127.0.0.1 /index.php/Admin/game/addGame
INFO: [ app_init ] --START--
INFO: Run Behavior\BuildLiteBehavior [ RunTime:0.000000s ]
INFO: [ app_init ] --END-- [ RunTime:0.001000s ]

[ 2017-07-25T16:52:52+08:00 ] 127.0.0.1 /index.php/Admin/game/addGame
INFO: [ app_init ] --START--
INFO: Run Behavior\BuildLiteBehavior [ RunTime:0.000000s ]
INFO: [ app_init ] --END-- [ RunTime:0.002000s ]

[ 2017-07-25T16:53:25+08:00 ] 127.0.0.1 /index.php/Admin/game/addGame
INFO: [ app_init ] --START--
INFO: Run Behavior\BuildLiteBehavior [ RunTime:0.000000s ]
INFO: [ app_init ] --END-- [ RunTime:0.000000s ]

[ 2017-07-25T16:54:10+08:00 ] 127.0.0.1 /index.php/Admin/game/addGame
INFO: [ app_init ] --START--
INFO: Run Behavior\BuildLiteBehavior [ RunTime:0.000000s ]
INFO: [ app_init ] --END-- [ RunTime:0.001000s ]

[ 2017-07-25T16:54:41+08:00 ] 127.0.0.1 /index.php/Admin/game/addGame
INFO: [ app_init ] --START--
INFO: Run Behavior\BuildLiteBehavior [ RunTime:0.000000s ]
INFO: [ app_init ] --END-- [ RunTime:0.001000s ]

[ 2017-07-25T16:55:04+08:00 ] 127.0.0.1 /index.php/Admin/game/addGame
INFO: [ app_init ] --START--
INFO: Run Behavior\BuildLiteBehavior [ RunTime:0.000000s ]
INFO: [ app_init ] --END-- [ RunTime:0.001000s ]

[ 2017-07-25T16:55:05+08:00 ] 127.0.0.1 /index.php/Admin/game/addGame
INFO: [ app_init ] --START--
INFO: Run Behavior\BuildLiteBehavior [ RunTime:0.000000s ]
INFO: [ app_init ] --END-- [ RunTime:0.002001s ]

[ 2017-07-25T16:57:35+08:00 ] 127.0.0.1 /index.php/Admin/game/addGame
INFO: [ app_init ] --START--
INFO: Run Behavior\BuildLiteBehavior [ RunTime:0.000000s ]
INFO: [ app_init ] --END-- [ RunTime:0.001000s ]

[ 2017-07-25T16:58:38+08:00 ] 127.0.0.1 /index.php/Admin/game/addGame
INFO: [ app_init ] --START--
INFO: Run Behavior\BuildLiteBehavior [ RunTime:0.000000s ]
INFO: [ app_init ] --END-- [ RunTime:0.002000s ]

[ 2017-07-25T17:01:12+08:00 ] 127.0.0.1 /index.php/Admin/game/index
INFO: [ app_init ] --START--
INFO: Run Behavior\BuildLiteBehavior [ RunTime:0.000000s ]
INFO: [ app_init ] --END-- [ RunTime:0.001000s ]

[ 2017-07-25T17:01:12+08:00 ] 127.0.0.1 /index.php/Admin/game/index
INFO: [ app_init ] --START--
INFO: Run Behavior\BuildLiteBehavior [ RunTime:0.000000s ]
INFO: [ app_init ] --END-- [ RunTime:0.001000s ]

[ 2017-07-25T17:01:18+08:00 ] 127.0.0.1 /index.php/Admin/game/index
INFO: [ app_init ] --START--
INFO: Run Behavior\BuildLiteBehavior [ RunTime:0.000000s ]
INFO: [ app_init ] --END-- [ RunTime:0.001001s ]

[ 2017-07-25T17:01:18+08:00 ] 127.0.0.1 /index.php/Admin/game/index
INFO: [ app_init ] --START--
INFO: Run Behavior\BuildLiteBehavior [ RunTime:0.000000s ]
INFO: [ app_init ] --END-- [ RunTime:0.001000s ]

[ 2017-07-25T17:01:24+08:00 ] 127.0.0.1 /index.php/Admin/game/index
INFO: [ app_init ] --START--
INFO: Run Behavior\BuildLiteBehavior [ RunTime:0.000000s ]
INFO: [ app_init ] --END-- [ RunTime:0.001000s ]

[ 2017-07-25T17:01:24+08:00 ] 127.0.0.1 /index.php/Admin/game/index
INFO: [ app_init ] --START--
INFO: Run Behavior\BuildLiteBehavior [ RunTime:0.000000s ]
INFO: [ app_init ] --END-- [ RunTime:0.001000s ]

[ 2017-07-25T17:01:25+08:00 ] 127.0.0.1 /index.php/Admin/game/addGame
INFO: [ app_init ] --START--
INFO: Run Behavior\BuildLiteBehavior [ RunTime:0.000000s ]
INFO: [ app_init ] --END-- [ RunTime:0.001000s ]

[ 2017-07-25T17:03:22+08:00 ] 127.0.0.1 /index.php/Admin/game/addGame
INFO: [ app_init ] --START--
INFO: Run Behavior\BuildLiteBehavior [ RunTime:0.000000s ]
INFO: [ app_init ] --END-- [ RunTime:0.002000s ]

[ 2017-07-25T17:03:48+08:00 ] 127.0.0.1 /index.php/Admin/game/addGame
INFO: [ app_init ] --START--
INFO: Run Behavior\BuildLiteBehavior [ RunTime:0.000000s ]
INFO: [ app_init ] --END-- [ RunTime:0.001000s ]

[ 2017-07-25T17:04:33+08:00 ] 127.0.0.1 /index.php/Admin/game/addGame
INFO: [ app_init ] --START--
INFO: Run Behavior\BuildLiteBehavior [ RunTime:0.000000s ]
INFO: [ app_init ] --END-- [ RunTime:0.001000s ]

[ 2017-07-25T17:05:27+08:00 ] 127.0.0.1 /index.php/Admin/game/addGame
INFO: [ app_init ] --START--
INFO: Run Behavior\BuildLiteBehavior [ RunTime:0.000000s ]
INFO: [ app_init ] --END-- [ RunTime:0.001000s ]

[ 2017-07-25T17:05:36+08:00 ] 127.0.0.1 /index.php/Admin/game/addGame
INFO: [ app_init ] --START--
INFO: Run Behavior\BuildLiteBehavior [ RunTime:0.001000s ]
INFO: [ app_init ] --END-- [ RunTime:0.001000s ]

[ 2017-07-25T17:05:57+08:00 ] 127.0.0.1 /index.php/Admin/game/addGame
INFO: [ app_init ] --START--
INFO: Run Behavior\BuildLiteBehavior [ RunTime:0.000000s ]
INFO: [ app_init ] --END-- [ RunTime:0.001000s ]

[ 2017-07-25T17:08:21+08:00 ] 127.0.0.1 /index.php/Admin/game/addGame
INFO: [ app_init ] --START--
INFO: Run Behavior\BuildLiteBehavior [ RunTime:0.000000s ]
INFO: [ app_init ] --END-- [ RunTime:0.000000s ]

[ 2017-07-25T17:08:47+08:00 ] 127.0.0.1 /index.php/Admin/game/addGame
INFO: [ app_init ] --START--
INFO: Run Behavior\BuildLiteBehavior [ RunTime:0.000000s ]
INFO: [ app_init ] --END-- [ RunTime:0.001000s ]

[ 2017-07-25T17:09:01+08:00 ] 127.0.0.1 /index.php/Admin/game/addGame
INFO: [ app_init ] --START--
INFO: Run Behavior\BuildLiteBehavior [ RunTime:0.000000s ]
INFO: [ app_init ] --END-- [ RunTime:0.001000s ]

[ 2017-07-25T17:09:22+08:00 ] 127.0.0.1 /index.php/Admin/game/addGame
INFO: [ app_init ] --START--
INFO: Run Behavior\BuildLiteBehavior [ RunTime:0.000000s ]
INFO: [ app_init ] --END-- [ RunTime:0.001000s ]

[ 2017-07-25T17:09:50+08:00 ] 127.0.0.1 /index.php/Admin/game/addGame
INFO: [ app_init ] --START--
INFO: Run Behavior\BuildLiteBehavior [ RunTime:0.000000s ]
INFO: [ app_init ] --END-- [ RunTime:0.002000s ]

[ 2017-07-25T17:10:24+08:00 ] 127.0.0.1 /index.php/Admin/game/addGame
INFO: [ app_init ] --START--
INFO: Run Behavior\BuildLiteBehavior [ RunTime:0.000000s ]
INFO: [ app_init ] --END-- [ RunTime:0.001000s ]

[ 2017-07-25T17:12:29+08:00 ] 127.0.0.1 /index.php/Admin/game/addGame
INFO: [ app_init ] --START--
INFO: Run Behavior\BuildLiteBehavior [ RunTime:0.000000s ]
INFO: [ app_init ] --END-- [ RunTime:0.001000s ]

[ 2017-07-25T17:16:30+08:00 ] 127.0.0.1 /index.php/Admin/game/addGame
INFO: [ app_init ] --START--
INFO: Run Behavior\BuildLiteBehavior [ RunTime:0.000000s ]
INFO: [ app_init ] --END-- [ RunTime:0.001000s ]

[ 2017-07-25T17:17:13+08:00 ] 127.0.0.1 /index.php/Admin/game/addGame
INFO: [ app_init ] --START--
INFO: Run Behavior\BuildLiteBehavior [ RunTime:0.000000s ]
INFO: [ app_init ] --END-- [ RunTime:0.000000s ]

[ 2017-07-25T17:18:41+08:00 ] 127.0.0.1 /index.php/Admin/game/addGame
INFO: [ app_init ] --START--
INFO: Run Behavior\BuildLiteBehavior [ RunTime:0.001000s ]
INFO: [ app_init ] --END-- [ RunTime:0.002000s ]

[ 2017-07-25T17:20:37+08:00 ] 127.0.0.1 /index.php/Admin/game/addGame
INFO: [ app_init ] --START--
INFO: Run Behavior\BuildLiteBehavior [ RunTime:0.000000s ]
INFO: [ app_init ] --END-- [ RunTime:0.001000s ]

[ 2017-07-25T17:23:15+08:00 ] 127.0.0.1 /index.php/Admin/game/addGame
INFO: [ app_init ] --START--
INFO: Run Behavior\BuildLiteBehavior [ RunTime:0.000000s ]
INFO: [ app_init ] --END-- [ RunTime:0.001000s ]

[ 2017-07-25T17:23:58+08:00 ] 127.0.0.1 /
INFO: [ app_init ] --START--
INFO: Run Behavior\BuildLiteBehavior [ RunTime:0.000000s ]
INFO: [ app_init ] --END-- [ RunTime:0.001000s ]

[ 2017-07-25T17:23:58+08:00 ] 127.0.0.1 /index.php/Admin/index/top
INFO: [ app_init ] --START--
INFO: Run Behavior\BuildLiteBehavior [ RunTime:0.000000s ]
INFO: [ app_init ] --END-- [ RunTime:0.001000s ]

[ 2017-07-25T17:23:58+08:00 ] 127.0.0.1 /index.php/Admin/index/menu
INFO: [ app_init ] --START--
INFO: Run Behavior\BuildLiteBehavior [ RunTime:0.000000s ]
INFO: [ app_init ] --END-- [ RunTime:0.001000s ]

[ 2017-07-25T17:23:58+08:00 ] 127.0.0.1 /index.php/Admin/index/main
INFO: [ app_init ] --START--
INFO: Run Behavior\BuildLiteBehavior [ RunTime:0.000000s ]
INFO: [ app_init ] --END-- [ RunTime:0.001000s ]

[ 2017-07-25T17:23:58+08:00 ] 127.0.0.1 /index.php/Admin/index/bar
INFO: [ app_init ] --START--
INFO: Run Behavior\BuildLiteBehavior [ RunTime:0.000000s ]
INFO: [ app_init ] --END-- [ RunTime:0.000000s ]

[ 2017-07-25T17:24:03+08:00 ] 127.0.0.1 /index.php/Admin/game/index
INFO: [ app_init ] --START--
INFO: Run Behavior\BuildLiteBehavior [ RunTime:0.000000s ]
INFO: [ app_init ] --END-- [ RunTime:0.000000s ]

[ 2017-07-25T17:24:03+08:00 ] 127.0.0.1 /index.php/Admin/game/index
INFO: [ app_init ] --START--
INFO: Run Behavior\BuildLiteBehavior [ RunTime:0.000000s ]
INFO: [ app_init ] --END-- [ RunTime:0.000000s ]

[ 2017-07-25T17:24:04+08:00 ] 127.0.0.1 /index.php/Admin/game/addGame
INFO: [ app_init ] --START--
INFO: Run Behavior\BuildLiteBehavior [ RunTime:0.000000s ]
INFO: [ app_init ] --END-- [ RunTime:0.001000s ]

[ 2017-07-25T17:29:50+08:00 ] 127.0.0.1 /
INFO: [ app_init ] --START--
INFO: Run Behavior\BuildLiteBehavior [ RunTime:0.000000s ]
INFO: [ app_init ] --END-- [ RunTime:0.001000s ]

[ 2017-07-25T17:29:50+08:00 ] 127.0.0.1 /index.php/Admin/index/top
INFO: [ app_init ] --START--
INFO: Run Behavior\BuildLiteBehavior [ RunTime:0.000000s ]
INFO: [ app_init ] --END-- [ RunTime:0.000000s ]

[ 2017-07-25T17:29:50+08:00 ] 127.0.0.1 /index.php/Admin/index/menu
INFO: [ app_init ] --START--
INFO: Run Behavior\BuildLiteBehavior [ RunTime:0.000000s ]
INFO: [ app_init ] --END-- [ RunTime:0.000000s ]

[ 2017-07-25T17:29:50+08:00 ] 127.0.0.1 /index.php/Admin/index/bar
INFO: [ app_init ] --START--
INFO: Run Behavior\BuildLiteBehavior [ RunTime:0.000000s ]
INFO: [ app_init ] --END-- [ RunTime:0.000000s ]

[ 2017-07-25T17:29:50+08:00 ] 127.0.0.1 /index.php/Admin/index/main
INFO: [ app_init ] --START--
INFO: Run Behavior\BuildLiteBehavior [ RunTime:0.000000s ]
INFO: [ app_init ] --END-- [ RunTime:0.000000s ]

[ 2017-07-25T17:29:51+08:00 ] 127.0.0.1 /
INFO: [ app_init ] --START--
INFO: Run Behavior\BuildLiteBehavior [ RunTime:0.000000s ]
INFO: [ app_init ] --END-- [ RunTime:0.001000s ]

[ 2017-07-25T17:29:51+08:00 ] 127.0.0.1 /index.php/Admin/index/menu
INFO: [ app_init ] --START--
INFO: Run Behavior\BuildLiteBehavior [ RunTime:0.000000s ]
INFO: [ app_init ] --END-- [ RunTime:0.001000s ]

[ 2017-07-25T17:29:51+08:00 ] 127.0.0.1 /index.php/Admin/index/bar
INFO: [ app_init ] --START--
INFO: Run Behavior\BuildLiteBehavior [ RunTime:0.000000s ]
INFO: [ app_init ] --END-- [ RunTime:0.001000s ]

[ 2017-07-25T17:29:51+08:00 ] 127.0.0.1 /index.php/Admin/index/main
INFO: [ app_init ] --START--
INFO: Run Behavior\BuildLiteBehavior [ RunTime:0.000000s ]
INFO: [ app_init ] --END-- [ RunTime:0.000000s ]

[ 2017-07-25T17:29:51+08:00 ] 127.0.0.1 /index.php/Admin/index/top
INFO: [ app_init ] --START--
INFO: Run Behavior\BuildLiteBehavior [ RunTime:0.000000s ]
INFO: [ app_init ] --END-- [ RunTime:0.001000s ]

[ 2017-07-25T17:29:55+08:00 ] 127.0.0.1 /index.php/Admin/game/index
INFO: [ app_init ] --START--
INFO: Run Behavior\BuildLiteBehavior [ RunTime:0.000000s ]
INFO: [ app_init ] --END-- [ RunTime:0.001000s ]

[ 2017-07-25T17:29:55+08:00 ] 127.0.0.1 /index.php/Admin/game/index
INFO: [ app_init ] --START--
INFO: Run Behavior\BuildLiteBehavior [ RunTime:0.000000s ]
INFO: [ app_init ] --END-- [ RunTime:0.001000s ]

[ 2017-07-25T17:29:58+08:00 ] 127.0.0.1 /index.php/Admin/game/addGame
INFO: [ app_init ] --START--
INFO: Run Behavior\BuildLiteBehavior [ RunTime:0.000000s ]
INFO: [ app_init ] --END-- [ RunTime:0.000000s ]

[ 2017-07-25T17:30:03+08:00 ] 127.0.0.1 /
INFO: [ app_init ] --START--
INFO: Run Behavior\BuildLiteBehavior [ RunTime:0.000000s ]
INFO: [ app_init ] --END-- [ RunTime:0.000000s ]

[ 2017-07-25T17:30:03+08:00 ] 127.0.0.1 /index.php/Admin/index/top
INFO: [ app_init ] --START--
INFO: Run Behavior\BuildLiteBehavior [ RunTime:0.000000s ]
INFO: [ app_init ] --END-- [ RunTime:0.020001s ]

[ 2017-07-25T17:30:03+08:00 ] 127.0.0.1 /index.php/Admin/index/bar
INFO: [ app_init ] --START--
INFO: Run Behavior\BuildLiteBehavior [ RunTime:0.000000s ]
INFO: [ app_init ] --END-- [ RunTime:0.002000s ]

[ 2017-07-25T17:30:03+08:00 ] 127.0.0.1 /index.php/Admin/index/menu
INFO: [ app_init ] --START--
INFO: Run Behavior\BuildLiteBehavior [ RunTime:0.000000s ]
INFO: [ app_init ] --END-- [ RunTime:0.001000s ]

[ 2017-07-25T17:30:03+08:00 ] 127.0.0.1 /index.php/Admin/index/main
INFO: [ app_init ] --START--
INFO: Run Behavior\BuildLiteBehavior [ RunTime:0.000000s ]
INFO: [ app_init ] --END-- [ RunTime:0.005000s ]

[ 2017-07-25T17:30:07+08:00 ] 127.0.0.1 /
INFO: [ app_init ] --START--
INFO: Run Behavior\BuildLiteBehavior [ RunTime:0.000000s ]
INFO: [ app_init ] --END-- [ RunTime:0.000000s ]

[ 2017-07-25T17:30:07+08:00 ] 127.0.0.1 /index.php/Admin/index/top
INFO: [ app_init ] --START--
INFO: Run Behavior\BuildLiteBehavior [ RunTime:0.000000s ]
INFO: [ app_init ] --END-- [ RunTime:0.001000s ]

[ 2017-07-25T17:30:07+08:00 ] 127.0.0.1 /index.php/Admin/index/menu
INFO: [ app_init ] --START--
INFO: Run Behavior\BuildLiteBehavior [ RunTime:0.000000s ]
INFO: [ app_init ] --END-- [ RunTime:0.001000s ]

[ 2017-07-25T17:30:07+08:00 ] 127.0.0.1 /index.php/Admin/index/main
INFO: [ app_init ] --START--
INFO: Run Behavior\BuildLiteBehavior [ RunTime:0.000000s ]
INFO: [ app_init ] --END-- [ RunTime:0.001000s ]

[ 2017-07-25T17:30:07+08:00 ] 127.0.0.1 /index.php/Admin/index/bar
INFO: [ app_init ] --START--
INFO: Run Behavior\BuildLiteBehavior [ RunTime:0.000000s ]
INFO: [ app_init ] --END-- [ RunTime:0.001000s ]

[ 2017-07-25T17:30:08+08:00 ] 127.0.0.1 /index.php/Admin/game/index
INFO: [ app_init ] --START--
INFO: Run Behavior\BuildLiteBehavior [ RunTime:0.000000s ]
INFO: [ app_init ] --END-- [ RunTime:0.002000s ]

[ 2017-07-25T17:30:10+08:00 ] 127.0.0.1 /index.php/Admin/game/addGame
INFO: [ app_init ] --START--
INFO: Run Behavior\BuildLiteBehavior [ RunTime:0.000000s ]
INFO: [ app_init ] --END-- [ RunTime:0.001000s ]

[ 2017-07-25T17:33:36+08:00 ] 127.0.0.1 /
INFO: [ app_init ] --START--
INFO: Run Behavior\BuildLiteBehavior [ RunTime:0.000000s ]
INFO: [ app_init ] --END-- [ RunTime:0.001000s ]

[ 2017-07-25T17:33:36+08:00 ] 127.0.0.1 /index.php/Admin/index/top
INFO: [ app_init ] --START--
INFO: Run Behavior\BuildLiteBehavior [ RunTime:0.000000s ]
INFO: [ app_init ] --END-- [ RunTime:0.001001s ]

[ 2017-07-25T17:33:36+08:00 ] 127.0.0.1 /index.php/Admin/index/main
INFO: [ app_init ] --START--
INFO: Run Behavior\BuildLiteBehavior [ RunTime:0.000000s ]
INFO: [ app_init ] --END-- [ RunTime:0.001000s ]

[ 2017-07-25T17:33:36+08:00 ] 127.0.0.1 /index.php/Admin/index/menu
INFO: [ app_init ] --START--
INFO: Run Behavior\BuildLiteBehavior [ RunTime:0.000000s ]
INFO: [ app_init ] --END-- [ RunTime:0.001000s ]

[ 2017-07-25T17:33:36+08:00 ] 127.0.0.1 /index.php/Admin/index/bar
INFO: [ app_init ] --START--
INFO: Run Behavior\BuildLiteBehavior [ RunTime:0.000000s ]
INFO: [ app_init ] --END-- [ RunTime:0.001000s ]

[ 2017-07-25T17:33:38+08:00 ] 127.0.0.1 /index.php/Admin/game/index
INFO: [ app_init ] --START--
INFO: Run Behavior\BuildLiteBehavior [ RunTime:0.000000s ]
INFO: [ app_init ] --END-- [ RunTime:0.001001s ]

[ 2017-07-25T17:33:38+08:00 ] 127.0.0.1 /index.php/Admin/game/index
INFO: [ app_init ] --START--
INFO: Run Behavior\BuildLiteBehavior [ RunTime:0.000000s ]
INFO: [ app_init ] --END-- [ RunTime:0.000000s ]

[ 2017-07-25T17:33:39+08:00 ] 127.0.0.1 /index.php/Admin/game/addGame
INFO: [ app_init ] --START--
INFO: Run Behavior\BuildLiteBehavior [ RunTime:0.000000s ]
INFO: [ app_init ] --END-- [ RunTime:0.001000s ]

[ 2017-07-25T17:34:45+08:00 ] 127.0.0.1 /index.php/Admin/game/addGame
INFO: [ app_init ] --START--
INFO: Run Behavior\BuildLiteBehavior [ RunTime:0.000000s ]
INFO: [ app_init ] --END-- [ RunTime:0.001000s ]

[ 2017-07-25T17:34:45+08:00 ] 127.0.0.1 /index.php/Admin/game/123
INFO: [ app_init ] --START--
INFO: Run Behavior\BuildLiteBehavior [ RunTime:0.000000s ]
INFO: [ app_init ] --END-- [ RunTime:0.001000s ]
ERR: 非法操作:123

[ 2017-07-25T17:39:03+08:00 ] 127.0.0.1 /index.php/Admin/game/addGame
INFO: [ app_init ] --START--
INFO: Run Behavior\BuildLiteBehavior [ RunTime:0.000000s ]
INFO: [ app_init ] --END-- [ RunTime:0.001000s ]

[ 2017-07-25T17:43:22+08:00 ] 127.0.0.1 /index.php/Admin/game/addGame
INFO: [ app_init ] --START--
INFO: Run Behavior\BuildLiteBehavior [ RunTime:0.000000s ]
INFO: [ app_init ] --END-- [ RunTime:0.000000s ]

[ 2017-07-25T17:44:57+08:00 ] 127.0.0.1 /index.php/Admin/game/addGame
INFO: [ app_init ] --START--
INFO: Run Behavior\BuildLiteBehavior [ RunTime:0.000000s ]
INFO: [ app_init ] --END-- [ RunTime:0.000000s ]

[ 2017-07-25T17:45:25+08:00 ] 127.0.0.1 /index.php/Admin/game/addGame
INFO: [ app_init ] --START--
INFO: Run Behavior\BuildLiteBehavior [ RunTime:0.000000s ]
INFO: [ app_init ] --END-- [ RunTime:0.001000s ]

[ 2017-07-25T17:46:58+08:00 ] 127.0.0.1 /index.php/Admin/game/addGame
INFO: [ app_init ] --START--
INFO: Run Behavior\BuildLiteBehavior [ RunTime:0.000000s ]
INFO: [ app_init ] --END-- [ RunTime:0.001000s ]

[ 2017-07-25T17:47:07+08:00 ] 127.0.0.1 /index.php/Admin/game/addGame
INFO: [ app_init ] --START--
INFO: Run Behavior\BuildLiteBehavior [ RunTime:0.000000s ]
INFO: [ app_init ] --END-- [ RunTime:0.002000s ]

[ 2017-07-25T17:47:24+08:00 ] 127.0.0.1 /index.php/Admin/game/addGame
INFO: [ app_init ] --START--
INFO: Run Behavior\BuildLiteBehavior [ RunTime:0.000000s ]
INFO: [ app_init ] --END-- [ RunTime:0.001000s ]

[ 2017-07-25T17:47:43+08:00 ] 127.0.0.1 /index.php/Admin/game/addGame
INFO: [ app_init ] --START--
INFO: Run Behavior\BuildLiteBehavior [ RunTime:0.000000s ]
INFO: [ app_init ] --END-- [ RunTime:0.001000s ]

[ 2017-07-25T17:51:09+08:00 ] 127.0.0.1 /index.php/Admin/game/addGame
INFO: [ app_init ] --START--
INFO: Run Behavior\BuildLiteBehavior [ RunTime:0.000000s ]
INFO: [ app_init ] --END-- [ RunTime:0.000000s ]

[ 2017-07-25T17:51:29+08:00 ] 127.0.0.1 /index.php/Admin/game/index
INFO: [ app_init ] --START--
INFO: Run Behavior\BuildLiteBehavior [ RunTime:0.000000s ]
INFO: [ app_init ] --END-- [ RunTime:0.001000s ]

[ 2017-07-25T17:51:29+08:00 ] 127.0.0.1 /index.php/Admin/game/index
INFO: [ app_init ] --START--
INFO: Run Behavior\BuildLiteBehavior [ RunTime:0.000000s ]
INFO: [ app_init ] --END-- [ RunTime:0.001000s ]

[ 2017-07-25T17:51:34+08:00 ] 127.0.0.1 /index.php/Admin/game/addGame
INFO: [ app_init ] --START--
INFO: Run Behavior\BuildLiteBehavior [ RunTime:0.000000s ]
INFO: [ app_init ] --END-- [ RunTime:0.001000s ]

[ 2017-07-25T17:51:36+08:00 ] 127.0.0.1 /index.php/Admin/game/addGame
INFO: [ app_init ] --START--
INFO: Run Behavior\BuildLiteBehavior [ RunTime:0.000000s ]
INFO: [ app_init ] --END-- [ RunTime:0.001000s ]

[ 2017-07-25T17:51:49+08:00 ] 127.0.0.1 /index.php/Admin/game/index
INFO: [ app_init ] --START--
INFO: Run Behavior\BuildLiteBehavior [ RunTime:0.000000s ]
INFO: [ app_init ] --END-- [ RunTime:0.002001s ]

[ 2017-07-25T17:51:50+08:00 ] 127.0.0.1 /index.php/Admin/game/index
INFO: [ app_init ] --START--
INFO: Run Behavior\BuildLiteBehavior [ RunTime:0.000000s ]
INFO: [ app_init ] --END-- [ RunTime:0.000000s ]

[ 2017-07-25T17:51:53+08:00 ] 127.0.0.1 /index.php/Admin/game/index
INFO: [ app_init ] --START--
INFO: Run Behavior\BuildLiteBehavior [ RunTime:0.000000s ]
INFO: [ app_init ] --END-- [ RunTime:0.001001s ]

[ 2017-07-25T17:51:53+08:00 ] 127.0.0.1 /index.php/Admin/game/index
INFO: [ app_init ] --START--
INFO: Run Behavior\BuildLiteBehavior [ RunTime:0.000000s ]
INFO: [ app_init ] --END-- [ RunTime:0.001000s ]

[ 2017-07-25T17:55:27+08:00 ] 127.0.0.1 /index.php/Admin/game/index
INFO: [ app_init ] --START--
INFO: Run Behavior\BuildLiteBehavior [ RunTime:0.000000s ]
INFO: [ app_init ] --END-- [ RunTime:0.002000s ]

[ 2017-07-25T17:55:27+08:00 ] 127.0.0.1 /index.php/Admin/game/index
INFO: [ app_init ] --START--
INFO: Run Behavior\BuildLiteBehavior [ RunTime:0.000000s ]
INFO: [ app_init ] --END-- [ RunTime:0.001000s ]

[ 2017-07-25T17:55:52+08:00 ] 127.0.0.1 /index.php/Admin/game/index
INFO: [ app_init ] --START--
INFO: Run Behavior\BuildLiteBehavior [ RunTime:0.000000s ]
INFO: [ app_init ] --END-- [ RunTime:0.002000s ]

[ 2017-07-25T17:55:52+08:00 ] 127.0.0.1 /index.php/Admin/game/index
INFO: [ app_init ] --START--
INFO: Run Behavior\BuildLiteBehavior [ RunTime:0.000000s ]
INFO: [ app_init ] --END-- [ RunTime:0.000000s ]

[ 2017-07-25T17:56:35+08:00 ] 127.0.0.1 /index.php/Admin/game/index
INFO: [ app_init ] --START--
INFO: Run Behavior\BuildLiteBehavior [ RunTime:0.000000s ]
INFO: [ app_init ] --END-- [ RunTime:0.001000s ]

[ 2017-07-25T17:56:35+08:00 ] 127.0.0.1 /index.php/Admin/game/index
INFO: [ app_init ] --START--
INFO: Run Behavior\BuildLiteBehavior [ RunTime:0.000000s ]
INFO: [ app_init ] --END-- [ RunTime:0.000000s ]

[ 2017-07-25T17:57:02+08:00 ] 127.0.0.1 /index.php/Admin/game/index
INFO: [ app_init ] --START--
INFO: Run Behavior\BuildLiteBehavior [ RunTime:0.000000s ]
INFO: [ app_init ] --END-- [ RunTime:0.001000s ]

[ 2017-07-25T17:57:02+08:00 ] 127.0.0.1 /index.php/Admin/game/index
INFO: [ app_init ] --START--
INFO: Run Behavior\BuildLiteBehavior [ RunTime:0.000000s ]
INFO: [ app_init ] --END-- [ RunTime:0.001001s ]

[ 2017-07-25T17:59:14+08:00 ] 127.0.0.1 /index.php/Admin/game/index
INFO: [ app_init ] --START--
INFO: Run Behavior\BuildLiteBehavior [ RunTime:0.000000s ]
INFO: [ app_init ] --END-- [ RunTime:0.001000s ]

[ 2017-07-25T18:00:53+08:00 ] 127.0.0.1 /index.php/Admin/game/index
INFO: [ app_init ] --START--
INFO: Run Behavior\BuildLiteBehavior [ RunTime:0.000000s ]
INFO: [ app_init ] --END-- [ RunTime:0.001000s ]

[ 2017-07-25T18:11:17+08:00 ] 127.0.0.1 /index.php/Admin/game/index
INFO: [ app_init ] --START--
INFO: Run Behavior\BuildLiteBehavior [ RunTime:0.000000s ]
INFO: [ app_init ] --END-- [ RunTime:0.001000s ]

[ 2017-07-25T18:11:19+08:00 ] 127.0.0.1 /index.php/Admin/game/index
INFO: [ app_init ] --START--
INFO: Run Behavior\BuildLiteBehavior [ RunTime:0.000000s ]
INFO: [ app_init ] --END-- [ RunTime:0.000000s ]

[ 2017-07-25T18:14:48+08:00 ] 127.0.0.1 /index.php/Admin/game/index
INFO: [ app_init ] --START--
INFO: Run Behavior\BuildLiteBehavior [ RunTime:0.000000s ]
INFO: [ app_init ] --END-- [ RunTime:0.001000s ]

[ 2017-07-25T18:14:51+08:00 ] 127.0.0.1 /index.php/Admin/game/index
INFO: [ app_init ] --START--
INFO: Run Behavior\BuildLiteBehavior [ RunTime:0.000000s ]
INFO: [ app_init ] --END-- [ RunTime:0.001000s ]

[ 2017-07-25T18:17:37+08:00 ] 127.0.0.1 /index.php/Admin/game/index
INFO: [ app_init ] --START--
INFO: Run Behavior\BuildLiteBehavior [ RunTime:0.000000s ]
INFO: [ app_init ] --END-- [ RunTime:0.001000s ]

[ 2017-07-25T18:17:39+08:00 ] 127.0.0.1 /index.php/Admin/game/index
INFO: [ app_init ] --START--
INFO: Run Behavior\BuildLiteBehavior [ RunTime:0.000000s ]
INFO: [ app_init ] --END-- [ RunTime:0.000000s ]

[ 2017-07-25T18:17:40+08:00 ] 127.0.0.1 /
INFO: [ app_init ] --START--
INFO: Run Behavior\BuildLiteBehavior [ RunTime:0.000000s ]
INFO: [ app_init ] --END-- [ RunTime:0.000000s ]

[ 2017-07-25T18:17:40+08:00 ] 127.0.0.1 /index.php/Admin/index/top
INFO: [ app_init ] --START--
INFO: Run Behavior\BuildLiteBehavior [ RunTime:0.000000s ]
INFO: [ app_init ] --END-- [ RunTime:0.000000s ]

[ 2017-07-25T18:17:40+08:00 ] 127.0.0.1 /index.php/Admin/index/bar
INFO: [ app_init ] --START--
INFO: Run Behavior\BuildLiteBehavior [ RunTime:0.000000s ]
INFO: [ app_init ] --END-- [ RunTime:0.001000s ]

[ 2017-07-25T18:17:40+08:00 ] 127.0.0.1 /index.php/Admin/index/main
INFO: [ app_init ] --START--
INFO: Run Behavior\BuildLiteBehavior [ RunTime:0.000000s ]
INFO: [ app_init ] --END-- [ RunTime:0.000000s ]

[ 2017-07-25T18:17:40+08:00 ] 127.0.0.1 /index.php/Admin/index/menu
INFO: [ app_init ] --START--
INFO: Run Behavior\BuildLiteBehavior [ RunTime:0.000000s ]
INFO: [ app_init ] --END-- [ RunTime:0.001000s ]

[ 2017-07-25T18:17:42+08:00 ] 127.0.0.1 /index.php/Admin/game/index
INFO: [ app_init ] --START--
INFO: Run Behavior\BuildLiteBehavior [ RunTime:0.000000s ]
INFO: [ app_init ] --END-- [ RunTime:0.001000s ]

[ 2017-07-25T18:18:02+08:00 ] 127.0.0.1 /index.php/Admin/game/index
INFO: [ app_init ] --START--
INFO: Run Behavior\BuildLiteBehavior [ RunTime:0.000000s ]
INFO: [ app_init ] --END-- [ RunTime:0.001000s ]

[ 2017-07-25T18:18:03+08:00 ] 127.0.0.1 /index.php/Admin/game/index
INFO: [ app_init ] --START--
INFO: Run Behavior\BuildLiteBehavior [ RunTime:0.000000s ]
INFO: [ app_init ] --END-- [ RunTime:0.001000s ]

[ 2017-07-25T18:22:58+08:00 ] 127.0.0.1 /index.php/Admin/game/index
INFO: [ app_init ] --START--
INFO: Run Behavior\BuildLiteBehavior [ RunTime:0.001000s ]
INFO: [ app_init ] --END-- [ RunTime:0.001000s ]

[ 2017-07-25T18:22:58+08:00 ] 127.0.0.1 /index.php/Admin/game/__Uploads__/gameIcon/thumb/
INFO: [ app_init ] --START--
INFO: Run Behavior\BuildLiteBehavior [ RunTime:0.000000s ]
INFO: [ app_init ] --END-- [ RunTime:0.001000s ]
ERR: 非法操作:__Uploads__

[ 2017-07-25T18:23:49+08:00 ] 127.0.0.1 /index.php/Admin/game/index
INFO: [ app_init ] --START--
INFO: Run Behavior\BuildLiteBehavior [ RunTime:0.000000s ]
INFO: [ app_init ] --END-- [ RunTime:0.001000s ]

[ 2017-07-25T18:23:49+08:00 ] 127.0.0.1 /index.php/Admin/game/__Uploads__/gameIcon/thumb/$v['game_thumbIcon']
INFO: [ app_init ] --START--
INFO: Run Behavior\BuildLiteBehavior [ RunTime:0.000000s ]
INFO: [ app_init ] --END-- [ RunTime:0.001000s ]
ERR: 非法操作:__Uploads__

[ 2017-07-25T18:24:06+08:00 ] 127.0.0.1 /
INFO: [ app_init ] --START--
INFO: Run Behavior\BuildLiteBehavior [ RunTime:0.000000s ]
INFO: [ app_init ] --END-- [ RunTime:0.000000s ]

[ 2017-07-25T18:24:06+08:00 ] 127.0.0.1 /index.php/Admin/index/top
INFO: [ app_init ] --START--
INFO: Run Behavior\BuildLiteBehavior [ RunTime:0.000000s ]
INFO: [ app_init ] --END-- [ RunTime:0.001000s ]

[ 2017-07-25T18:24:06+08:00 ] 127.0.0.1 /index.php/Admin/index/main
INFO: [ app_init ] --START--
INFO: Run Behavior\BuildLiteBehavior [ RunTime:0.000000s ]
INFO: [ app_init ] --END-- [ RunTime:0.001000s ]

[ 2017-07-25T18:24:06+08:00 ] 127.0.0.1 /index.php/Admin/index/menu
INFO: [ app_init ] --START--
INFO: Run Behavior\BuildLiteBehavior [ RunTime:0.000000s ]
INFO: [ app_init ] --END-- [ RunTime:0.000000s ]

[ 2017-07-25T18:24:06+08:00 ] 127.0.0.1 /index.php/Admin/index/bar
INFO: [ app_init ] --START--
INFO: Run Behavior\BuildLiteBehavior [ RunTime:0.000000s ]
INFO: [ app_init ] --END-- [ RunTime:0.000000s ]

[ 2017-07-25T18:24:09+08:00 ] 127.0.0.1 /index.php/Admin/game/index
INFO: [ app_init ] --START--
INFO: Run Behavior\BuildLiteBehavior [ RunTime:0.000000s ]
INFO: [ app_init ] --END-- [ RunTime:0.000000s ]

[ 2017-07-25T18:24:09+08:00 ] 127.0.0.1 /index.php/Admin/game/__Uploads__/gameIcon/thumb/
INFO: [ app_init ] --START--
INFO: Run Behavior\BuildLiteBehavior [ RunTime:0.000000s ]
INFO: [ app_init ] --END-- [ RunTime:0.000000s ]
ERR: 非法操作:__Uploads__

[ 2017-07-25T18:24:47+08:00 ] 127.0.0.1 /index.php/Admin/game/index
INFO: [ app_init ] --START--
INFO: Run Behavior\BuildLiteBehavior [ RunTime:0.000000s ]
INFO: [ app_init ] --END-- [ RunTime:0.001000s ]

[ 2017-07-25T18:24:47+08:00 ] 127.0.0.1 /index.php/Admin/game/__Uploads__/gameIcon/thumb/
INFO: [ app_init ] --START--
INFO: Run Behavior\BuildLiteBehavior [ RunTime:0.000000s ]
INFO: [ app_init ] --END-- [ RunTime:0.001000s ]
ERR: 非法操作:__Uploads__

[ 2017-07-25T18:26:49+08:00 ] 127.0.0.1 /index.php/Admin/game/index
INFO: [ app_init ] --START--
INFO: Run Behavior\BuildLiteBehavior [ RunTime:0.000000s ]
INFO: [ app_init ] --END-- [ RunTime:0.000000s ]

[ 2017-07-25T18:26:49+08:00 ] 127.0.0.1 /index.php/Admin/game/__Uploads__/gameIcon/thumb/
INFO: [ app_init ] --START--
INFO: Run Behavior\BuildLiteBehavior [ RunTime:0.000000s ]
INFO: [ app_init ] --END-- [ RunTime:0.000000s ]
ERR: 非法操作:__Uploads__

[ 2017-07-25T18:36:01+08:00 ] 127.0.0.1 /index.php/Admin/game/index
INFO: [ app_init ] --START--
INFO: Run Behavior\BuildLiteBehavior [ RunTime:0.000000s ]
INFO: [ app_init ] --END-- [ RunTime:0.001000s ]

[ 2017-07-25T18:36:02+08:00 ] 127.0.0.1 /index.php/Admin/game/__Uploads__/gameIcon/thumb/
INFO: [ app_init ] --START--
INFO: Run Behavior\BuildLiteBehavior [ RunTime:0.000000s ]
INFO: [ app_init ] --END-- [ RunTime:0.001000s ]
ERR: 非法操作:__Uploads__

[ 2017-07-25T18:36:25+08:00 ] 127.0.0.1 /index.php/Admin/game/index
INFO: [ app_init ] --START--
INFO: Run Behavior\BuildLiteBehavior [ RunTime:0.000000s ]
INFO: [ app_init ] --END-- [ RunTime:0.002000s ]

[ 2017-07-25T18:36:25+08:00 ] 127.0.0.1 /index.php/Admin/game/__Uploads__/gameIcon/thumb/
INFO: [ app_init ] --START--
INFO: Run Behavior\BuildLiteBehavior [ RunTime:0.000000s ]
INFO: [ app_init ] --END-- [ RunTime:0.000000s ]
ERR: 非法操作:__Uploads__

[ 2017-07-25T18:36:52+08:00 ] 127.0.0.1 /index.php/Admin/game/index
INFO: [ app_init ] --START--
INFO: Run Behavior\BuildLiteBehavior [ RunTime:0.000000s ]
INFO: [ app_init ] --END-- [ RunTime:0.000000s ]

[ 2017-07-25T18:36:53+08:00 ] 127.0.0.1 /index.php/Admin/game/__Uploads__/gameIcon/thumb/
INFO: [ app_init ] --START--
INFO: Run Behavior\BuildLiteBehavior [ RunTime:0.000000s ]
INFO: [ app_init ] --END-- [ RunTime:0.001000s ]
ERR: 非法操作:__Uploads__

[ 2017-07-25T18:36:59+08:00 ] 127.0.0.1 /index.php/Admin/game/index
INFO: [ app_init ] --START--
INFO: Run Behavior\BuildLiteBehavior [ RunTime:0.000000s ]
INFO: [ app_init ] --END-- [ RunTime:0.001000s ]

[ 2017-07-25T18:36:59+08:00 ] 127.0.0.1 /index.php/Admin/game/__Uploads__/gameIcon/thumb/
INFO: [ app_init ] --START--
INFO: Run Behavior\BuildLiteBehavior [ RunTime:0.001000s ]
INFO: [ app_init ] --END-- [ RunTime:0.001000s ]
ERR: 非法操作:__Uploads__

[ 2017-07-25T18:37:17+08:00 ] 127.0.0.1 /index.php/Admin/game/index
INFO: [ app_init ] --START--
INFO: Run Behavior\BuildLiteBehavior [ RunTime:0.000000s ]
INFO: [ app_init ] --END-- [ RunTime:0.001000s ]

[ 2017-07-25T18:37:17+08:00 ] 127.0.0.1 /index.php/Admin/game/__Uploads__/gameIcon/thumb/
INFO: [ app_init ] --START--
INFO: Run Behavior\BuildLiteBehavior [ RunTime:0.000000s ]
INFO: [ app_init ] --END-- [ RunTime:0.001000s ]
ERR: 非法操作:__Uploads__

[ 2017-07-25T18:37:19+08:00 ] 127.0.0.1 /index.php/Admin/game/index
INFO: [ app_init ] --START--
INFO: Run Behavior\BuildLiteBehavior [ RunTime:0.000000s ]
INFO: [ app_init ] --END-- [ RunTime:0.001000s ]

[ 2017-07-25T18:37:19+08:00 ] 127.0.0.1 /index.php/Admin/game/__Uploads__/gameIcon/thumb/
INFO: [ app_init ] --START--
INFO: Run Behavior\BuildLiteBehavior [ RunTime:0.000000s ]
INFO: [ app_init ] --END-- [ RunTime:0.001000s ]
ERR: 非法操作:__Uploads__

[ 2017-07-25T18:37:22+08:00 ] 127.0.0.1 /index.php/Admin/game/index
INFO: [ app_init ] --START--
INFO: Run Behavior\BuildLiteBehavior [ RunTime:0.001000s ]
INFO: [ app_init ] --END-- [ RunTime:0.001000s ]

[ 2017-07-25T18:37:22+08:00 ] 127.0.0.1 /index.php/Admin/game/__Uploads__/gameIcon/thumb/
INFO: [ app_init ] --START--
INFO: Run Behavior\BuildLiteBehavior [ RunTime:0.000000s ]
INFO: [ app_init ] --END-- [ RunTime:0.000000s ]
ERR: 非法操作:__Uploads__

[ 2017-07-25T18:38:27+08:00 ] 127.0.0.1 /
INFO: [ app_init ] --START--
INFO: Run Behavior\BuildLiteBehavior [ RunTime:0.000000s ]
INFO: [ app_init ] --END-- [ RunTime:0.000000s ]

[ 2017-07-25T18:38:27+08:00 ] 127.0.0.1 /index.php/Admin/index/top
INFO: [ app_init ] --START--
INFO: Run Behavior\BuildLiteBehavior [ RunTime:0.000000s ]
INFO: [ app_init ] --END-- [ RunTime:0.000000s ]

[ 2017-07-25T18:38:27+08:00 ] 127.0.0.1 /index.php/Admin/index/menu
INFO: [ app_init ] --START--
INFO: Run Behavior\BuildLiteBehavior [ RunTime:0.000000s ]
INFO: [ app_init ] --END-- [ RunTime:0.001000s ]

[ 2017-07-25T18:38:27+08:00 ] 127.0.0.1 /index.php/Admin/index/main
INFO: [ app_init ] --START--
INFO: Run Behavior\BuildLiteBehavior [ RunTime:0.000000s ]
INFO: [ app_init ] --END-- [ RunTime:0.001000s ]

[ 2017-07-25T18:38:27+08:00 ] 127.0.0.1 /index.php/Admin/index/bar
INFO: [ app_init ] --START--
INFO: Run Behavior\BuildLiteBehavior [ RunTime:0.000000s ]
INFO: [ app_init ] --END-- [ RunTime:0.001000s ]

[ 2017-07-25T18:38:29+08:00 ] 127.0.0.1 /index.php/Admin/game/index
INFO: [ app_init ] --START--
INFO: Run Behavior\BuildLiteBehavior [ RunTime:0.000000s ]
INFO: [ app_init ] --END-- [ RunTime:0.001000s ]

